FCN8(
  (pool3): Sequential(
    (0): Conv2d(3, 64, kernel_size=(3, 3), stride=(1, 1), padding=(1, 1))
    (1): ReLU(inplace=True)
    (2): Conv2d(64, 64, kernel_size=(3, 3), stride=(1, 1), padding=(1, 1))
    (3): ReLU(inplace=True)
    (4): MaxPool2d(kernel_size=2, stride=2, padding=0, dilation=1, ceil_mode=False)
    (5): Conv2d(64, 128, kernel_size=(3, 3), stride=(1, 1), padding=(1, 1))
    (6): ReLU(inplace=True)
    (7): Conv2d(128, 128, kernel_size=(3, 3), stride=(1, 1), padding=(1, 1))
    (8): ReLU(inplace=True)
    (9): MaxPool2d(kernel_size=2, stride=2, padding=0, dilation=1, ceil_mode=False)
    (10): Conv2d(128, 256, kernel_size=(3, 3), stride=(1, 1), padding=(1, 1))
    (11): ReLU(inplace=True)
    (12): Conv2d(256, 256, kernel_size=(3, 3), stride=(1, 1), padding=(1, 1))
    (13): ReLU(inplace=True)
    (14): Conv2d(256, 256, kernel_size=(3, 3), stride=(1, 1), padding=(1, 1))
    (15): ReLU(inplace=True)
    (16): MaxPool2d(kernel_size=2, stride=2, padding=0, dilation=1, ceil_mode=False)
  )
  (pool4): Sequential(
    (17): Conv2d(256, 512, kernel_size=(3, 3), stride=(1, 1), padding=(1, 1))
    (18): ReLU(inplace=True)
    (19): Conv2d(512, 512, kernel_size=(3, 3), stride=(1, 1), padding=(1, 1))
    (20): ReLU(inplace=True)
    (21): Conv2d(512, 512, kernel_size=(3, 3), stride=(1, 1), padding=(1, 1))
    (22): ReLU(inplace=True)
    (23): MaxPool2d(kernel_size=2, stride=2, padding=0, dilation=1, ceil_mode=False)
  )
  (pool5): Sequential(
    (24): Conv2d(512, 512, kernel_size=(3, 3), stride=(1, 1), padding=(1, 1))
    (25): ReLU(inplace=True)
    (26): Conv2d(512, 512, kernel_size=(3, 3), stride=(1, 1), padding=(1, 1))
    (27): ReLU(inplace=True)
    (28): Conv2d(512, 512, kernel_size=(3, 3), stride=(1, 1), padding=(1, 1))
    (29): ReLU(inplace=True)
    (30): MaxPool2d(kernel_size=2, stride=2, padding=0, dilation=1, ceil_mode=False)
  )
  (upconv4): Sequential(
    (0): ConvTranspose2d(512, 512, kernel_size=(3, 3), stride=(2, 2), padding=(1, 1), output_padding=(1, 1))
    (1): LeakyReLU(negative_slope=0.01)
    (2): Dropout2d(p=0.5, inplace=False)
  )
  (upconv3): Sequential(
    (0): ConvTranspose2d(512, 256, kernel_size=(3, 3), stride=(2, 2), padding=(1, 1), output_padding=(1, 1))
    (1): LeakyReLU(negative_slope=0.01)
    (2): Dropout2d(p=0.5, inplace=False)
  )
  (upconv): Sequential(
    (0): ConvTranspose2d(256, 128, kernel_size=(3, 3), stride=(2, 2), padding=(1, 1), output_padding=(1, 1))
    (1): LeakyReLU(negative_slope=0.01)
    (2): Dropout2d(p=0.5, inplace=False)
    (3): ConvTranspose2d(128, 64, kernel_size=(3, 3), stride=(2, 2), padding=(1, 1), output_padding=(1, 1))
    (4): LeakyReLU(negative_slope=0.01)
    (5): Dropout2d(p=0.5, inplace=False)
    (6): ConvTranspose2d(64, 32, kernel_size=(3, 3), stride=(2, 2), padding=(1, 1), output_padding=(1, 1))
    (7): LeakyReLU(negative_slope=0.01)
    (8): Dropout2d(p=0.5, inplace=False)
    (9): Conv2d(32, 21, kernel_size=(1, 1), stride=(1, 1))
  )
)
Criterion: CrossEntropyLoss()
Optimizer: Adam (
Parameter Group 0
    amsgrad: False
    betas: (0.9, 0.999)
    eps: 1e-08
    lr: 0.0001
    weight_decay: 1e-05
)
Learning Rate: 0.0001
Weight Decay: 1e-05
Batch Size: 4
Epochs: 200
-----------------------
Epoch:1, Loss:1.9428 Val set: Average loss: 0.0218, Accuracy: 36725/50176 (73%)
Epoch:2, Loss:1.1381 Val set: Average loss: 0.0199, Accuracy: 36725/50176 (73%)
Epoch:3, Loss:1.0786 Val set: Average loss: 0.0191, Accuracy: 36725/50176 (73%)
Epoch:4, Loss:1.0142 Val set: Average loss: 0.0183, Accuracy: 36745/50176 (73%)
Epoch:5, Loss:0.8050 Val set: Average loss: 0.0182, Accuracy: 36676/50176 (73%)
Epoch:6, Loss:0.6485 Val set: Average loss: 0.0177, Accuracy: 36557/50176 (73%)
Epoch:7, Loss:0.5819 Val set: Average loss: 0.0167, Accuracy: 37448/50176 (75%)
Epoch:8, Loss:0.5803 Val set: Average loss: 0.0162, Accuracy: 37928/50176 (76%)
Epoch:9, Loss:0.5926 Val set: Average loss: 0.0156, Accuracy: 38051/50176 (76%)
Epoch:10, Loss:0.5283 Val set: Average loss: 0.0156, Accuracy: 38067/50176 (76%)
Epoch:11, Loss:0.4467 Val set: Average loss: 0.0152, Accuracy: 38470/50176 (77%)
Epoch:12, Loss:0.4496 Val set: Average loss: 0.0173, Accuracy: 36783/50176 (73%)
Epoch:13, Loss:0.3440 Val set: Average loss: 0.0174, Accuracy: 37046/50176 (74%)
Epoch:14, Loss:0.3411 Val set: Average loss: 0.0174, Accuracy: 37662/50176 (75%)
Epoch:15, Loss:0.5104 Val set: Average loss: 0.0172, Accuracy: 38614/50176 (77%)
Epoch:16, Loss:0.4386 Val set: Average loss: 0.0175, Accuracy: 38744/50176 (77%)
Epoch:17, Loss:0.3468 Val set: Average loss: 0.0166, Accuracy: 38837/50176 (77%)
Epoch:18, Loss:0.2419 Val set: Average loss: 0.0168, Accuracy: 39058/50176 (78%)
Epoch:19, Loss:0.2582 Val set: Average loss: 0.0168, Accuracy: 38496/50176 (77%)
Epoch:20, Loss:0.2782 Val set: Average loss: 0.0163, Accuracy: 38044/50176 (76%)
Epoch:21, Loss:0.2203 Val set: Average loss: 0.0159, Accuracy: 38785/50176 (77%)
Epoch:22, Loss:0.1678 Val set: Average loss: 0.0161, Accuracy: 39090/50176 (78%)
Epoch:23, Loss:0.1564 Val set: Average loss: 0.0163, Accuracy: 38864/50176 (77%)
Epoch:24, Loss:0.3961 Val set: Average loss: 0.0175, Accuracy: 36952/50176 (74%)
Epoch:25, Loss:0.1357 Val set: Average loss: 0.0161, Accuracy: 38859/50176 (77%)
Epoch:26, Loss:0.1132 Val set: Average loss: 0.0178, Accuracy: 39281/50176 (78%)
Epoch:27, Loss:0.1229 Val set: Average loss: 0.0168, Accuracy: 39168/50176 (78%)
Epoch:28, Loss:0.1059 Val set: Average loss: 0.0177, Accuracy: 39195/50176 (78%)
Epoch:29, Loss:0.1113 Val set: Average loss: 0.0209, Accuracy: 39582/50176 (79%)
Epoch:30, Loss:0.1272 Val set: Average loss: 0.0182, Accuracy: 39152/50176 (78%)
Epoch:31, Loss:0.0950 Val set: Average loss: 0.0201, Accuracy: 39433/50176 (79%)
Epoch:32, Loss:0.0699 Val set: Average loss: 0.0223, Accuracy: 40059/50176 (80%)
Epoch:33, Loss:0.0646 Val set: Average loss: 0.0259, Accuracy: 39924/50176 (80%)
Epoch:34, Loss:0.0615 Val set: Average loss: 0.0232, Accuracy: 40022/50176 (80%)
Epoch:35, Loss:0.0782 Val set: Average loss: 0.0202, Accuracy: 39643/50176 (79%)
Epoch:36, Loss:0.1002 Val set: Average loss: 0.0231, Accuracy: 39572/50176 (79%)
Epoch:37, Loss:0.0806 Val set: Average loss: 0.0241, Accuracy: 39281/50176 (78%)
Epoch:38, Loss:0.1285 Val set: Average loss: 0.0203, Accuracy: 37496/50176 (75%)
Epoch:39, Loss:0.1194 Val set: Average loss: 0.0207, Accuracy: 38731/50176 (77%)
Epoch:40, Loss:0.1512 Val set: Average loss: 0.0217, Accuracy: 38897/50176 (78%)
Epoch:41, Loss:0.0697 Val set: Average loss: 0.0201, Accuracy: 38964/50176 (78%)
Epoch:42, Loss:0.1702 Val set: Average loss: 0.0199, Accuracy: 38879/50176 (77%)
Epoch:43, Loss:0.0682 Val set: Average loss: 0.0193, Accuracy: 39584/50176 (79%)
Epoch:44, Loss:0.0552 Val set: Average loss: 0.0204, Accuracy: 39948/50176 (80%)
Epoch:45, Loss:0.2408 Val set: Average loss: 0.0191, Accuracy: 38709/50176 (77%)
Epoch:46, Loss:0.0712 Val set: Average loss: 0.0201, Accuracy: 39809/50176 (79%)
Epoch:47, Loss:0.0782 Val set: Average loss: 0.0202, Accuracy: 39378/50176 (78%)
Epoch:48, Loss:0.0547 Val set: Average loss: 0.0231, Accuracy: 39691/50176 (79%)
Epoch:49, Loss:0.0501 Val set: Average loss: 0.0218, Accuracy: 39797/50176 (79%)
Epoch:50, Loss:0.0468 Val set: Average loss: 0.0223, Accuracy: 39929/50176 (80%)
Epoch:51, Loss:0.0546 Val set: Average loss: 0.0214, Accuracy: 39811/50176 (79%)
Epoch:52, Loss:0.0560 Val set: Average loss: 0.0278, Accuracy: 39847/50176 (79%)
Epoch:53, Loss:0.2531 Val set: Average loss: 0.0193, Accuracy: 38775/50176 (77%)
Epoch:54, Loss:0.1432 Val set: Average loss: 0.0163, Accuracy: 38649/50176 (77%)
Epoch:55, Loss:0.1010 Val set: Average loss: 0.0196, Accuracy: 39441/50176 (79%)
Epoch:56, Loss:0.0464 Val set: Average loss: 0.0211, Accuracy: 39870/50176 (79%)
Epoch:57, Loss:0.0402 Val set: Average loss: 0.0222, Accuracy: 40014/50176 (80%)
Epoch:58, Loss:0.0386 Val set: Average loss: 0.0244, Accuracy: 40059/50176 (80%)
Epoch:59, Loss:0.0469 Val set: Average loss: 0.0243, Accuracy: 40090/50176 (80%)
Epoch:60, Loss:0.1043 Val set: Average loss: 0.0204, Accuracy: 38783/50176 (77%)
Epoch:61, Loss:0.0497 Val set: Average loss: 0.0204, Accuracy: 39733/50176 (79%)
Epoch:62, Loss:0.0371 Val set: Average loss: 0.0213, Accuracy: 40400/50176 (81%)
Epoch:63, Loss:0.0515 Val set: Average loss: 0.0245, Accuracy: 39996/50176 (80%)
Epoch:64, Loss:0.0360 Val set: Average loss: 0.0258, Accuracy: 40246/50176 (80%)
Epoch:65, Loss:0.0309 Val set: Average loss: 0.0272, Accuracy: 40284/50176 (80%)
Epoch:66, Loss:0.0313 Val set: Average loss: 0.0275, Accuracy: 40257/50176 (80%)
Epoch:67, Loss:0.0458 Val set: Average loss: 0.0253, Accuracy: 39994/50176 (80%)
Epoch:68, Loss:0.0995 Val set: Average loss: 0.0192, Accuracy: 38875/50176 (77%)
Epoch:69, Loss:0.0689 Val set: Average loss: 0.0227, Accuracy: 40181/50176 (80%)
Epoch:70, Loss:0.0473 Val set: Average loss: 0.0248, Accuracy: 40259/50176 (80%)
Epoch:71, Loss:0.0381 Val set: Average loss: 0.0269, Accuracy: 40343/50176 (80%)
Epoch:72, Loss:0.0319 Val set: Average loss: 0.0279, Accuracy: 40324/50176 (80%)
Epoch:73, Loss:0.0281 Val set: Average loss: 0.0301, Accuracy: 40271/50176 (80%)
Epoch:74, Loss:0.0264 Val set: Average loss: 0.0296, Accuracy: 40305/50176 (80%)
Epoch:75, Loss:0.0389 Val set: Average loss: 0.0259, Accuracy: 40139/50176 (80%)
Epoch:76, Loss:0.2414 Val set: Average loss: 0.0193, Accuracy: 38459/50176 (77%)
Epoch:77, Loss:0.0418 Val set: Average loss: 0.0221, Accuracy: 39795/50176 (79%)
Epoch:78, Loss:0.0333 Val set: Average loss: 0.0236, Accuracy: 39980/50176 (80%)
Epoch:79, Loss:0.0284 Val set: Average loss: 0.0271, Accuracy: 40081/50176 (80%)
Epoch:80, Loss:0.0265 Val set: Average loss: 0.0289, Accuracy: 40196/50176 (80%)
Epoch:81, Loss:0.0243 Val set: Average loss: 0.0300, Accuracy: 40240/50176 (80%)
Epoch:82, Loss:0.0241 Val set: Average loss: 0.0313, Accuracy: 40183/50176 (80%)
Epoch:83, Loss:0.0277 Val set: Average loss: 0.0294, Accuracy: 40012/50176 (80%)
Epoch:84, Loss:0.0264 Val set: Average loss: 0.0237, Accuracy: 39689/50176 (79%)
Epoch:85, Loss:0.1983 Val set: Average loss: 0.0175, Accuracy: 38748/50176 (77%)
Epoch:86, Loss:0.0463 Val set: Average loss: 0.0204, Accuracy: 39779/50176 (79%)
Epoch:87, Loss:0.0313 Val set: Average loss: 0.0217, Accuracy: 40260/50176 (80%)
Epoch:88, Loss:0.0266 Val set: Average loss: 0.0241, Accuracy: 40364/50176 (80%)
Epoch:89, Loss:0.0230 Val set: Average loss: 0.0271, Accuracy: 40507/50176 (81%)
Epoch:90, Loss:0.0210 Val set: Average loss: 0.0291, Accuracy: 40512/50176 (81%)
Epoch:91, Loss:0.0196 Val set: Average loss: 0.0302, Accuracy: 40478/50176 (81%)
Epoch:92, Loss:0.0207 Val set: Average loss: 0.0291, Accuracy: 40430/50176 (81%)
Epoch:93, Loss:0.0248 Val set: Average loss: 0.0257, Accuracy: 39913/50176 (80%)
Epoch:94, Loss:0.0236 Val set: Average loss: 0.0259, Accuracy: 39842/50176 (79%)
Epoch:95, Loss:0.0260 Val set: Average loss: 0.0258, Accuracy: 40306/50176 (80%)
Epoch:96, Loss:0.0530 Val set: Average loss: 0.0217, Accuracy: 39964/50176 (80%)
Epoch:97, Loss:0.0496 Val set: Average loss: 0.0243, Accuracy: 39710/50176 (79%)
Epoch:98, Loss:0.0310 Val set: Average loss: 0.0283, Accuracy: 40541/50176 (81%)
Epoch:99, Loss:0.0235 Val set: Average loss: 0.0273, Accuracy: 40401/50176 (81%)
Epoch:100, Loss:0.0490 Val set: Average loss: 0.0264, Accuracy: 40104/50176 (80%)
Epoch:101, Loss:0.0582 Val set: Average loss: 0.0217, Accuracy: 39990/50176 (80%)
Epoch:102, Loss:0.0338 Val set: Average loss: 0.0251, Accuracy: 40613/50176 (81%)
Epoch:103, Loss:0.0256 Val set: Average loss: 0.0268, Accuracy: 40457/50176 (81%)
Epoch:104, Loss:0.0221 Val set: Average loss: 0.0279, Accuracy: 40580/50176 (81%)
Epoch:105, Loss:0.0202 Val set: Average loss: 0.0308, Accuracy: 40586/50176 (81%)
Epoch:106, Loss:0.0219 Val set: Average loss: 0.0309, Accuracy: 40552/50176 (81%)
Epoch:107, Loss:0.0273 Val set: Average loss: 0.0314, Accuracy: 40412/50176 (81%)
Epoch:108, Loss:0.0240 Val set: Average loss: 0.0267, Accuracy: 40330/50176 (80%)
Epoch:109, Loss:0.0242 Val set: Average loss: 0.0216, Accuracy: 39768/50176 (79%)
Epoch:110, Loss:0.0506 Val set: Average loss: 0.0264, Accuracy: 40153/50176 (80%)
Epoch:111, Loss:0.0320 Val set: Average loss: 0.0234, Accuracy: 40296/50176 (80%)
Epoch:112, Loss:0.0940 Val set: Average loss: 0.0181, Accuracy: 38911/50176 (78%)
Epoch:113, Loss:0.0401 Val set: Average loss: 0.0200, Accuracy: 39906/50176 (80%)
Epoch:114, Loss:0.0372 Val set: Average loss: 0.0212, Accuracy: 40314/50176 (80%)
Epoch:115, Loss:0.0311 Val set: Average loss: 0.0200, Accuracy: 39838/50176 (79%)
Epoch:116, Loss:0.0206 Val set: Average loss: 0.0250, Accuracy: 40664/50176 (81%)
Epoch:117, Loss:0.0181 Val set: Average loss: 0.0280, Accuracy: 40708/50176 (81%)
Epoch:118, Loss:0.0164 Val set: Average loss: 0.0297, Accuracy: 40705/50176 (81%)
Epoch:119, Loss:0.0158 Val set: Average loss: 0.0309, Accuracy: 40693/50176 (81%)
Epoch:120, Loss:0.0168 Val set: Average loss: 0.0310, Accuracy: 40618/50176 (81%)
Epoch:121, Loss:0.0213 Val set: Average loss: 0.0271, Accuracy: 40620/50176 (81%)
Epoch:122, Loss:0.0221 Val set: Average loss: 0.0272, Accuracy: 40203/50176 (80%)
Epoch:123, Loss:0.0277 Val set: Average loss: 0.0238, Accuracy: 39766/50176 (79%)
Epoch:124, Loss:0.0322 Val set: Average loss: 0.0234, Accuracy: 40487/50176 (81%)
Epoch:125, Loss:0.0363 Val set: Average loss: 0.0205, Accuracy: 39923/50176 (80%)
Epoch:126, Loss:0.0285 Val set: Average loss: 0.0246, Accuracy: 40314/50176 (80%)
Epoch:127, Loss:0.0196 Val set: Average loss: 0.0248, Accuracy: 40356/50176 (80%)
Epoch:128, Loss:0.0170 Val set: Average loss: 0.0275, Accuracy: 40310/50176 (80%)
Epoch:129, Loss:0.0154 Val set: Average loss: 0.0296, Accuracy: 40307/50176 (80%)
Epoch:130, Loss:0.0145 Val set: Average loss: 0.0308, Accuracy: 40339/50176 (80%)
Epoch:131, Loss:0.0166 Val set: Average loss: 0.0308, Accuracy: 40293/50176 (80%)
Epoch:132, Loss:0.0308 Val set: Average loss: 0.0290, Accuracy: 40175/50176 (80%)
Epoch:133, Loss:0.0186 Val set: Average loss: 0.0261, Accuracy: 40074/50176 (80%)
Epoch:134, Loss:0.1595 Val set: Average loss: 0.0200, Accuracy: 37862/50176 (75%)
Epoch:135, Loss:0.0501 Val set: Average loss: 0.0175, Accuracy: 40110/50176 (80%)
Epoch:136, Loss:0.5603 Val set: Average loss: 0.0215, Accuracy: 40067/50176 (80%)
Epoch:137, Loss:0.0875 Val set: Average loss: 0.0239, Accuracy: 40438/50176 (81%)
Epoch:138, Loss:0.1078 Val set: Average loss: 0.0255, Accuracy: 40233/50176 (80%)
Epoch:139, Loss:0.0241 Val set: Average loss: 0.0281, Accuracy: 40300/50176 (80%)
Epoch:140, Loss:0.0199 Val set: Average loss: 0.0302, Accuracy: 40333/50176 (80%)
Epoch:141, Loss:0.0171 Val set: Average loss: 0.0330, Accuracy: 40383/50176 (80%)
Epoch:142, Loss:0.0145 Val set: Average loss: 0.0331, Accuracy: 40432/50176 (81%)
Epoch:143, Loss:0.0168 Val set: Average loss: 0.0302, Accuracy: 40383/50176 (80%)
Epoch:144, Loss:0.0194 Val set: Average loss: 0.0258, Accuracy: 40080/50176 (80%)
Epoch:145, Loss:0.0210 Val set: Average loss: 0.0259, Accuracy: 40171/50176 (80%)
Epoch:146, Loss:0.0395 Val set: Average loss: 0.0312, Accuracy: 40015/50176 (80%)
Epoch:147, Loss:0.0362 Val set: Average loss: 0.0200, Accuracy: 40053/50176 (80%)
Epoch:148, Loss:0.0319 Val set: Average loss: 0.0227, Accuracy: 40295/50176 (80%)
Epoch:149, Loss:0.0353 Val set: Average loss: 0.0241, Accuracy: 40214/50176 (80%)
Epoch:150, Loss:0.0499 Val set: Average loss: 0.0219, Accuracy: 39936/50176 (80%)
Epoch:151, Loss:0.0248 Val set: Average loss: 0.0217, Accuracy: 40021/50176 (80%)
Epoch:152, Loss:0.0336 Val set: Average loss: 0.0174, Accuracy: 39667/50176 (79%)
Epoch:153, Loss:0.0324 Val set: Average loss: 0.0218, Accuracy: 39886/50176 (79%)
Epoch:154, Loss:0.0243 Val set: Average loss: 0.0211, Accuracy: 39668/50176 (79%)
Epoch:155, Loss:0.0168 Val set: Average loss: 0.0224, Accuracy: 40217/50176 (80%)
Epoch:156, Loss:0.0232 Val set: Average loss: 0.0204, Accuracy: 39699/50176 (79%)
Epoch:157, Loss:0.0182 Val set: Average loss: 0.0243, Accuracy: 40059/50176 (80%)
Epoch:158, Loss:0.0200 Val set: Average loss: 0.0237, Accuracy: 39944/50176 (80%)
Epoch:159, Loss:0.0143 Val set: Average loss: 0.0226, Accuracy: 39909/50176 (80%)
Epoch:160, Loss:0.2552 Val set: Average loss: 0.0212, Accuracy: 37401/50176 (75%)
Epoch:161, Loss:0.0662 Val set: Average loss: 0.0182, Accuracy: 39010/50176 (78%)
Epoch:162, Loss:0.0345 Val set: Average loss: 0.0192, Accuracy: 39226/50176 (78%)
Epoch:163, Loss:0.0222 Val set: Average loss: 0.0241, Accuracy: 40168/50176 (80%)
Epoch:164, Loss:0.0208 Val set: Average loss: 0.0263, Accuracy: 40114/50176 (80%)
Epoch:165, Loss:0.0179 Val set: Average loss: 0.0288, Accuracy: 40358/50176 (80%)
Epoch:166, Loss:0.0156 Val set: Average loss: 0.0309, Accuracy: 40387/50176 (80%)
Epoch:167, Loss:0.0160 Val set: Average loss: 0.0336, Accuracy: 40321/50176 (80%)
Epoch:168, Loss:0.0165 Val set: Average loss: 0.0300, Accuracy: 40173/50176 (80%)
Epoch:169, Loss:0.0205 Val set: Average loss: 0.0225, Accuracy: 40144/50176 (80%)
Epoch:170, Loss:0.0293 Val set: Average loss: 0.0214, Accuracy: 39611/50176 (79%)
Epoch:171, Loss:0.0148 Val set: Average loss: 0.0240, Accuracy: 40166/50176 (80%)
Epoch:172, Loss:0.0773 Val set: Average loss: 0.0210, Accuracy: 39064/50176 (78%)
Epoch:173, Loss:0.0314 Val set: Average loss: 0.0220, Accuracy: 40221/50176 (80%)
Epoch:174, Loss:0.0216 Val set: Average loss: 0.0270, Accuracy: 40511/50176 (81%)
Epoch:175, Loss:0.0173 Val set: Average loss: 0.0302, Accuracy: 40487/50176 (81%)
Epoch:176, Loss:0.0140 Val set: Average loss: 0.0327, Accuracy: 40516/50176 (81%)
Epoch:177, Loss:0.0120 Val set: Average loss: 0.0349, Accuracy: 40534/50176 (81%)
Epoch:178, Loss:0.0112 Val set: Average loss: 0.0369, Accuracy: 40548/50176 (81%)
Epoch:179, Loss:0.0111 Val set: Average loss: 0.0372, Accuracy: 40462/50176 (81%)
Epoch:180, Loss:0.0139 Val set: Average loss: 0.0289, Accuracy: 40365/50176 (80%)
Epoch:181, Loss:0.0155 Val set: Average loss: 0.0269, Accuracy: 40142/50176 (80%)
Epoch:182, Loss:0.0228 Val set: Average loss: 0.0219, Accuracy: 39807/50176 (79%)
Epoch:183, Loss:0.0170 Val set: Average loss: 0.0220, Accuracy: 40261/50176 (80%)
Epoch:184, Loss:0.0871 Val set: Average loss: 0.0201, Accuracy: 38127/50176 (76%)
Epoch:185, Loss:0.0246 Val set: Average loss: 0.0249, Accuracy: 40510/50176 (81%)
Epoch:186, Loss:0.1452 Val set: Average loss: 0.0199, Accuracy: 38590/50176 (77%)
Epoch:187, Loss:0.0275 Val set: Average loss: 0.0237, Accuracy: 40127/50176 (80%)
Epoch:188, Loss:0.0201 Val set: Average loss: 0.0240, Accuracy: 40356/50176 (80%)
Epoch:189, Loss:0.0150 Val set: Average loss: 0.0283, Accuracy: 40552/50176 (81%)
Epoch:190, Loss:0.0129 Val set: Average loss: 0.0313, Accuracy: 40567/50176 (81%)
Epoch:191, Loss:0.0115 Val set: Average loss: 0.0340, Accuracy: 40572/50176 (81%)
Epoch:192, Loss:0.0105 Val set: Average loss: 0.0360, Accuracy: 40589/50176 (81%)
Epoch:193, Loss:0.0098 Val set: Average loss: 0.0377, Accuracy: 40601/50176 (81%)
Epoch:194, Loss:0.0111 Val set: Average loss: 0.0335, Accuracy: 40568/50176 (81%)
Epoch:195, Loss:0.0125 Val set: Average loss: 0.0320, Accuracy: 40500/50176 (81%)
Epoch:196, Loss:0.0128 Val set: Average loss: 0.0316, Accuracy: 40546/50176 (81%)
Epoch:197, Loss:0.0257 Val set: Average loss: 0.0233, Accuracy: 40011/50176 (80%)
Epoch:198, Loss:0.1536 Val set: Average loss: 0.0223, Accuracy: 39769/50176 (79%)
Epoch:199, Loss:0.0569 Val set: Average loss: 0.0288, Accuracy: 39833/50176 (79%)
Epoch:200, Loss:0.0203 Val set: Average loss: 0.0323, Accuracy: 40348/50176 (80%)
Training time: 446258:52:53.18