FCN_resnet_bn(
  (pool4): Sequential(
    (0): Conv2d(3, 64, kernel_size=(7, 7), stride=(2, 2), padding=(3, 3), bias=False)
    (1): BatchNorm2d(64, eps=1e-05, momentum=0.1, affine=True, track_running_stats=True)
    (2): ReLU(inplace=True)
    (3): MaxPool2d(kernel_size=3, stride=2, padding=1, dilation=1, ceil_mode=False)
    (4): Sequential(
      (0): BasicBlock(
        (conv1): Conv2d(64, 64, kernel_size=(3, 3), stride=(1, 1), padding=(1, 1), bias=False)
        (bn1): BatchNorm2d(64, eps=1e-05, momentum=0.1, affine=True, track_running_stats=True)
        (relu): ReLU(inplace=True)
        (conv2): Conv2d(64, 64, kernel_size=(3, 3), stride=(1, 1), padding=(1, 1), bias=False)
        (bn2): BatchNorm2d(64, eps=1e-05, momentum=0.1, affine=True, track_running_stats=True)
      )
      (1): BasicBlock(
        (conv1): Conv2d(64, 64, kernel_size=(3, 3), stride=(1, 1), padding=(1, 1), bias=False)
        (bn1): BatchNorm2d(64, eps=1e-05, momentum=0.1, affine=True, track_running_stats=True)
        (relu): ReLU(inplace=True)
        (conv2): Conv2d(64, 64, kernel_size=(3, 3), stride=(1, 1), padding=(1, 1), bias=False)
        (bn2): BatchNorm2d(64, eps=1e-05, momentum=0.1, affine=True, track_running_stats=True)
      )
    )
    (5): Sequential(
      (0): BasicBlock(
        (conv1): Conv2d(64, 128, kernel_size=(3, 3), stride=(2, 2), padding=(1, 1), bias=False)
        (bn1): BatchNorm2d(128, eps=1e-05, momentum=0.1, affine=True, track_running_stats=True)
        (relu): ReLU(inplace=True)
        (conv2): Conv2d(128, 128, kernel_size=(3, 3), stride=(1, 1), padding=(1, 1), bias=False)
        (bn2): BatchNorm2d(128, eps=1e-05, momentum=0.1, affine=True, track_running_stats=True)
        (downsample): Sequential(
          (0): Conv2d(64, 128, kernel_size=(1, 1), stride=(2, 2), bias=False)
          (1): BatchNorm2d(128, eps=1e-05, momentum=0.1, affine=True, track_running_stats=True)
        )
      )
      (1): BasicBlock(
        (conv1): Conv2d(128, 128, kernel_size=(3, 3), stride=(1, 1), padding=(1, 1), bias=False)
        (bn1): BatchNorm2d(128, eps=1e-05, momentum=0.1, affine=True, track_running_stats=True)
        (relu): ReLU(inplace=True)
        (conv2): Conv2d(128, 128, kernel_size=(3, 3), stride=(1, 1), padding=(1, 1), bias=False)
        (bn2): BatchNorm2d(128, eps=1e-05, momentum=0.1, affine=True, track_running_stats=True)
      )
    )
    (6): Sequential(
      (0): BasicBlock(
        (conv1): Conv2d(128, 256, kernel_size=(3, 3), stride=(2, 2), padding=(1, 1), bias=False)
        (bn1): BatchNorm2d(256, eps=1e-05, momentum=0.1, affine=True, track_running_stats=True)
        (relu): ReLU(inplace=True)
        (conv2): Conv2d(256, 256, kernel_size=(3, 3), stride=(1, 1), padding=(1, 1), bias=False)
        (bn2): BatchNorm2d(256, eps=1e-05, momentum=0.1, affine=True, track_running_stats=True)
        (downsample): Sequential(
          (0): Conv2d(128, 256, kernel_size=(1, 1), stride=(2, 2), bias=False)
          (1): BatchNorm2d(256, eps=1e-05, momentum=0.1, affine=True, track_running_stats=True)
        )
      )
      (1): BasicBlock(
        (conv1): Conv2d(256, 256, kernel_size=(3, 3), stride=(1, 1), padding=(1, 1), bias=False)
        (bn1): BatchNorm2d(256, eps=1e-05, momentum=0.1, affine=True, track_running_stats=True)
        (relu): ReLU(inplace=True)
        (conv2): Conv2d(256, 256, kernel_size=(3, 3), stride=(1, 1), padding=(1, 1), bias=False)
        (bn2): BatchNorm2d(256, eps=1e-05, momentum=0.1, affine=True, track_running_stats=True)
      )
    )
    (7): Sequential(
      (0): BasicBlock(
        (conv1): Conv2d(256, 512, kernel_size=(3, 3), stride=(2, 2), padding=(1, 1), bias=False)
        (bn1): BatchNorm2d(512, eps=1e-05, momentum=0.1, affine=True, track_running_stats=True)
        (relu): ReLU(inplace=True)
        (conv2): Conv2d(512, 512, kernel_size=(3, 3), stride=(1, 1), padding=(1, 1), bias=False)
        (bn2): BatchNorm2d(512, eps=1e-05, momentum=0.1, affine=True, track_running_stats=True)
        (downsample): Sequential(
          (0): Conv2d(256, 512, kernel_size=(1, 1), stride=(2, 2), bias=False)
          (1): BatchNorm2d(512, eps=1e-05, momentum=0.1, affine=True, track_running_stats=True)
        )
      )
      (1): BasicBlock(
        (conv1): Conv2d(512, 512, kernel_size=(3, 3), stride=(1, 1), padding=(1, 1), bias=False)
        (bn1): BatchNorm2d(512, eps=1e-05, momentum=0.1, affine=True, track_running_stats=True)
        (relu): ReLU(inplace=True)
        (conv2): Conv2d(512, 512, kernel_size=(3, 3), stride=(1, 1), padding=(1, 1), bias=False)
        (bn2): BatchNorm2d(512, eps=1e-05, momentum=0.1, affine=True, track_running_stats=True)
      )
    )
  )
  (upconv4): Sequential(
    (0): ReLU()
    (1): ConvTranspose2d(512, 512, kernel_size=(3, 3), stride=(2, 2), padding=(1, 1), output_padding=(1, 1))
    (2): BatchNorm2d(512, eps=1e-05, momentum=0.1, affine=True, track_running_stats=True)
  )
  (upconv): Sequential(
    (0): ConvTranspose2d(512, 256, kernel_size=(3, 3), stride=(2, 2), padding=(1, 1), output_padding=(1, 1))
    (1): BatchNorm2d(256, eps=1e-05, momentum=0.1, affine=True, track_running_stats=True)
    (2): ConvTranspose2d(256, 128, kernel_size=(3, 3), stride=(2, 2), padding=(1, 1), output_padding=(1, 1))
    (3): BatchNorm2d(128, eps=1e-05, momentum=0.1, affine=True, track_running_stats=True)
    (4): ConvTranspose2d(128, 64, kernel_size=(3, 3), stride=(2, 2), padding=(1, 1), output_padding=(1, 1))
    (5): BatchNorm2d(64, eps=1e-05, momentum=0.1, affine=True, track_running_stats=True)
    (6): ConvTranspose2d(64, 32, kernel_size=(3, 3), stride=(2, 2), padding=(1, 1), output_padding=(1, 1))
    (7): BatchNorm2d(32, eps=1e-05, momentum=0.1, affine=True, track_running_stats=True)
    (8): Conv2d(32, 21, kernel_size=(1, 1), stride=(1, 1))
  )
)
Criterion: CrossEntropyLoss()
Optimizer: Adam (
Parameter Group 0
    amsgrad: False
    betas: (0.9, 0.999)
    eps: 1e-08
    lr: 0.0001
    weight_decay: 1e-05
)
Learning Rate: 0.0001
Weight Decay: 1e-05
Batch Size: 4
Epochs: 200
-----------------------
Epoch:1, Loss:2.0568 Val set: Average loss: 0.0284, Accuracy: 36297/50176 (72%)
Epoch:2, Loss:0.8781 Val set: Average loss: 0.0141, Accuracy: 38718/50176 (77%)
Epoch:3, Loss:0.7429 Val set: Average loss: 0.0141, Accuracy: 38488/50176 (77%)
Epoch:4, Loss:0.6127 Val set: Average loss: 0.0132, Accuracy: 38971/50176 (78%)
Epoch:5, Loss:0.6154 Val set: Average loss: 0.0132, Accuracy: 39219/50176 (78%)
Epoch:6, Loss:0.4217 Val set: Average loss: 0.0117, Accuracy: 40158/50176 (80%)
Epoch:7, Loss:0.7287 Val set: Average loss: 0.0123, Accuracy: 39865/50176 (79%)
Epoch:8, Loss:0.4815 Val set: Average loss: 0.0125, Accuracy: 39916/50176 (80%)
Epoch:9, Loss:0.4671 Val set: Average loss: 0.0166, Accuracy: 36885/50176 (74%)
Epoch:10, Loss:0.4592 Val set: Average loss: 0.0165, Accuracy: 37992/50176 (76%)
Epoch:11, Loss:0.1623 Val set: Average loss: 0.0150, Accuracy: 38284/50176 (76%)
Epoch:12, Loss:0.1595 Val set: Average loss: 0.0138, Accuracy: 40132/50176 (80%)
Epoch:13, Loss:0.1456 Val set: Average loss: 0.0146, Accuracy: 40350/50176 (80%)
Epoch:14, Loss:0.1248 Val set: Average loss: 0.0142, Accuracy: 40447/50176 (81%)
Epoch:15, Loss:0.1688 Val set: Average loss: 0.0147, Accuracy: 40607/50176 (81%)
Epoch:16, Loss:0.1538 Val set: Average loss: 0.0130, Accuracy: 40414/50176 (81%)
Epoch:17, Loss:0.1540 Val set: Average loss: 0.0152, Accuracy: 40281/50176 (80%)
Epoch:18, Loss:0.1136 Val set: Average loss: 0.0136, Accuracy: 41199/50176 (82%)
Epoch:19, Loss:0.6027 Val set: Average loss: 0.0146, Accuracy: 38480/50176 (77%)
Epoch:20, Loss:0.2405 Val set: Average loss: 0.0133, Accuracy: 40577/50176 (81%)
Epoch:21, Loss:0.1373 Val set: Average loss: 0.0123, Accuracy: 41039/50176 (82%)
Epoch:22, Loss:0.0883 Val set: Average loss: 0.0139, Accuracy: 40872/50176 (81%)
Epoch:23, Loss:0.0869 Val set: Average loss: 0.0159, Accuracy: 40622/50176 (81%)
Epoch:24, Loss:0.1315 Val set: Average loss: 0.0149, Accuracy: 39888/50176 (79%)
Epoch:25, Loss:0.1255 Val set: Average loss: 0.0143, Accuracy: 40863/50176 (81%)
Epoch:26, Loss:0.0943 Val set: Average loss: 0.0154, Accuracy: 40593/50176 (81%)
Epoch:27, Loss:0.1137 Val set: Average loss: 0.0177, Accuracy: 40525/50176 (81%)
Epoch:28, Loss:0.0917 Val set: Average loss: 0.0166, Accuracy: 40613/50176 (81%)
Epoch:29, Loss:0.0932 Val set: Average loss: 0.0178, Accuracy: 40314/50176 (80%)
Epoch:30, Loss:0.1054 Val set: Average loss: 0.0143, Accuracy: 40795/50176 (81%)
Epoch:31, Loss:0.0911 Val set: Average loss: 0.0167, Accuracy: 40472/50176 (81%)
Epoch:32, Loss:0.0700 Val set: Average loss: 0.0160, Accuracy: 40439/50176 (81%)
Epoch:33, Loss:0.0924 Val set: Average loss: 0.0192, Accuracy: 40539/50176 (81%)
Epoch:34, Loss:0.0628 Val set: Average loss: 0.0176, Accuracy: 40912/50176 (82%)
Epoch:35, Loss:0.0801 Val set: Average loss: 0.0158, Accuracy: 41114/50176 (82%)
Epoch:36, Loss:0.0793 Val set: Average loss: 0.0188, Accuracy: 40306/50176 (80%)
Epoch:37, Loss:0.0605 Val set: Average loss: 0.0149, Accuracy: 40743/50176 (81%)
Epoch:38, Loss:0.1188 Val set: Average loss: 0.0148, Accuracy: 40344/50176 (80%)
Epoch:39, Loss:0.1136 Val set: Average loss: 0.0171, Accuracy: 40734/50176 (81%)
Epoch:40, Loss:0.0614 Val set: Average loss: 0.0192, Accuracy: 40934/50176 (82%)
Epoch:41, Loss:0.0521 Val set: Average loss: 0.0173, Accuracy: 40435/50176 (81%)
Epoch:42, Loss:0.0586 Val set: Average loss: 0.0172, Accuracy: 40520/50176 (81%)
Epoch:43, Loss:0.0616 Val set: Average loss: 0.0162, Accuracy: 40333/50176 (80%)
Epoch:44, Loss:0.0845 Val set: Average loss: 0.0155, Accuracy: 40985/50176 (82%)
Epoch:45, Loss:0.0413 Val set: Average loss: 0.0193, Accuracy: 40674/50176 (81%)
Epoch:46, Loss:0.3985 Val set: Average loss: 0.0182, Accuracy: 38449/50176 (77%)
Epoch:47, Loss:0.0653 Val set: Average loss: 0.0161, Accuracy: 40565/50176 (81%)
Epoch:48, Loss:0.0757 Val set: Average loss: 0.0134, Accuracy: 40773/50176 (81%)
Epoch:49, Loss:0.0645 Val set: Average loss: 0.0147, Accuracy: 41105/50176 (82%)
Epoch:50, Loss:0.0475 Val set: Average loss: 0.0169, Accuracy: 41031/50176 (82%)
Epoch:51, Loss:0.0461 Val set: Average loss: 0.0154, Accuracy: 40881/50176 (81%)
Epoch:52, Loss:0.0432 Val set: Average loss: 0.0161, Accuracy: 40958/50176 (82%)
Epoch:53, Loss:0.0367 Val set: Average loss: 0.0176, Accuracy: 41062/50176 (82%)
Epoch:54, Loss:0.0407 Val set: Average loss: 0.0152, Accuracy: 40814/50176 (81%)
Epoch:55, Loss:0.0516 Val set: Average loss: 0.0153, Accuracy: 40779/50176 (81%)
Epoch:56, Loss:0.0737 Val set: Average loss: 0.0203, Accuracy: 40870/50176 (81%)
Epoch:57, Loss:0.0648 Val set: Average loss: 0.0225, Accuracy: 39783/50176 (79%)
Epoch:58, Loss:0.0602 Val set: Average loss: 0.0163, Accuracy: 40924/50176 (82%)
Epoch:59, Loss:0.0616 Val set: Average loss: 0.0153, Accuracy: 40046/50176 (80%)
Epoch:60, Loss:0.0476 Val set: Average loss: 0.0148, Accuracy: 40682/50176 (81%)
Epoch:61, Loss:0.0460 Val set: Average loss: 0.0184, Accuracy: 41182/50176 (82%)
Epoch:62, Loss:0.0529 Val set: Average loss: 0.0179, Accuracy: 40753/50176 (81%)
Epoch:63, Loss:0.0397 Val set: Average loss: 0.0176, Accuracy: 40911/50176 (82%)
Epoch:64, Loss:0.0289 Val set: Average loss: 0.0181, Accuracy: 40960/50176 (82%)
Epoch:65, Loss:0.0304 Val set: Average loss: 0.0174, Accuracy: 41011/50176 (82%)
Epoch:66, Loss:0.0343 Val set: Average loss: 0.0175, Accuracy: 40805/50176 (81%)
Epoch:67, Loss:0.0317 Val set: Average loss: 0.0182, Accuracy: 40541/50176 (81%)
Epoch:68, Loss:0.0300 Val set: Average loss: 0.0181, Accuracy: 40680/50176 (81%)
Epoch:69, Loss:0.0340 Val set: Average loss: 0.0184, Accuracy: 40555/50176 (81%)
Epoch:70, Loss:0.0384 Val set: Average loss: 0.0197, Accuracy: 40655/50176 (81%)
Epoch:71, Loss:0.0387 Val set: Average loss: 0.0192, Accuracy: 40654/50176 (81%)
Epoch:72, Loss:0.0404 Val set: Average loss: 0.0183, Accuracy: 40049/50176 (80%)
Epoch:73, Loss:0.0505 Val set: Average loss: 0.0164, Accuracy: 40542/50176 (81%)
Epoch:74, Loss:0.0315 Val set: Average loss: 0.0160, Accuracy: 40537/50176 (81%)
Epoch:75, Loss:0.0476 Val set: Average loss: 0.0198, Accuracy: 40635/50176 (81%)
Epoch:76, Loss:0.0301 Val set: Average loss: 0.0209, Accuracy: 40148/50176 (80%)
Epoch:77, Loss:0.0309 Val set: Average loss: 0.0205, Accuracy: 40512/50176 (81%)
Epoch:78, Loss:0.0326 Val set: Average loss: 0.0227, Accuracy: 40003/50176 (80%)
Epoch:79, Loss:0.0483 Val set: Average loss: 0.0251, Accuracy: 40100/50176 (80%)
Epoch:80, Loss:0.0314 Val set: Average loss: 0.0180, Accuracy: 40848/50176 (81%)
Epoch:81, Loss:0.0417 Val set: Average loss: 0.0174, Accuracy: 40692/50176 (81%)
Epoch:82, Loss:0.0329 Val set: Average loss: 0.0184, Accuracy: 40873/50176 (81%)
Epoch:83, Loss:0.0351 Val set: Average loss: 0.0178, Accuracy: 39987/50176 (80%)
Epoch:84, Loss:0.0296 Val set: Average loss: 0.0156, Accuracy: 40403/50176 (81%)
Epoch:85, Loss:0.0299 Val set: Average loss: 0.0164, Accuracy: 40904/50176 (82%)
Epoch:86, Loss:0.0261 Val set: Average loss: 0.0228, Accuracy: 40725/50176 (81%)
Epoch:87, Loss:0.0320 Val set: Average loss: 0.0219, Accuracy: 40871/50176 (81%)
Epoch:88, Loss:0.0222 Val set: Average loss: 0.0199, Accuracy: 40841/50176 (81%)
Epoch:89, Loss:0.0279 Val set: Average loss: 0.0216, Accuracy: 40908/50176 (82%)
Epoch:90, Loss:0.0301 Val set: Average loss: 0.0238, Accuracy: 40530/50176 (81%)
Epoch:91, Loss:0.0259 Val set: Average loss: 0.0217, Accuracy: 40495/50176 (81%)
Epoch:92, Loss:0.0318 Val set: Average loss: 0.0191, Accuracy: 40434/50176 (81%)
Epoch:93, Loss:0.0307 Val set: Average loss: 0.0169, Accuracy: 40416/50176 (81%)
Epoch:94, Loss:0.1241 Val set: Average loss: 0.0171, Accuracy: 39286/50176 (78%)
Epoch:95, Loss:0.0309 Val set: Average loss: 0.0157, Accuracy: 40634/50176 (81%)
Epoch:96, Loss:0.0221 Val set: Average loss: 0.0172, Accuracy: 40736/50176 (81%)
Epoch:97, Loss:0.0199 Val set: Average loss: 0.0188, Accuracy: 40790/50176 (81%)
Epoch:98, Loss:0.0254 Val set: Average loss: 0.0189, Accuracy: 40710/50176 (81%)
Epoch:99, Loss:0.0312 Val set: Average loss: 0.0198, Accuracy: 40597/50176 (81%)
Epoch:100, Loss:0.0256 Val set: Average loss: 0.0198, Accuracy: 40653/50176 (81%)
Epoch:101, Loss:0.0293 Val set: Average loss: 0.0205, Accuracy: 40343/50176 (80%)
Epoch:102, Loss:0.0266 Val set: Average loss: 0.0215, Accuracy: 39992/50176 (80%)
Epoch:103, Loss:0.0327 Val set: Average loss: 0.0193, Accuracy: 40182/50176 (80%)
Epoch:104, Loss:0.0294 Val set: Average loss: 0.0197, Accuracy: 40341/50176 (80%)
Epoch:105, Loss:0.0223 Val set: Average loss: 0.0193, Accuracy: 40467/50176 (81%)
Epoch:106, Loss:0.0330 Val set: Average loss: 0.0182, Accuracy: 40785/50176 (81%)
Epoch:107, Loss:0.0296 Val set: Average loss: 0.0174, Accuracy: 40214/50176 (80%)
Epoch:108, Loss:0.0232 Val set: Average loss: 0.0174, Accuracy: 40388/50176 (80%)
Epoch:109, Loss:0.0277 Val set: Average loss: 0.0216, Accuracy: 40194/50176 (80%)
Epoch:110, Loss:0.0226 Val set: Average loss: 0.0225, Accuracy: 40471/50176 (81%)
Epoch:111, Loss:0.0233 Val set: Average loss: 0.0222, Accuracy: 40503/50176 (81%)
Epoch:112, Loss:0.0297 Val set: Average loss: 0.0196, Accuracy: 40735/50176 (81%)
Epoch:113, Loss:0.0225 Val set: Average loss: 0.0187, Accuracy: 40221/50176 (80%)
Epoch:114, Loss:0.0272 Val set: Average loss: 0.0208, Accuracy: 40362/50176 (80%)
Epoch:115, Loss:0.0242 Val set: Average loss: 0.0180, Accuracy: 40353/50176 (80%)
Epoch:116, Loss:0.0244 Val set: Average loss: 0.0212, Accuracy: 40548/50176 (81%)
Epoch:117, Loss:0.0226 Val set: Average loss: 0.0211, Accuracy: 40223/50176 (80%)
Epoch:118, Loss:0.0295 Val set: Average loss: 0.0196, Accuracy: 40469/50176 (81%)
Epoch:119, Loss:0.0261 Val set: Average loss: 0.0201, Accuracy: 40594/50176 (81%)
Epoch:120, Loss:0.0191 Val set: Average loss: 0.0182, Accuracy: 40758/50176 (81%)
Epoch:121, Loss:0.0210 Val set: Average loss: 0.0191, Accuracy: 40142/50176 (80%)
Epoch:122, Loss:0.0212 Val set: Average loss: 0.0194, Accuracy: 40228/50176 (80%)
Epoch:123, Loss:0.0710 Val set: Average loss: 0.0165, Accuracy: 39698/50176 (79%)
Epoch:124, Loss:0.0232 Val set: Average loss: 0.0190, Accuracy: 40413/50176 (81%)
Epoch:125, Loss:0.0190 Val set: Average loss: 0.0210, Accuracy: 40657/50176 (81%)
Epoch:126, Loss:0.0177 Val set: Average loss: 0.0229, Accuracy: 40666/50176 (81%)
Epoch:127, Loss:0.0158 Val set: Average loss: 0.0245, Accuracy: 40449/50176 (81%)
Epoch:128, Loss:0.0188 Val set: Average loss: 0.0226, Accuracy: 40002/50176 (80%)
Epoch:129, Loss:0.0195 Val set: Average loss: 0.0219, Accuracy: 40101/50176 (80%)
Epoch:130, Loss:0.0196 Val set: Average loss: 0.0180, Accuracy: 40637/50176 (81%)
Epoch:131, Loss:0.0243 Val set: Average loss: 0.0169, Accuracy: 40482/50176 (81%)
Epoch:132, Loss:0.0186 Val set: Average loss: 0.0177, Accuracy: 40472/50176 (81%)
Epoch:133, Loss:0.0231 Val set: Average loss: 0.0204, Accuracy: 40538/50176 (81%)
Epoch:134, Loss:0.0298 Val set: Average loss: 0.0225, Accuracy: 40271/50176 (80%)
Epoch:135, Loss:0.0194 Val set: Average loss: 0.0238, Accuracy: 40046/50176 (80%)
Epoch:136, Loss:0.0197 Val set: Average loss: 0.0238, Accuracy: 40541/50176 (81%)
Epoch:137, Loss:0.0190 Val set: Average loss: 0.0208, Accuracy: 40806/50176 (81%)
Epoch:138, Loss:0.0191 Val set: Average loss: 0.0196, Accuracy: 40541/50176 (81%)
Epoch:139, Loss:0.0218 Val set: Average loss: 0.0226, Accuracy: 40234/50176 (80%)
Epoch:140, Loss:0.0198 Val set: Average loss: 0.0203, Accuracy: 40270/50176 (80%)
Epoch:141, Loss:0.0197 Val set: Average loss: 0.0216, Accuracy: 40567/50176 (81%)
Epoch:142, Loss:0.0185 Val set: Average loss: 0.0189, Accuracy: 40626/50176 (81%)
Epoch:143, Loss:0.0343 Val set: Average loss: 0.0170, Accuracy: 40136/50176 (80%)
Epoch:144, Loss:0.0192 Val set: Average loss: 0.0184, Accuracy: 39549/50176 (79%)
Epoch:145, Loss:0.0278 Val set: Average loss: 0.0207, Accuracy: 40646/50176 (81%)
Epoch:146, Loss:0.0198 Val set: Average loss: 0.0199, Accuracy: 40544/50176 (81%)
Epoch:147, Loss:0.2358 Val set: Average loss: 0.0214, Accuracy: 39615/50176 (79%)
Epoch:148, Loss:0.0314 Val set: Average loss: 0.0196, Accuracy: 40453/50176 (81%)
Epoch:149, Loss:0.0196 Val set: Average loss: 0.0198, Accuracy: 40577/50176 (81%)
Epoch:150, Loss:0.0151 Val set: Average loss: 0.0208, Accuracy: 40502/50176 (81%)
Epoch:151, Loss:0.0121 Val set: Average loss: 0.0219, Accuracy: 40411/50176 (81%)
Epoch:152, Loss:0.0117 Val set: Average loss: 0.0225, Accuracy: 40409/50176 (81%)
Epoch:153, Loss:0.0239 Val set: Average loss: 0.0215, Accuracy: 40503/50176 (81%)
Epoch:154, Loss:0.0186 Val set: Average loss: 0.0196, Accuracy: 40444/50176 (81%)
Epoch:155, Loss:0.0185 Val set: Average loss: 0.0190, Accuracy: 40306/50176 (80%)
Epoch:156, Loss:0.0171 Val set: Average loss: 0.0187, Accuracy: 40087/50176 (80%)
Epoch:157, Loss:0.0229 Val set: Average loss: 0.0211, Accuracy: 40330/50176 (80%)
Epoch:158, Loss:0.0194 Val set: Average loss: 0.0235, Accuracy: 39987/50176 (80%)
Epoch:159, Loss:0.0195 Val set: Average loss: 0.0238, Accuracy: 39967/50176 (80%)
Epoch:160, Loss:0.0201 Val set: Average loss: 0.0204, Accuracy: 40386/50176 (80%)
Epoch:161, Loss:0.0164 Val set: Average loss: 0.0204, Accuracy: 40206/50176 (80%)
Epoch:162, Loss:0.0149 Val set: Average loss: 0.0203, Accuracy: 40513/50176 (81%)
Epoch:163, Loss:0.0181 Val set: Average loss: 0.0204, Accuracy: 40483/50176 (81%)
Epoch:164, Loss:0.0153 Val set: Average loss: 0.0222, Accuracy: 40710/50176 (81%)
Epoch:165, Loss:0.0155 Val set: Average loss: 0.0214, Accuracy: 40528/50176 (81%)
Epoch:166, Loss:0.0153 Val set: Average loss: 0.0223, Accuracy: 40499/50176 (81%)
Epoch:167, Loss:0.0156 Val set: Average loss: 0.0219, Accuracy: 40685/50176 (81%)
Epoch:168, Loss:0.0147 Val set: Average loss: 0.0234, Accuracy: 40354/50176 (80%)
Epoch:169, Loss:0.0200 Val set: Average loss: 0.0212, Accuracy: 40217/50176 (80%)
Epoch:170, Loss:0.2180 Val set: Average loss: 0.0195, Accuracy: 39292/50176 (78%)
Epoch:171, Loss:0.0232 Val set: Average loss: 0.0171, Accuracy: 40176/50176 (80%)
Epoch:172, Loss:0.0141 Val set: Average loss: 0.0189, Accuracy: 40229/50176 (80%)
Epoch:173, Loss:0.0118 Val set: Average loss: 0.0204, Accuracy: 40283/50176 (80%)
Epoch:174, Loss:0.0138 Val set: Average loss: 0.0204, Accuracy: 40296/50176 (80%)
Epoch:175, Loss:0.0145 Val set: Average loss: 0.0198, Accuracy: 39830/50176 (79%)
Epoch:176, Loss:0.0185 Val set: Average loss: 0.0203, Accuracy: 40099/50176 (80%)
Epoch:177, Loss:0.0216 Val set: Average loss: 0.0230, Accuracy: 39988/50176 (80%)
Epoch:178, Loss:0.0167 Val set: Average loss: 0.0257, Accuracy: 40125/50176 (80%)
Epoch:179, Loss:0.0209 Val set: Average loss: 0.0208, Accuracy: 40354/50176 (80%)
Epoch:180, Loss:0.0183 Val set: Average loss: 0.0215, Accuracy: 40133/50176 (80%)
Epoch:181, Loss:0.0148 Val set: Average loss: 0.0224, Accuracy: 39976/50176 (80%)
Epoch:182, Loss:0.0224 Val set: Average loss: 0.0202, Accuracy: 39770/50176 (79%)
Epoch:183, Loss:0.0164 Val set: Average loss: 0.0194, Accuracy: 40052/50176 (80%)
Epoch:184, Loss:0.0145 Val set: Average loss: 0.0200, Accuracy: 40083/50176 (80%)
Epoch:185, Loss:0.0170 Val set: Average loss: 0.0206, Accuracy: 40280/50176 (80%)
Epoch:186, Loss:0.0172 Val set: Average loss: 0.0233, Accuracy: 39919/50176 (80%)
Epoch:187, Loss:0.0152 Val set: Average loss: 0.0245, Accuracy: 40169/50176 (80%)
Epoch:188, Loss:0.0170 Val set: Average loss: 0.0244, Accuracy: 40052/50176 (80%)
Epoch:189, Loss:0.0207 Val set: Average loss: 0.0213, Accuracy: 39658/50176 (79%)
Epoch:190, Loss:0.0867 Val set: Average loss: 0.0204, Accuracy: 38711/50176 (77%)
Epoch:191, Loss:0.0201 Val set: Average loss: 0.0180, Accuracy: 40450/50176 (81%)
Epoch:192, Loss:0.0130 Val set: Average loss: 0.0207, Accuracy: 40522/50176 (81%)
Epoch:193, Loss:0.0131 Val set: Average loss: 0.0234, Accuracy: 40452/50176 (81%)
Epoch:194, Loss:0.0112 Val set: Average loss: 0.0253, Accuracy: 40357/50176 (80%)
Epoch:195, Loss:0.0113 Val set: Average loss: 0.0264, Accuracy: 40313/50176 (80%)
Epoch:196, Loss:0.0110 Val set: Average loss: 0.0245, Accuracy: 40285/50176 (80%)
Epoch:197, Loss:0.0123 Val set: Average loss: 0.0218, Accuracy: 39834/50176 (79%)
Epoch:198, Loss:0.0122 Val set: Average loss: 0.0223, Accuracy: 39945/50176 (80%)
Epoch:199, Loss:0.0140 Val set: Average loss: 0.0197, Accuracy: 40111/50176 (80%)
Epoch:200, Loss:0.0186 Val set: Average loss: 0.0190, Accuracy: 40121/50176 (80%)
Training time: 446275:09:42.67