FCN_2(
  (pool4): Sequential(
    (0): Conv2d(3, 64, kernel_size=(3, 3), stride=(1, 1), padding=(1, 1))
    (1): ReLU(inplace=True)
    (2): Conv2d(64, 64, kernel_size=(3, 3), stride=(1, 1), padding=(1, 1))
    (3): ReLU(inplace=True)
    (4): MaxPool2d(kernel_size=2, stride=2, padding=0, dilation=1, ceil_mode=False)
    (5): Conv2d(64, 128, kernel_size=(3, 3), stride=(1, 1), padding=(1, 1))
    (6): ReLU(inplace=True)
    (7): Conv2d(128, 128, kernel_size=(3, 3), stride=(1, 1), padding=(1, 1))
    (8): ReLU(inplace=True)
    (9): MaxPool2d(kernel_size=2, stride=2, padding=0, dilation=1, ceil_mode=False)
    (10): Conv2d(128, 256, kernel_size=(3, 3), stride=(1, 1), padding=(1, 1))
    (11): ReLU(inplace=True)
    (12): Conv2d(256, 256, kernel_size=(3, 3), stride=(1, 1), padding=(1, 1))
    (13): ReLU(inplace=True)
    (14): Conv2d(256, 256, kernel_size=(3, 3), stride=(1, 1), padding=(1, 1))
    (15): ReLU(inplace=True)
    (16): MaxPool2d(kernel_size=2, stride=2, padding=0, dilation=1, ceil_mode=False)
    (17): Conv2d(256, 512, kernel_size=(3, 3), stride=(1, 1), padding=(1, 1))
    (18): ReLU(inplace=True)
    (19): Conv2d(512, 512, kernel_size=(3, 3), stride=(1, 1), padding=(1, 1))
    (20): ReLU(inplace=True)
    (21): Conv2d(512, 512, kernel_size=(3, 3), stride=(1, 1), padding=(1, 1))
    (22): ReLU(inplace=True)
    (23): MaxPool2d(kernel_size=2, stride=2, padding=0, dilation=1, ceil_mode=False)
  )
  (pool5): Sequential(
    (24): Conv2d(512, 512, kernel_size=(3, 3), stride=(1, 1), padding=(1, 1))
    (25): ReLU(inplace=True)
    (26): Conv2d(512, 512, kernel_size=(3, 3), stride=(1, 1), padding=(1, 1))
    (27): ReLU(inplace=True)
    (28): Conv2d(512, 512, kernel_size=(3, 3), stride=(1, 1), padding=(1, 1))
    (29): ReLU(inplace=True)
    (30): MaxPool2d(kernel_size=2, stride=2, padding=0, dilation=1, ceil_mode=False)
  )
  (upconv4): Sequential(
    (0): ReLU()
    (1): ConvTranspose2d(512, 512, kernel_size=(3, 3), stride=(2, 2), padding=(1, 1), output_padding=(1, 1))
    (2): BatchNorm2d(512, eps=1e-05, momentum=0.1, affine=True, track_running_stats=True)
  )
  (upconv): Sequential(
    (0): ConvTranspose2d(512, 256, kernel_size=(3, 3), stride=(2, 2), padding=(1, 1), output_padding=(1, 1))
    (1): BatchNorm2d(256, eps=1e-05, momentum=0.1, affine=True, track_running_stats=True)
    (2): ConvTranspose2d(256, 128, kernel_size=(3, 3), stride=(2, 2), padding=(1, 1), output_padding=(1, 1))
    (3): BatchNorm2d(128, eps=1e-05, momentum=0.1, affine=True, track_running_stats=True)
    (4): ConvTranspose2d(128, 64, kernel_size=(3, 3), stride=(2, 2), padding=(1, 1), output_padding=(1, 1))
    (5): BatchNorm2d(64, eps=1e-05, momentum=0.1, affine=True, track_running_stats=True)
    (6): ConvTranspose2d(64, 32, kernel_size=(3, 3), stride=(2, 2), padding=(1, 1), output_padding=(1, 1))
    (7): BatchNorm2d(32, eps=1e-05, momentum=0.1, affine=True, track_running_stats=True)
    (8): Conv2d(32, 21, kernel_size=(1, 1), stride=(1, 1))
  )
)
Criterion: DiceLoss()
Optimizer: Adam (
Parameter Group 0
    amsgrad: False
    betas: (0.9, 0.999)
    eps: 1e-08
    lr: 0.001
    weight_decay: 1e-05
)
Learning Rate: 0.001
Weight Decay: 1e-05
Batch Size: 10
Epochs: 100
-----------------------
Epoch:1, Loss:0.9627 Val set: Average loss: 0.0147, Accuracy: 33942/50176 (68%)
Epoch:2, Loss:0.9524 Val set: Average loss: 0.0146, Accuracy: 34606/50176 (69%)
Epoch:3, Loss:0.9527 Val set: Average loss: 0.0146, Accuracy: 33520/50176 (67%)
Epoch:4, Loss:0.9565 Val set: Average loss: 0.0146, Accuracy: 32789/50176 (65%)
Epoch:5, Loss:0.9465 Val set: Average loss: 0.0145, Accuracy: 34847/50176 (69%)
Epoch:6, Loss:0.9372 Val set: Average loss: 0.0144, Accuracy: 33223/50176 (66%)
Epoch:7, Loss:0.9482 Val set: Average loss: 0.0145, Accuracy: 32184/50176 (64%)
Epoch:8, Loss:0.9387 Val set: Average loss: 0.0144, Accuracy: 33477/50176 (67%)
Epoch:9, Loss:0.9468 Val set: Average loss: 0.0144, Accuracy: 33229/50176 (66%)
Epoch:10, Loss:0.9342 Val set: Average loss: 0.0145, Accuracy: 30351/50176 (60%)
Epoch:11, Loss:0.9401 Val set: Average loss: 0.0143, Accuracy: 31825/50176 (63%)
Epoch:12, Loss:0.9450 Val set: Average loss: 0.0143, Accuracy: 30492/50176 (61%)
Epoch:13, Loss:0.9301 Val set: Average loss: 0.0143, Accuracy: 29999/50176 (60%)
Epoch:14, Loss:0.9358 Val set: Average loss: 0.0142, Accuracy: 30683/50176 (61%)
Epoch:15, Loss:0.9322 Val set: Average loss: 0.0143, Accuracy: 30813/50176 (61%)
Epoch:16, Loss:0.9372 Val set: Average loss: 0.0144, Accuracy: 33223/50176 (66%)
Epoch:17, Loss:0.9482 Val set: Average loss: 0.0145, Accuracy: 32184/50176 (64%)
Epoch:18, Loss:0.9387 Val set: Average loss: 0.0144, Accuracy: 33477/50176 (67%)
Epoch:19, Loss:0.9468 Val set: Average loss: 0.0144, Accuracy: 33229/50176 (66%)
Epoch:20, Loss:0.9342 Val set: Average loss: 0.0145, Accuracy: 30351/50176 (60%)
Epoch:21, Loss:0.9401 Val set: Average loss: 0.0143, Accuracy: 31825/50176 (63%)
Epoch:22, Loss:0.9450 Val set: Average loss: 0.0143, Accuracy: 30492/50176 (61%)
Epoch:23, Loss:0.9301 Val set: Average loss: 0.0143, Accuracy: 29999/50176 (60%)
Epoch:24, Loss:0.9358 Val set: Average loss: 0.0142, Accuracy: 30683/50176 (61%)
Epoch:25, Loss:0.9322 Val set: Average loss: 0.0143, Accuracy: 30813/50176 (61%)
Epoch:26, Loss:0.9372 Val set: Average loss: 0.0144, Accuracy: 33223/50176 (66%)
Epoch:27, Loss:0.9482 Val set: Average loss: 0.0145, Accuracy: 32184/50176 (64%)
Epoch:28, Loss:0.9387 Val set: Average loss: 0.0144, Accuracy: 33477/50176 (67%)
Epoch:29, Loss:0.9468 Val set: Average loss: 0.0144, Accuracy: 33229/50176 (66%)
Epoch:30, Loss:0.9342 Val set: Average loss: 0.0145, Accuracy: 30351/50176 (60%)
Epoch:31, Loss:0.9401 Val set: Average loss: 0.0143, Accuracy: 31825/50176 (63%)
Epoch:32, Loss:0.9450 Val set: Average loss: 0.0143, Accuracy: 30492/50176 (61%)
Epoch:33, Loss:0.9301 Val set: Average loss: 0.0143, Accuracy: 29999/50176 (60%)
Epoch:34, Loss:0.9358 Val set: Average loss: 0.0142, Accuracy: 30683/50176 (61%)
Epoch:35, Loss:0.9322 Val set: Average loss: 0.0143, Accuracy: 30813/50176 (61%)
Epoch:36, Loss:0.9372 Val set: Average loss: 0.0144, Accuracy: 33223/50176 (66%)
Epoch:37, Loss:0.9482 Val set: Average loss: 0.0145, Accuracy: 32184/50176 (64%)
Epoch:38, Loss:0.9387 Val set: Average loss: 0.0144, Accuracy: 33477/50176 (67%)
Epoch:39, Loss:0.9468 Val set: Average loss: 0.0144, Accuracy: 33229/50176 (66%)
Epoch:40, Loss:0.9342 Val set: Average loss: 0.0145, Accuracy: 30351/50176 (60%)
Epoch:41, Loss:0.9401 Val set: Average loss: 0.0143, Accuracy: 31825/50176 (63%)
Epoch:42, Loss:0.9450 Val set: Average loss: 0.0143, Accuracy: 30492/50176 (61%)
Epoch:43, Loss:0.9301 Val set: Average loss: 0.0143, Accuracy: 29999/50176 (60%)
Epoch:44, Loss:0.9358 Val set: Average loss: 0.0142, Accuracy: 30683/50176 (61%)
Epoch:45, Loss:0.9322 Val set: Average loss: 0.0143, Accuracy: 30813/50176 (61%)
Epoch:46, Loss:0.9372 Val set: Average loss: 0.0144, Accuracy: 33223/50176 (66%)
Epoch:47, Loss:0.9482 Val set: Average loss: 0.0145, Accuracy: 32184/50176 (64%)
Epoch:48, Loss:0.9387 Val set: Average loss: 0.0144, Accuracy: 33477/50176 (67%)
Epoch:49, Loss:0.9468 Val set: Average loss: 0.0144, Accuracy: 33229/50176 (66%)
Epoch:50, Loss:0.9342 Val set: Average loss: 0.0145, Accuracy: 30351/50176 (60%)
Epoch:51, Loss:0.9401 Val set: Average loss: 0.0143, Accuracy: 31825/50176 (63%)
Epoch:52, Loss:0.9450 Val set: Average loss: 0.0143, Accuracy: 30492/50176 (61%)
Epoch:53, Loss:0.9301 Val set: Average loss: 0.0143, Accuracy: 29999/50176 (60%)
Epoch:54, Loss:0.9358 Val set: Average loss: 0.0142, Accuracy: 30683/50176 (61%)
Epoch:55, Loss:0.9322 Val set: Average loss: 0.0143, Accuracy: 30813/50176 (61%)
Epoch:56, Loss:0.9372 Val set: Average loss: 0.0144, Accuracy: 33223/50176 (66%)
Epoch:57, Loss:0.9482 Val set: Average loss: 0.0145, Accuracy: 32184/50176 (64%)
Epoch:58, Loss:0.9387 Val set: Average loss: 0.0144, Accuracy: 33477/50176 (67%)
Epoch:59, Loss:0.9468 Val set: Average loss: 0.0144, Accuracy: 33229/50176 (66%)
Epoch:60, Loss:0.9342 Val set: Average loss: 0.0145, Accuracy: 30351/50176 (60%)
Epoch:61, Loss:0.9401 Val set: Average loss: 0.0143, Accuracy: 31825/50176 (63%)
Epoch:62, Loss:0.9450 Val set: Average loss: 0.0143, Accuracy: 30492/50176 (61%)
Epoch:63, Loss:0.9301 Val set: Average loss: 0.0143, Accuracy: 29999/50176 (60%)
Epoch:64, Loss:0.9358 Val set: Average loss: 0.0142, Accuracy: 30683/50176 (61%)
Epoch:65, Loss:0.9322 Val set: Average loss: 0.0143, Accuracy: 30813/50176 (61%)
Epoch:66, Loss:0.9372 Val set: Average loss: 0.0144, Accuracy: 33223/50176 (66%)
Epoch:67, Loss:0.9482 Val set: Average loss: 0.0145, Accuracy: 32184/50176 (64%)
Epoch:68, Loss:0.9387 Val set: Average loss: 0.0144, Accuracy: 33477/50176 (67%)
Epoch:69, Loss:0.9468 Val set: Average loss: 0.0144, Accuracy: 33229/50176 (66%)
Epoch:70, Loss:0.9342 Val set: Average loss: 0.0145, Accuracy: 30351/50176 (60%)
Epoch:71, Loss:0.9401 Val set: Average loss: 0.0143, Accuracy: 31825/50176 (63%)
Epoch:72, Loss:0.9450 Val set: Average loss: 0.0143, Accuracy: 30492/50176 (61%)
Epoch:73, Loss:0.9301 Val set: Average loss: 0.0143, Accuracy: 29999/50176 (60%)
Epoch:74, Loss:0.9358 Val set: Average loss: 0.0142, Accuracy: 30683/50176 (61%)
Epoch:75, Loss:0.9322 Val set: Average loss: 0.0143, Accuracy: 30813/50176 (61%)
Epoch:76, Loss:0.9372 Val set: Average loss: 0.0144, Accuracy: 33223/50176 (66%)
Epoch:77, Loss:0.9482 Val set: Average loss: 0.0145, Accuracy: 32184/50176 (64%)
Epoch:78, Loss:0.9387 Val set: Average loss: 0.0144, Accuracy: 33477/50176 (67%)
Epoch:79, Loss:0.9468 Val set: Average loss: 0.0144, Accuracy: 33229/50176 (66%)
Epoch:80, Loss:0.9342 Val set: Average loss: 0.0145, Accuracy: 30351/50176 (60%)
Epoch:81, Loss:0.9401 Val set: Average loss: 0.0143, Accuracy: 31825/50176 (63%)
Epoch:82, Loss:0.9450 Val set: Average loss: 0.0143, Accuracy: 30492/50176 (61%)
Epoch:83, Loss:0.9301 Val set: Average loss: 0.0143, Accuracy: 29999/50176 (60%)
Epoch:84, Loss:0.9358 Val set: Average loss: 0.0142, Accuracy: 30683/50176 (61%)
Epoch:85, Loss:0.9322 Val set: Average loss: 0.0143, Accuracy: 30813/50176 (61%)
Epoch:86, Loss:0.9372 Val set: Average loss: 0.0144, Accuracy: 33223/50176 (66%)
Epoch:87, Loss:0.9482 Val set: Average loss: 0.0145, Accuracy: 32184/50176 (64%)
Epoch:88, Loss:0.9387 Val set: Average loss: 0.0144, Accuracy: 33477/50176 (67%)
Epoch:89, Loss:0.9468 Val set: Average loss: 0.0144, Accuracy: 33229/50176 (66%)
Epoch:90, Loss:0.9342 Val set: Average loss: 0.0145, Accuracy: 30351/50176 (60%)
Epoch:91, Loss:0.9401 Val set: Average loss: 0.0143, Accuracy: 31825/50176 (63%)
Epoch:92, Loss:0.9450 Val set: Average loss: 0.0143, Accuracy: 30492/50176 (61%)
Epoch:93, Loss:0.9301 Val set: Average loss: 0.0143, Accuracy: 29999/50176 (60%)
Epoch:94, Loss:0.9358 Val set: Average loss: 0.0142, Accuracy: 30683/50176 (61%)
Epoch:95, Loss:0.9322 Val set: Average loss: 0.0143, Accuracy: 30813/50176 (61%)
Epoch:96, Loss:0.9372 Val set: Average loss: 0.0144, Accuracy: 33223/50176 (66%)
Epoch:97, Loss:0.9482 Val set: Average loss: 0.0145, Accuracy: 32184/50176 (64%)
Epoch:98, Loss:0.9387 Val set: Average loss: 0.0144, Accuracy: 33477/50176 (67%)
Epoch:99, Loss:0.9468 Val set: Average loss: 0.0144, Accuracy: 33477/50176 (67%)
Epoch:100, Loss:0.9342 Val set: Average loss: 0.0145, Accuracy: 33477/50176 (67%)
Training time:  446352:46:41.21