FCN_2(
  (pool4): Sequential(
    (0): Conv2d(3, 64, kernel_size=(3, 3), stride=(1, 1), padding=(1, 1))
    (1): ReLU(inplace=True)
    (2): Conv2d(64, 64, kernel_size=(3, 3), stride=(1, 1), padding=(1, 1))
    (3): ReLU(inplace=True)
    (4): MaxPool2d(kernel_size=2, stride=2, padding=0, dilation=1, ceil_mode=False)
    (5): Conv2d(64, 128, kernel_size=(3, 3), stride=(1, 1), padding=(1, 1))
    (6): ReLU(inplace=True)
    (7): Conv2d(128, 128, kernel_size=(3, 3), stride=(1, 1), padding=(1, 1))
    (8): ReLU(inplace=True)
    (9): MaxPool2d(kernel_size=2, stride=2, padding=0, dilation=1, ceil_mode=False)
    (10): Conv2d(128, 256, kernel_size=(3, 3), stride=(1, 1), padding=(1, 1))
    (11): ReLU(inplace=True)
    (12): Conv2d(256, 256, kernel_size=(3, 3), stride=(1, 1), padding=(1, 1))
    (13): ReLU(inplace=True)
    (14): Conv2d(256, 256, kernel_size=(3, 3), stride=(1, 1), padding=(1, 1))
    (15): ReLU(inplace=True)
    (16): MaxPool2d(kernel_size=2, stride=2, padding=0, dilation=1, ceil_mode=False)
    (17): Conv2d(256, 512, kernel_size=(3, 3), stride=(1, 1), padding=(1, 1))
    (18): ReLU(inplace=True)
    (19): Conv2d(512, 512, kernel_size=(3, 3), stride=(1, 1), padding=(1, 1))
    (20): ReLU(inplace=True)
    (21): Conv2d(512, 512, kernel_size=(3, 3), stride=(1, 1), padding=(1, 1))
    (22): ReLU(inplace=True)
    (23): MaxPool2d(kernel_size=2, stride=2, padding=0, dilation=1, ceil_mode=False)
  )
  (pool5): Sequential(
    (24): Conv2d(512, 512, kernel_size=(3, 3), stride=(1, 1), padding=(1, 1))
    (25): ReLU(inplace=True)
    (26): Conv2d(512, 512, kernel_size=(3, 3), stride=(1, 1), padding=(1, 1))
    (27): ReLU(inplace=True)
    (28): Conv2d(512, 512, kernel_size=(3, 3), stride=(1, 1), padding=(1, 1))
    (29): ReLU(inplace=True)
    (30): MaxPool2d(kernel_size=2, stride=2, padding=0, dilation=1, ceil_mode=False)
  )
  (upconv4): Sequential(
    (0): ReLU()
    (1): ConvTranspose2d(512, 512, kernel_size=(3, 3), stride=(2, 2), padding=(1, 1), output_padding=(1, 1))
    (2): BatchNorm2d(512, eps=1e-05, momentum=0.1, affine=True, track_running_stats=True)
  )
  (upconv): Sequential(
    (0): ConvTranspose2d(512, 256, kernel_size=(3, 3), stride=(2, 2), padding=(1, 1), output_padding=(1, 1))
    (1): BatchNorm2d(256, eps=1e-05, momentum=0.1, affine=True, track_running_stats=True)
    (2): ConvTranspose2d(256, 128, kernel_size=(3, 3), stride=(2, 2), padding=(1, 1), output_padding=(1, 1))
    (3): BatchNorm2d(128, eps=1e-05, momentum=0.1, affine=True, track_running_stats=True)
    (4): ConvTranspose2d(128, 64, kernel_size=(3, 3), stride=(2, 2), padding=(1, 1), output_padding=(1, 1))
    (5): BatchNorm2d(64, eps=1e-05, momentum=0.1, affine=True, track_running_stats=True)
    (6): ConvTranspose2d(64, 32, kernel_size=(3, 3), stride=(2, 2), padding=(1, 1), output_padding=(1, 1))
    (7): BatchNorm2d(32, eps=1e-05, momentum=0.1, affine=True, track_running_stats=True)
    (8): Conv2d(32, 21, kernel_size=(1, 1), stride=(1, 1))
  )
)
Criterion: FocalLoss(
  (CE_loss): CrossEntropyLoss()
)
Optimizer: Adam (
Parameter Group 0
    amsgrad: False
    betas: (0.9, 0.999)
    eps: 1e-08
    lr: 0.001
    weight_decay: 1e-05
)
Learning Rate: 0.001
Weight Decay: 1e-05
Batch Size: 10
Epochs: 100
-----------------------
Epoch:1, Loss:1.6610 Val set: Average loss: 0.0172, Accuracy: 36951/50176 (74%)
Epoch:2, Loss:0.8196 Val set: Average loss: 0.0148, Accuracy: 36725/50176 (73%)
Epoch:3, Loss:0.7457 Val set: Average loss: 0.0140, Accuracy: 36932/50176 (74%)
Epoch:4, Loss:0.7081 Val set: Average loss: 0.0135, Accuracy: 36832/50176 (73%)
Epoch:5, Loss:0.7211 Val set: Average loss: 0.0138, Accuracy: 36272/50176 (72%)
Epoch:6, Loss:0.6801 Val set: Average loss: 0.0124, Accuracy: 36789/50176 (73%)
Epoch:7, Loss:0.5798 Val set: Average loss: 0.0124, Accuracy: 36889/50176 (74%)
Epoch:8, Loss:0.5674 Val set: Average loss: 0.0115, Accuracy: 37186/50176 (74%)
Epoch:9, Loss:0.5814 Val set: Average loss: 0.0118, Accuracy: 37123/50176 (74%)
Epoch:10, Loss:0.5125 Val set: Average loss: 0.0114, Accuracy: 37270/50176 (74%)
Epoch:11, Loss:0.5612 Val set: Average loss: 0.0114, Accuracy: 37290/50176 (74%)
Epoch:12, Loss:0.5365 Val set: Average loss: 0.0115, Accuracy: 37311/50176 (74%)
Epoch:13, Loss:0.4771 Val set: Average loss: 0.0112, Accuracy: 37463/50176 (75%)
Epoch:14, Loss:0.4950 Val set: Average loss: 0.0116, Accuracy: 37704/50176 (75%)
Epoch:15, Loss:0.4724 Val set: Average loss: 0.0123, Accuracy: 37377/50176 (74%)
Epoch:16, Loss:0.2824 Val set: Average loss: 0.0109, Accuracy: 37931/50176 (76%)
Epoch:17, Loss:0.2728 Val set: Average loss: 0.0109, Accuracy: 37627/50176 (75%)
Epoch:18, Loss:0.2475 Val set: Average loss: 0.0109, Accuracy: 37686/50176 (75%)
Epoch:19, Loss:0.2364 Val set: Average loss: 0.0110, Accuracy: 37951/50176 (76%)
Epoch:20, Loss:0.2476 Val set: Average loss: 0.0113, Accuracy: 37648/50176 (75%)
Epoch:21, Loss:0.3087 Val set: Average loss: 0.0114, Accuracy: 37715/50176 (75%)
Epoch:22, Loss:0.2030 Val set: Average loss: 0.0152, Accuracy: 34650/50176 (69%)
Epoch:23, Loss:0.2693 Val set: Average loss: 0.0131, Accuracy: 35829/50176 (71%)
Epoch:24, Loss:0.3032 Val set: Average loss: 0.0125, Accuracy: 37587/50176 (75%)
Epoch:25, Loss:0.2330 Val set: Average loss: 0.0128, Accuracy: 37238/50176 (74%)
Epoch:26, Loss:0.2591 Val set: Average loss: 0.0130, Accuracy: 37705/50176 (75%)
Epoch:27, Loss:0.2173 Val set: Average loss: 0.0182, Accuracy: 34682/50176 (69%)
Epoch:28, Loss:0.1882 Val set: Average loss: 0.0139, Accuracy: 36438/50176 (73%)
Epoch:29, Loss:0.1750 Val set: Average loss: 0.0137, Accuracy: 36407/50176 (73%)
Epoch:30, Loss:0.2237 Val set: Average loss: 0.0127, Accuracy: 37764/50176 (75%)
Epoch:31, Loss:0.1844 Val set: Average loss: 0.0138, Accuracy: 37470/50176 (75%)
Epoch:32, Loss:0.1545 Val set: Average loss: 0.0131, Accuracy: 36987/50176 (74%)
Epoch:33, Loss:0.2178 Val set: Average loss: 0.0134, Accuracy: 37457/50176 (75%)
Epoch:34, Loss:0.2107 Val set: Average loss: 0.0148, Accuracy: 37236/50176 (74%)
Epoch:35, Loss:0.1343 Val set: Average loss: 0.0144, Accuracy: 37503/50176 (75%)
Epoch:36, Loss:0.1167 Val set: Average loss: 0.0140, Accuracy: 37577/50176 (75%)
Epoch:37, Loss:0.1415 Val set: Average loss: 0.0141, Accuracy: 37020/50176 (74%)
Epoch:38, Loss:0.1330 Val set: Average loss: 0.0125, Accuracy: 37250/50176 (74%)
Epoch:39, Loss:0.1224 Val set: Average loss: 0.0165, Accuracy: 37162/50176 (74%)
Epoch:40, Loss:0.1316 Val set: Average loss: 0.0162, Accuracy: 37302/50176 (74%)
Epoch:41, Loss:0.1040 Val set: Average loss: 0.0162, Accuracy: 36612/50176 (73%)
Epoch:42, Loss:0.1011 Val set: Average loss: 0.0182, Accuracy: 36768/50176 (73%)
Epoch:43, Loss:0.1138 Val set: Average loss: 0.0199, Accuracy: 36930/50176 (74%)
Epoch:44, Loss:0.1069 Val set: Average loss: 0.0180, Accuracy: 37092/50176 (74%)
Epoch:45, Loss:0.0928 Val set: Average loss: 0.0180, Accuracy: 36415/50176 (73%)
Epoch:46, Loss:0.0777 Val set: Average loss: 0.0170, Accuracy: 36773/50176 (73%)
Epoch:47, Loss:0.0892 Val set: Average loss: 0.0168, Accuracy: 37241/50176 (74%)
Epoch:48, Loss:0.1156 Val set: Average loss: 0.0172, Accuracy: 36573/50176 (73%)
Epoch:49, Loss:0.0911 Val set: Average loss: 0.0165, Accuracy: 37767/50176 (75%)
Epoch:50, Loss:0.1094 Val set: Average loss: 0.0173, Accuracy: 37586/50176 (75%)
Epoch:51, Loss:0.1057 Val set: Average loss: 0.0162, Accuracy: 37400/50176 (75%)
Epoch:52, Loss:0.0714 Val set: Average loss: 0.0168, Accuracy: 37215/50176 (74%)
Epoch:53, Loss:0.0630 Val set: Average loss: 0.0158, Accuracy: 37581/50176 (75%)
Epoch:54, Loss:0.0843 Val set: Average loss: 0.0145, Accuracy: 37338/50176 (74%)
Epoch:55, Loss:0.1066 Val set: Average loss: 0.0147, Accuracy: 36513/50176 (73%)
Epoch:56, Loss:0.0930 Val set: Average loss: 0.0157, Accuracy: 36945/50176 (74%)
Epoch:57, Loss:0.0735 Val set: Average loss: 0.0151, Accuracy: 37003/50176 (74%)
Epoch:58, Loss:0.0583 Val set: Average loss: 0.0153, Accuracy: 36854/50176 (73%)
Epoch:59, Loss:0.0434 Val set: Average loss: 0.0155, Accuracy: 36891/50176 (74%)
Epoch:60, Loss:0.0511 Val set: Average loss: 0.0177, Accuracy: 37161/50176 (74%)
Epoch:61, Loss:0.0640 Val set: Average loss: 0.0187, Accuracy: 36004/50176 (72%)
Epoch:62, Loss:0.0430 Val set: Average loss: 0.0162, Accuracy: 37285/50176 (74%)
Epoch:63, Loss:0.0451 Val set: Average loss: 0.0143, Accuracy: 36905/50176 (74%)
Epoch:64, Loss:0.0379 Val set: Average loss: 0.0156, Accuracy: 37460/50176 (75%)
Epoch:65, Loss:0.0351 Val set: Average loss: 0.0159, Accuracy: 37415/50176 (75%)
Epoch:66, Loss:0.0295 Val set: Average loss: 0.0170, Accuracy: 37637/50176 (75%)
Epoch:67, Loss:0.0344 Val set: Average loss: 0.0171, Accuracy: 37473/50176 (75%)
Epoch:68, Loss:0.0422 Val set: Average loss: 0.0172, Accuracy: 37324/50176 (74%)
Epoch:69, Loss:0.0374 Val set: Average loss: 0.0168, Accuracy: 37389/50176 (75%)
Epoch:70, Loss:0.0349 Val set: Average loss: 0.0172, Accuracy: 37665/50176 (75%)
Epoch:71, Loss:0.0326 Val set: Average loss: 0.0167, Accuracy: 37084/50176 (74%)
Epoch:72, Loss:0.0412 Val set: Average loss: 0.0165, Accuracy: 36700/50176 (73%)
Epoch:73, Loss:0.0451 Val set: Average loss: 0.0143, Accuracy: 36905/50176 (74%)
Epoch:74, Loss:0.0379 Val set: Average loss: 0.0156, Accuracy: 37460/50176 (75%)
Epoch:75, Loss:0.0351 Val set: Average loss: 0.0159, Accuracy: 37415/50176 (75%)
Epoch:76, Loss:0.0295 Val set: Average loss: 0.0170, Accuracy: 37637/50176 (75%)
Epoch:77, Loss:0.0344 Val set: Average loss: 0.0171, Accuracy: 37473/50176 (75%)
Epoch:88, Loss:0.0422 Val set: Average loss: 0.0172, Accuracy: 37324/50176 (74%)
Epoch:89, Loss:0.0374 Val set: Average loss: 0.0168, Accuracy: 37389/50176 (75%)
Epoch:80, Loss:0.0349 Val set: Average loss: 0.0172, Accuracy: 37665/50176 (75%)
Epoch:81, Loss:0.0326 Val set: Average loss: 0.0167, Accuracy: 37084/50176 (74%)
Epoch:82, Loss:0.0412 Val set: Average loss: 0.0165, Accuracy: 36700/50176 (73%)
Epoch:83, Loss:0.0451 Val set: Average loss: 0.0143, Accuracy: 36905/50176 (74%)
Epoch:84, Loss:0.0379 Val set: Average loss: 0.0156, Accuracy: 37460/50176 (75%)
Epoch:85, Loss:0.0351 Val set: Average loss: 0.0159, Accuracy: 37415/50176 (75%)
Epoch:86, Loss:0.0295 Val set: Average loss: 0.0170, Accuracy: 37637/50176 (75%)
Epoch:87, Loss:0.0344 Val set: Average loss: 0.0171, Accuracy: 37473/50176 (75%)
Epoch:88, Loss:0.0422 Val set: Average loss: 0.0172, Accuracy: 37324/50176 (74%)
Epoch:89, Loss:0.0374 Val set: Average loss: 0.0168, Accuracy: 37389/50176 (75%)
Epoch:90, Loss:0.0349 Val set: Average loss: 0.0172, Accuracy: 37665/50176 (75%)
Epoch:91, Loss:0.0326 Val set: Average loss: 0.0167, Accuracy: 37084/50176 (74%)
Epoch:92, Loss:0.0412 Val set: Average loss: 0.0165, Accuracy: 36700/50176 (73%)
Epoch:93, Loss:0.0451 Val set: Average loss: 0.0143, Accuracy: 36905/50176 (74%)
Epoch:94, Loss:0.0379 Val set: Average loss: 0.0156, Accuracy: 37460/50176 (75%)
Epoch:95, Loss:0.0351 Val set: Average loss: 0.0159, Accuracy: 37415/50176 (75%)
Epoch:96, Loss:0.0295 Val set: Average loss: 0.0170, Accuracy: 37637/50176 (75%)
Epoch:97, Loss:0.0344 Val set: Average loss: 0.0171, Accuracy: 37473/50176 (75%)
Epoch:98, Loss:0.0422 Val set: Average loss: 0.0172, Accuracy: 37324/50176 (74%)
Epoch:99, Loss:0.0374 Val set: Average loss: 0.0168, Accuracy: 37389/50176 (75%)
Epoch:100, Loss:0.0349 Val set: Average loss: 0.0172, Accuracy: 37665/50176 (75%)
Training time:  446342:46:41.21