FCN_2(
  (pool4): Sequential(
    (0): Conv2d(3, 64, kernel_size=(3, 3), stride=(1, 1), padding=(1, 1))
    (1): ReLU(inplace=True)
    (2): Conv2d(64, 64, kernel_size=(3, 3), stride=(1, 1), padding=(1, 1))
    (3): ReLU(inplace=True)
    (4): MaxPool2d(kernel_size=2, stride=2, padding=0, dilation=1, ceil_mode=False)
    (5): Conv2d(64, 128, kernel_size=(3, 3), stride=(1, 1), padding=(1, 1))
    (6): ReLU(inplace=True)
    (7): Conv2d(128, 128, kernel_size=(3, 3), stride=(1, 1), padding=(1, 1))
    (8): ReLU(inplace=True)
    (9): MaxPool2d(kernel_size=2, stride=2, padding=0, dilation=1, ceil_mode=False)
    (10): Conv2d(128, 256, kernel_size=(3, 3), stride=(1, 1), padding=(1, 1))
    (11): ReLU(inplace=True)
    (12): Conv2d(256, 256, kernel_size=(3, 3), stride=(1, 1), padding=(1, 1))
    (13): ReLU(inplace=True)
    (14): Conv2d(256, 256, kernel_size=(3, 3), stride=(1, 1), padding=(1, 1))
    (15): ReLU(inplace=True)
    (16): MaxPool2d(kernel_size=2, stride=2, padding=0, dilation=1, ceil_mode=False)
    (17): Conv2d(256, 512, kernel_size=(3, 3), stride=(1, 1), padding=(1, 1))
    (18): ReLU(inplace=True)
    (19): Conv2d(512, 512, kernel_size=(3, 3), stride=(1, 1), padding=(1, 1))
    (20): ReLU(inplace=True)
    (21): Conv2d(512, 512, kernel_size=(3, 3), stride=(1, 1), padding=(1, 1))
    (22): ReLU(inplace=True)
    (23): MaxPool2d(kernel_size=2, stride=2, padding=0, dilation=1, ceil_mode=False)
  )
  (pool5): Sequential(
    (24): Conv2d(512, 512, kernel_size=(3, 3), stride=(1, 1), padding=(1, 1))
    (25): ReLU(inplace=True)
    (26): Conv2d(512, 512, kernel_size=(3, 3), stride=(1, 1), padding=(1, 1))
    (27): ReLU(inplace=True)
    (28): Conv2d(512, 512, kernel_size=(3, 3), stride=(1, 1), padding=(1, 1))
    (29): ReLU(inplace=True)
    (30): MaxPool2d(kernel_size=2, stride=2, padding=0, dilation=1, ceil_mode=False)
  )
  (upconv4): Sequential(
    (0): ReLU()
    (1): ConvTranspose2d(512, 512, kernel_size=(3, 3), stride=(2, 2), padding=(1, 1), output_padding=(1, 1))
    (2): BatchNorm2d(512, eps=1e-05, momentum=0.1, affine=True, track_running_stats=True)
  )
  (upconv): Sequential(
    (0): ConvTranspose2d(512, 256, kernel_size=(3, 3), stride=(2, 2), padding=(1, 1), output_padding=(1, 1))
    (1): BatchNorm2d(256, eps=1e-05, momentum=0.1, affine=True, track_running_stats=True)
    (2): ConvTranspose2d(256, 128, kernel_size=(3, 3), stride=(2, 2), padding=(1, 1), output_padding=(1, 1))
    (3): BatchNorm2d(128, eps=1e-05, momentum=0.1, affine=True, track_running_stats=True)
    (4): ConvTranspose2d(128, 64, kernel_size=(3, 3), stride=(2, 2), padding=(1, 1), output_padding=(1, 1))
    (5): BatchNorm2d(64, eps=1e-05, momentum=0.1, affine=True, track_running_stats=True)
    (6): ConvTranspose2d(64, 32, kernel_size=(3, 3), stride=(2, 2), padding=(1, 1), output_padding=(1, 1))
    (7): BatchNorm2d(32, eps=1e-05, momentum=0.1, affine=True, track_running_stats=True)
    (8): Conv2d(32, 21, kernel_size=(1, 1), stride=(1, 1))
  )
)
Criterion: CrossEntropyLoss()
Optimizer: Adam (
Parameter Group 0
    amsgrad: False
    betas: (0.9, 0.999)
    eps: 1e-08
    lr: 0.0001
    weight_decay: 1e-05
)
Learning Rate: 0.0001
Weight Decay: 1e-05
Batch Size: 4
Epochs: 200
-----------------------
Epoch:1, Loss:2.0624 Val set: Average loss: 0.0276, Accuracy: 34776/50176 (69%)
Epoch:2, Loss:0.8192 Val set: Average loss: 0.0146, Accuracy: 38273/50176 (76%)
Epoch:3, Loss:0.6280 Val set: Average loss: 0.0141, Accuracy: 38395/50176 (77%)
Epoch:4, Loss:0.5580 Val set: Average loss: 0.0143, Accuracy: 38534/50176 (77%)
Epoch:5, Loss:0.4650 Val set: Average loss: 0.0149, Accuracy: 38524/50176 (77%)
Epoch:6, Loss:0.4528 Val set: Average loss: 0.0133, Accuracy: 38731/50176 (77%)
Epoch:7, Loss:0.6153 Val set: Average loss: 0.0140, Accuracy: 38619/50176 (77%)
Epoch:8, Loss:0.3984 Val set: Average loss: 0.0152, Accuracy: 38029/50176 (76%)
Epoch:9, Loss:0.3189 Val set: Average loss: 0.0135, Accuracy: 39077/50176 (78%)
Epoch:10, Loss:0.3414 Val set: Average loss: 0.0137, Accuracy: 39201/50176 (78%)
Epoch:11, Loss:0.2565 Val set: Average loss: 0.0135, Accuracy: 39674/50176 (79%)
Epoch:12, Loss:0.3434 Val set: Average loss: 0.0154, Accuracy: 38940/50176 (78%)
Epoch:13, Loss:0.1827 Val set: Average loss: 0.0153, Accuracy: 39239/50176 (78%)
Epoch:14, Loss:0.1788 Val set: Average loss: 0.0144, Accuracy: 39822/50176 (79%)
Epoch:15, Loss:0.3159 Val set: Average loss: 0.0165, Accuracy: 39791/50176 (79%)
Epoch:16, Loss:0.3753 Val set: Average loss: 0.0145, Accuracy: 38996/50176 (78%)
Epoch:17, Loss:0.1223 Val set: Average loss: 0.0175, Accuracy: 39824/50176 (79%)
Epoch:18, Loss:0.0959 Val set: Average loss: 0.0160, Accuracy: 40224/50176 (80%)
Epoch:19, Loss:0.3019 Val set: Average loss: 0.0168, Accuracy: 39901/50176 (80%)
Epoch:20, Loss:0.1152 Val set: Average loss: 0.0150, Accuracy: 39345/50176 (78%)
Epoch:21, Loss:0.1257 Val set: Average loss: 0.0155, Accuracy: 39986/50176 (80%)
Epoch:22, Loss:0.1019 Val set: Average loss: 0.0157, Accuracy: 39237/50176 (78%)
Epoch:23, Loss:0.1464 Val set: Average loss: 0.0170, Accuracy: 38759/50176 (77%)
Epoch:24, Loss:0.0908 Val set: Average loss: 0.0163, Accuracy: 39305/50176 (78%)
Epoch:25, Loss:0.1040 Val set: Average loss: 0.0200, Accuracy: 38882/50176 (77%)
Epoch:26, Loss:0.1341 Val set: Average loss: 0.0168, Accuracy: 40352/50176 (80%)
Epoch:27, Loss:0.0767 Val set: Average loss: 0.0212, Accuracy: 40371/50176 (80%)
Epoch:28, Loss:0.1297 Val set: Average loss: 0.0236, Accuracy: 39362/50176 (78%)
Epoch:29, Loss:0.0596 Val set: Average loss: 0.0197, Accuracy: 40382/50176 (80%)
Epoch:30, Loss:0.1100 Val set: Average loss: 0.0196, Accuracy: 40052/50176 (80%)
Epoch:31, Loss:0.0832 Val set: Average loss: 0.0209, Accuracy: 39247/50176 (78%)
Epoch:32, Loss:0.0786 Val set: Average loss: 0.0170, Accuracy: 39410/50176 (79%)
Epoch:33, Loss:0.0770 Val set: Average loss: 0.0171, Accuracy: 39849/50176 (79%)
Epoch:34, Loss:0.0855 Val set: Average loss: 0.0204, Accuracy: 40107/50176 (80%)
Epoch:35, Loss:0.0557 Val set: Average loss: 0.0193, Accuracy: 40314/50176 (80%)
Epoch:36, Loss:0.0520 Val set: Average loss: 0.0181, Accuracy: 40427/50176 (81%)
Epoch:37, Loss:0.0488 Val set: Average loss: 0.0191, Accuracy: 40413/50176 (81%)
Epoch:38, Loss:0.0786 Val set: Average loss: 0.0191, Accuracy: 40090/50176 (80%)
Epoch:39, Loss:0.1138 Val set: Average loss: 0.0166, Accuracy: 38860/50176 (77%)
Epoch:40, Loss:0.0508 Val set: Average loss: 0.0160, Accuracy: 40290/50176 (80%)
Epoch:41, Loss:0.0723 Val set: Average loss: 0.0155, Accuracy: 40329/50176 (80%)
Epoch:42, Loss:0.0602 Val set: Average loss: 0.0165, Accuracy: 40019/50176 (80%)
Epoch:43, Loss:0.0482 Val set: Average loss: 0.0183, Accuracy: 40183/50176 (80%)
Epoch:44, Loss:0.0403 Val set: Average loss: 0.0185, Accuracy: 40170/50176 (80%)
Epoch:45, Loss:0.0526 Val set: Average loss: 0.0203, Accuracy: 39941/50176 (80%)
Epoch:46, Loss:0.4080 Val set: Average loss: 0.0153, Accuracy: 38728/50176 (77%)
Epoch:47, Loss:0.0625 Val set: Average loss: 0.0202, Accuracy: 39729/50176 (79%)
Epoch:48, Loss:0.0516 Val set: Average loss: 0.0218, Accuracy: 39767/50176 (79%)
Epoch:49, Loss:0.0499 Val set: Average loss: 0.0217, Accuracy: 40004/50176 (80%)
Epoch:50, Loss:0.0377 Val set: Average loss: 0.0227, Accuracy: 39920/50176 (80%)
Epoch:51, Loss:0.0598 Val set: Average loss: 0.0193, Accuracy: 39639/50176 (79%)
Epoch:52, Loss:0.0846 Val set: Average loss: 0.0177, Accuracy: 39346/50176 (78%)
Epoch:53, Loss:0.0541 Val set: Average loss: 0.0169, Accuracy: 39154/50176 (78%)
Epoch:54, Loss:0.0566 Val set: Average loss: 0.0176, Accuracy: 38965/50176 (78%)
Epoch:55, Loss:0.1464 Val set: Average loss: 0.0166, Accuracy: 40057/50176 (80%)
Epoch:56, Loss:0.0414 Val set: Average loss: 0.0173, Accuracy: 40569/50176 (81%)
Epoch:57, Loss:0.0350 Val set: Average loss: 0.0178, Accuracy: 40751/50176 (81%)
Epoch:58, Loss:0.0382 Val set: Average loss: 0.0172, Accuracy: 40518/50176 (81%)
Epoch:59, Loss:0.0363 Val set: Average loss: 0.0182, Accuracy: 40096/50176 (80%)
Epoch:60, Loss:0.0331 Val set: Average loss: 0.0174, Accuracy: 40463/50176 (81%)
Epoch:61, Loss:0.0418 Val set: Average loss: 0.0197, Accuracy: 40127/50176 (80%)
Epoch:62, Loss:0.0463 Val set: Average loss: 0.0175, Accuracy: 40482/50176 (81%)
Epoch:63, Loss:0.0409 Val set: Average loss: 0.0197, Accuracy: 40077/50176 (80%)
Epoch:64, Loss:0.0347 Val set: Average loss: 0.0236, Accuracy: 39930/50176 (80%)
Epoch:65, Loss:0.0419 Val set: Average loss: 0.0192, Accuracy: 39396/50176 (79%)
Epoch:66, Loss:0.0584 Val set: Average loss: 0.0182, Accuracy: 38769/50176 (77%)
Epoch:67, Loss:0.0700 Val set: Average loss: 0.0233, Accuracy: 39872/50176 (79%)
Epoch:68, Loss:0.0433 Val set: Average loss: 0.0188, Accuracy: 40191/50176 (80%)
Epoch:69, Loss:0.0455 Val set: Average loss: 0.0162, Accuracy: 40114/50176 (80%)
Epoch:70, Loss:0.0362 Val set: Average loss: 0.0175, Accuracy: 40645/50176 (81%)
Epoch:71, Loss:0.0325 Val set: Average loss: 0.0199, Accuracy: 40357/50176 (80%)
Epoch:72, Loss:0.0299 Val set: Average loss: 0.0189, Accuracy: 38968/50176 (78%)
Epoch:73, Loss:0.0329 Val set: Average loss: 0.0180, Accuracy: 39775/50176 (79%)
Epoch:74, Loss:0.0346 Val set: Average loss: 0.0226, Accuracy: 40092/50176 (80%)
Epoch:75, Loss:0.0403 Val set: Average loss: 0.0190, Accuracy: 40124/50176 (80%)
Epoch:76, Loss:0.0324 Val set: Average loss: 0.0172, Accuracy: 39760/50176 (79%)
Epoch:77, Loss:0.0338 Val set: Average loss: 0.0184, Accuracy: 40320/50176 (80%)
Epoch:78, Loss:0.2776 Val set: Average loss: 0.0156, Accuracy: 39276/50176 (78%)
Epoch:79, Loss:0.0713 Val set: Average loss: 0.0174, Accuracy: 40392/50176 (81%)
Epoch:80, Loss:0.0282 Val set: Average loss: 0.0180, Accuracy: 40637/50176 (81%)
Epoch:81, Loss:0.0229 Val set: Average loss: 0.0196, Accuracy: 40567/50176 (81%)
Epoch:82, Loss:0.0218 Val set: Average loss: 0.0220, Accuracy: 40339/50176 (80%)
Epoch:83, Loss:0.0247 Val set: Average loss: 0.0254, Accuracy: 40071/50176 (80%)
Epoch:84, Loss:0.0357 Val set: Average loss: 0.0252, Accuracy: 39757/50176 (79%)
Epoch:85, Loss:0.0296 Val set: Average loss: 0.0210, Accuracy: 40044/50176 (80%)
Epoch:86, Loss:0.0225 Val set: Average loss: 0.0208, Accuracy: 40265/50176 (80%)
Epoch:87, Loss:0.0346 Val set: Average loss: 0.0196, Accuracy: 40007/50176 (80%)
Epoch:88, Loss:0.0301 Val set: Average loss: 0.0185, Accuracy: 40169/50176 (80%)
Epoch:89, Loss:0.0254 Val set: Average loss: 0.0219, Accuracy: 40134/50176 (80%)
Epoch:90, Loss:0.1769 Val set: Average loss: 0.0188, Accuracy: 39275/50176 (78%)
Epoch:91, Loss:0.0413 Val set: Average loss: 0.0197, Accuracy: 39931/50176 (80%)
Epoch:92, Loss:0.0327 Val set: Average loss: 0.0225, Accuracy: 40363/50176 (80%)
Epoch:93, Loss:0.0239 Val set: Average loss: 0.0198, Accuracy: 40645/50176 (81%)
Epoch:94, Loss:0.0211 Val set: Average loss: 0.0227, Accuracy: 40377/50176 (80%)
Epoch:95, Loss:0.0240 Val set: Average loss: 0.0237, Accuracy: 40339/50176 (80%)
Epoch:96, Loss:0.0230 Val set: Average loss: 0.0226, Accuracy: 40519/50176 (81%)
Epoch:97, Loss:0.0309 Val set: Average loss: 0.0180, Accuracy: 39779/50176 (79%)
Epoch:98, Loss:0.1472 Val set: Average loss: 0.0190, Accuracy: 38858/50176 (77%)
Epoch:99, Loss:0.0295 Val set: Average loss: 0.0178, Accuracy: 40715/50176 (81%)
Epoch:100, Loss:0.0237 Val set: Average loss: 0.0220, Accuracy: 40449/50176 (81%)
Epoch:101, Loss:0.0198 Val set: Average loss: 0.0246, Accuracy: 40418/50176 (81%)
Epoch:102, Loss:0.0174 Val set: Average loss: 0.0236, Accuracy: 40506/50176 (81%)
Epoch:103, Loss:0.0160 Val set: Average loss: 0.0244, Accuracy: 40356/50176 (80%)
Epoch:104, Loss:0.0167 Val set: Average loss: 0.0271, Accuracy: 39970/50176 (80%)
Epoch:105, Loss:0.0195 Val set: Average loss: 0.0244, Accuracy: 40157/50176 (80%)
Epoch:106, Loss:0.0251 Val set: Average loss: 0.0194, Accuracy: 40328/50176 (80%)
Epoch:107, Loss:0.0227 Val set: Average loss: 0.0183, Accuracy: 40454/50176 (81%)
Epoch:108, Loss:0.0211 Val set: Average loss: 0.0192, Accuracy: 40391/50176 (80%)
Epoch:109, Loss:0.0327 Val set: Average loss: 0.0185, Accuracy: 40335/50176 (80%)
Epoch:110, Loss:0.0242 Val set: Average loss: 0.0205, Accuracy: 40314/50176 (80%)
Epoch:111, Loss:0.0571 Val set: Average loss: 0.0240, Accuracy: 40165/50176 (80%)
Epoch:112, Loss:0.0286 Val set: Average loss: 0.0209, Accuracy: 40303/50176 (80%)
Epoch:113, Loss:0.0261 Val set: Average loss: 0.0227, Accuracy: 40484/50176 (81%)
Epoch:114, Loss:0.0187 Val set: Average loss: 0.0262, Accuracy: 40526/50176 (81%)
Epoch:115, Loss:0.0172 Val set: Average loss: 0.0260, Accuracy: 40502/50176 (81%)
Epoch:116, Loss:0.0160 Val set: Average loss: 0.0284, Accuracy: 40118/50176 (80%)
Epoch:117, Loss:0.0204 Val set: Average loss: 0.0298, Accuracy: 39264/50176 (78%)
Epoch:118, Loss:0.0223 Val set: Average loss: 0.0237, Accuracy: 39547/50176 (79%)
Epoch:119, Loss:0.0361 Val set: Average loss: 0.0197, Accuracy: 40209/50176 (80%)
Epoch:120, Loss:0.0337 Val set: Average loss: 0.0178, Accuracy: 40292/50176 (80%)
Epoch:121, Loss:0.0278 Val set: Average loss: 0.0191, Accuracy: 40392/50176 (81%)
Epoch:122, Loss:0.0187 Val set: Average loss: 0.0213, Accuracy: 40438/50176 (81%)
Epoch:123, Loss:0.0170 Val set: Average loss: 0.0223, Accuracy: 40478/50176 (81%)
Epoch:124, Loss:0.0142 Val set: Average loss: 0.0245, Accuracy: 40305/50176 (80%)
Epoch:125, Loss:0.0143 Val set: Average loss: 0.0251, Accuracy: 40216/50176 (80%)
Epoch:126, Loss:0.0158 Val set: Average loss: 0.0221, Accuracy: 40605/50176 (81%)
Epoch:127, Loss:0.0173 Val set: Average loss: 0.0211, Accuracy: 40498/50176 (81%)
Epoch:128, Loss:0.0186 Val set: Average loss: 0.0208, Accuracy: 40087/50176 (80%)
Epoch:129, Loss:0.0256 Val set: Average loss: 0.0206, Accuracy: 40116/50176 (80%)
Epoch:130, Loss:0.0219 Val set: Average loss: 0.0232, Accuracy: 40451/50176 (81%)
Epoch:131, Loss:0.0257 Val set: Average loss: 0.0263, Accuracy: 39913/50176 (80%)
Epoch:132, Loss:0.5590 Val set: Average loss: 0.0201, Accuracy: 38991/50176 (78%)
Epoch:133, Loss:0.0461 Val set: Average loss: 0.0231, Accuracy: 39622/50176 (79%)
Epoch:134, Loss:0.0192 Val set: Average loss: 0.0232, Accuracy: 40236/50176 (80%)
Epoch:135, Loss:0.0159 Val set: Average loss: 0.0250, Accuracy: 40414/50176 (81%)
Epoch:136, Loss:0.0210 Val set: Average loss: 0.0215, Accuracy: 40323/50176 (80%)
Epoch:137, Loss:0.0253 Val set: Average loss: 0.0195, Accuracy: 38817/50176 (77%)
Epoch:138, Loss:0.0197 Val set: Average loss: 0.0178, Accuracy: 40077/50176 (80%)
Epoch:139, Loss:0.0315 Val set: Average loss: 0.0191, Accuracy: 39450/50176 (79%)
Epoch:140, Loss:0.0210 Val set: Average loss: 0.0228, Accuracy: 40276/50176 (80%)
Epoch:141, Loss:0.0172 Val set: Average loss: 0.0228, Accuracy: 40167/50176 (80%)
Epoch:142, Loss:0.0149 Val set: Average loss: 0.0225, Accuracy: 39857/50176 (79%)
Epoch:143, Loss:0.0149 Val set: Average loss: 0.0221, Accuracy: 40139/50176 (80%)
Epoch:144, Loss:0.2200 Val set: Average loss: 0.0204, Accuracy: 38364/50176 (76%)
Epoch:145, Loss:0.0363 Val set: Average loss: 0.0192, Accuracy: 40362/50176 (80%)
Epoch:146, Loss:0.0199 Val set: Average loss: 0.0202, Accuracy: 40398/50176 (81%)
Epoch:147, Loss:0.0158 Val set: Average loss: 0.0226, Accuracy: 40420/50176 (81%)
Epoch:148, Loss:0.0139 Val set: Average loss: 0.0240, Accuracy: 40454/50176 (81%)
Epoch:149, Loss:0.0128 Val set: Average loss: 0.0232, Accuracy: 40504/50176 (81%)
Epoch:150, Loss:0.0136 Val set: Average loss: 0.0248, Accuracy: 40494/50176 (81%)
Epoch:151, Loss:0.0147 Val set: Average loss: 0.0266, Accuracy: 40457/50176 (81%)
Epoch:152, Loss:0.0249 Val set: Average loss: 0.0232, Accuracy: 40143/50176 (80%)
Epoch:153, Loss:0.0159 Val set: Average loss: 0.0221, Accuracy: 40032/50176 (80%)
Epoch:154, Loss:0.0172 Val set: Average loss: 0.0243, Accuracy: 40053/50176 (80%)
Epoch:155, Loss:0.0151 Val set: Average loss: 0.0273, Accuracy: 40107/50176 (80%)
Epoch:156, Loss:0.0188 Val set: Average loss: 0.0233, Accuracy: 40108/50176 (80%)
Epoch:157, Loss:0.0240 Val set: Average loss: 0.0212, Accuracy: 39647/50176 (79%)
Epoch:158, Loss:0.0191 Val set: Average loss: 0.0196, Accuracy: 40128/50176 (80%)
Epoch:159, Loss:0.0188 Val set: Average loss: 0.0191, Accuracy: 39984/50176 (80%)
Epoch:160, Loss:0.0155 Val set: Average loss: 0.0217, Accuracy: 40092/50176 (80%)
Epoch:161, Loss:0.0226 Val set: Average loss: 0.0216, Accuracy: 39780/50176 (79%)
Epoch:162, Loss:0.0158 Val set: Average loss: 0.0204, Accuracy: 40326/50176 (80%)
Epoch:163, Loss:0.0143 Val set: Average loss: 0.0221, Accuracy: 40448/50176 (81%)
Epoch:164, Loss:0.2800 Val set: Average loss: 0.0193, Accuracy: 38674/50176 (77%)
Epoch:165, Loss:0.0246 Val set: Average loss: 0.0199, Accuracy: 40281/50176 (80%)
Epoch:166, Loss:0.0173 Val set: Average loss: 0.0211, Accuracy: 40315/50176 (80%)
Epoch:167, Loss:0.0141 Val set: Average loss: 0.0237, Accuracy: 40292/50176 (80%)
Epoch:168, Loss:0.0124 Val set: Average loss: 0.0261, Accuracy: 40294/50176 (80%)
Epoch:169, Loss:0.0120 Val set: Average loss: 0.0291, Accuracy: 40326/50176 (80%)
Epoch:170, Loss:0.0115 Val set: Average loss: 0.0298, Accuracy: 40418/50176 (81%)
Epoch:171, Loss:0.0111 Val set: Average loss: 0.0258, Accuracy: 40191/50176 (80%)
Epoch:172, Loss:0.0154 Val set: Average loss: 0.0214, Accuracy: 40097/50176 (80%)
Epoch:173, Loss:0.0180 Val set: Average loss: 0.0277, Accuracy: 39822/50176 (79%)
Epoch:174, Loss:0.0178 Val set: Average loss: 0.0290, Accuracy: 39616/50176 (79%)
Epoch:175, Loss:0.0184 Val set: Average loss: 0.0237, Accuracy: 40303/50176 (80%)
Epoch:176, Loss:0.0164 Val set: Average loss: 0.0250, Accuracy: 39878/50176 (79%)
Epoch:177, Loss:0.0169 Val set: Average loss: 0.0224, Accuracy: 40143/50176 (80%)
Epoch:178, Loss:0.0216 Val set: Average loss: 0.0220, Accuracy: 39570/50176 (79%)
Epoch:179, Loss:0.0207 Val set: Average loss: 0.0196, Accuracy: 39859/50176 (79%)
Epoch:180, Loss:0.0205 Val set: Average loss: 0.0192, Accuracy: 39694/50176 (79%)
Epoch:181, Loss:0.0331 Val set: Average loss: 0.0199, Accuracy: 40207/50176 (80%)
Epoch:182, Loss:0.0180 Val set: Average loss: 0.0224, Accuracy: 40375/50176 (80%)
Epoch:183, Loss:0.0139 Val set: Average loss: 0.0241, Accuracy: 40364/50176 (80%)
Epoch:184, Loss:0.0117 Val set: Average loss: 0.0254, Accuracy: 40364/50176 (80%)
Epoch:185, Loss:0.0103 Val set: Average loss: 0.0265, Accuracy: 40365/50176 (80%)
Epoch:186, Loss:0.0092 Val set: Average loss: 0.0282, Accuracy: 40302/50176 (80%)
Epoch:187, Loss:0.0088 Val set: Average loss: 0.0301, Accuracy: 40171/50176 (80%)
Epoch:188, Loss:0.0120 Val set: Average loss: 0.0291, Accuracy: 40021/50176 (80%)
Epoch:189, Loss:0.0192 Val set: Average loss: 0.0257, Accuracy: 39770/50176 (79%)
Epoch:190, Loss:0.0213 Val set: Average loss: 0.0252, Accuracy: 39791/50176 (79%)
Epoch:191, Loss:0.0287 Val set: Average loss: 0.0211, Accuracy: 39566/50176 (79%)
Epoch:192, Loss:0.0188 Val set: Average loss: 0.0199, Accuracy: 39770/50176 (79%)
Epoch:193, Loss:0.0145 Val set: Average loss: 0.0198, Accuracy: 39643/50176 (79%)
Epoch:194, Loss:0.0188 Val set: Average loss: 0.0220, Accuracy: 40307/50176 (80%)
Epoch:195, Loss:0.0163 Val set: Average loss: 0.0308, Accuracy: 40091/50176 (80%)
Epoch:196, Loss:0.0197 Val set: Average loss: 0.0232, Accuracy: 40222/50176 (80%)
Epoch:197, Loss:0.0140 Val set: Average loss: 0.0241, Accuracy: 39827/50176 (79%)
Epoch:198, Loss:0.0981 Val set: Average loss: 0.0215, Accuracy: 37865/50176 (75%)
Epoch:199, Loss:0.0241 Val set: Average loss: 0.0183, Accuracy: 40388/50176 (80%)
Epoch:200, Loss:0.0173 Val set: Average loss: 0.0202, Accuracy: 40462/50176 (81%)
Training time: 446266:02:17.00