FCN_resnet_bn_skp(
  (pool3): Sequential(
    (0): Conv2d(3, 64, kernel_size=(7, 7), stride=(2, 2), padding=(3, 3), bias=False)
    (1): BatchNorm2d(64, eps=1e-05, momentum=0.1, affine=True, track_running_stats=True)
    (2): ReLU(inplace=True)
    (3): MaxPool2d(kernel_size=3, stride=2, padding=1, dilation=1, ceil_mode=False)
    (4): Sequential(
      (0): BasicBlock(
        (conv1): Conv2d(64, 64, kernel_size=(3, 3), stride=(1, 1), padding=(1, 1), bias=False)
        (bn1): BatchNorm2d(64, eps=1e-05, momentum=0.1, affine=True, track_running_stats=True)
        (relu): ReLU(inplace=True)
        (conv2): Conv2d(64, 64, kernel_size=(3, 3), stride=(1, 1), padding=(1, 1), bias=False)
        (bn2): BatchNorm2d(64, eps=1e-05, momentum=0.1, affine=True, track_running_stats=True)
      )
      (1): BasicBlock(
        (conv1): Conv2d(64, 64, kernel_size=(3, 3), stride=(1, 1), padding=(1, 1), bias=False)
        (bn1): BatchNorm2d(64, eps=1e-05, momentum=0.1, affine=True, track_running_stats=True)
        (relu): ReLU(inplace=True)
        (conv2): Conv2d(64, 64, kernel_size=(3, 3), stride=(1, 1), padding=(1, 1), bias=False)
        (bn2): BatchNorm2d(64, eps=1e-05, momentum=0.1, affine=True, track_running_stats=True)
      )
    )
    (5): Sequential(
      (0): BasicBlock(
        (conv1): Conv2d(64, 128, kernel_size=(3, 3), stride=(2, 2), padding=(1, 1), bias=False)
        (bn1): BatchNorm2d(128, eps=1e-05, momentum=0.1, affine=True, track_running_stats=True)
        (relu): ReLU(inplace=True)
        (conv2): Conv2d(128, 128, kernel_size=(3, 3), stride=(1, 1), padding=(1, 1), bias=False)
        (bn2): BatchNorm2d(128, eps=1e-05, momentum=0.1, affine=True, track_running_stats=True)
        (downsample): Sequential(
          (0): Conv2d(64, 128, kernel_size=(1, 1), stride=(2, 2), bias=False)
          (1): BatchNorm2d(128, eps=1e-05, momentum=0.1, affine=True, track_running_stats=True)
        )
      )
      (1): BasicBlock(
        (conv1): Conv2d(128, 128, kernel_size=(3, 3), stride=(1, 1), padding=(1, 1), bias=False)
        (bn1): BatchNorm2d(128, eps=1e-05, momentum=0.1, affine=True, track_running_stats=True)
        (relu): ReLU(inplace=True)
        (conv2): Conv2d(128, 128, kernel_size=(3, 3), stride=(1, 1), padding=(1, 1), bias=False)
        (bn2): BatchNorm2d(128, eps=1e-05, momentum=0.1, affine=True, track_running_stats=True)
      )
    )
  )
  (pool4): Sequential(
    (0): BasicBlock(
      (conv1): Conv2d(128, 256, kernel_size=(3, 3), stride=(2, 2), padding=(1, 1), bias=False)
      (bn1): BatchNorm2d(256, eps=1e-05, momentum=0.1, affine=True, track_running_stats=True)
      (relu): ReLU(inplace=True)
      (conv2): Conv2d(256, 256, kernel_size=(3, 3), stride=(1, 1), padding=(1, 1), bias=False)
      (bn2): BatchNorm2d(256, eps=1e-05, momentum=0.1, affine=True, track_running_stats=True)
      (downsample): Sequential(
        (0): Conv2d(128, 256, kernel_size=(1, 1), stride=(2, 2), bias=False)
        (1): BatchNorm2d(256, eps=1e-05, momentum=0.1, affine=True, track_running_stats=True)
      )
    )
    (1): BasicBlock(
      (conv1): Conv2d(256, 256, kernel_size=(3, 3), stride=(1, 1), padding=(1, 1), bias=False)
      (bn1): BatchNorm2d(256, eps=1e-05, momentum=0.1, affine=True, track_running_stats=True)
      (relu): ReLU(inplace=True)
      (conv2): Conv2d(256, 256, kernel_size=(3, 3), stride=(1, 1), padding=(1, 1), bias=False)
      (bn2): BatchNorm2d(256, eps=1e-05, momentum=0.1, affine=True, track_running_stats=True)
    )
  )
  (pool5): Sequential(
    (0): BasicBlock(
      (conv1): Conv2d(256, 512, kernel_size=(3, 3), stride=(2, 2), padding=(1, 1), bias=False)
      (bn1): BatchNorm2d(512, eps=1e-05, momentum=0.1, affine=True, track_running_stats=True)
      (relu): ReLU(inplace=True)
      (conv2): Conv2d(512, 512, kernel_size=(3, 3), stride=(1, 1), padding=(1, 1), bias=False)
      (bn2): BatchNorm2d(512, eps=1e-05, momentum=0.1, affine=True, track_running_stats=True)
      (downsample): Sequential(
        (0): Conv2d(256, 512, kernel_size=(1, 1), stride=(2, 2), bias=False)
        (1): BatchNorm2d(512, eps=1e-05, momentum=0.1, affine=True, track_running_stats=True)
      )
    )
    (1): BasicBlock(
      (conv1): Conv2d(512, 512, kernel_size=(3, 3), stride=(1, 1), padding=(1, 1), bias=False)
      (bn1): BatchNorm2d(512, eps=1e-05, momentum=0.1, affine=True, track_running_stats=True)
      (relu): ReLU(inplace=True)
      (conv2): Conv2d(512, 512, kernel_size=(3, 3), stride=(1, 1), padding=(1, 1), bias=False)
      (bn2): BatchNorm2d(512, eps=1e-05, momentum=0.1, affine=True, track_running_stats=True)
    )
  )
  (upconv4): Sequential(
    (0): ReLU()
    (1): ConvTranspose2d(512, 256, kernel_size=(3, 3), stride=(2, 2), padding=(1, 1), output_padding=(1, 1))
    (2): BatchNorm2d(256, eps=1e-05, momentum=0.1, affine=True, track_running_stats=True)
  )
  (upconv3): Sequential(
    (0): ReLU()
    (1): ConvTranspose2d(256, 128, kernel_size=(3, 3), stride=(2, 2), padding=(1, 1), output_padding=(1, 1))
    (2): BatchNorm2d(128, eps=1e-05, momentum=0.1, affine=True, track_running_stats=True)
  )
  (upconv): Sequential(
    (0): ConvTranspose2d(128, 128, kernel_size=(3, 3), stride=(2, 2), padding=(1, 1), output_padding=(1, 1))
    (1): BatchNorm2d(128, eps=1e-05, momentum=0.1, affine=True, track_running_stats=True)
    (2): ConvTranspose2d(128, 64, kernel_size=(3, 3), stride=(2, 2), padding=(1, 1), output_padding=(1, 1))
    (3): BatchNorm2d(64, eps=1e-05, momentum=0.1, affine=True, track_running_stats=True)
    (4): ConvTranspose2d(64, 32, kernel_size=(3, 3), stride=(2, 2), padding=(1, 1), output_padding=(1, 1))
    (5): BatchNorm2d(32, eps=1e-05, momentum=0.1, affine=True, track_running_stats=True)
    (6): Conv2d(32, 21, kernel_size=(1, 1), stride=(1, 1))
  )
)
Criterion: CrossEntropyLoss()
Optimizer: Adam (
Parameter Group 0
    amsgrad: False
    betas: (0.9, 0.999)
    eps: 1e-08
    lr: 0.0001
    weight_decay: 1e-05
)
Learning Rate: 0.0001
Weight Decay: 1e-05
Batch Size: 4
Epochs: 140
-----------------------
Epoch:1, Loss:2.4378 Val set: Average loss: 0.0234, Accuracy: 36874/50176 (73%)
Epoch:2, Loss:0.6119 Val set: Average loss: 0.0157, Accuracy: 37471/50176 (75%)
Epoch:3, Loss:0.6200 Val set: Average loss: 0.0141, Accuracy: 37859/50176 (75%)
Epoch:4, Loss:0.5122 Val set: Average loss: 0.0143, Accuracy: 37567/50176 (75%)
Epoch:5, Loss:0.6328 Val set: Average loss: 0.0160, Accuracy: 37536/50176 (75%)
Epoch:6, Loss:0.4630 Val set: Average loss: 0.0132, Accuracy: 38872/50176 (77%)
Epoch:7, Loss:0.4028 Val set: Average loss: 0.0147, Accuracy: 38842/50176 (77%)
Epoch:8, Loss:0.4549 Val set: Average loss: 0.0127, Accuracy: 39550/50176 (79%)
Epoch:9, Loss:0.4369 Val set: Average loss: 0.0129, Accuracy: 39784/50176 (79%)
Epoch:10, Loss:0.5611 Val set: Average loss: 0.0120, Accuracy: 39883/50176 (79%)
Epoch:11, Loss:0.4136 Val set: Average loss: 0.0136, Accuracy: 39789/50176 (79%)
Epoch:12, Loss:0.3708 Val set: Average loss: 0.0128, Accuracy: 39979/50176 (80%)
Epoch:13, Loss:0.2645 Val set: Average loss: 0.0108, Accuracy: 41216/50176 (82%)
Epoch:14, Loss:0.4308 Val set: Average loss: 0.0133, Accuracy: 39259/50176 (78%)
Epoch:15, Loss:0.2520 Val set: Average loss: 0.0127, Accuracy: 40318/50176 (80%)
Epoch:16, Loss:0.2017 Val set: Average loss: 0.0128, Accuracy: 40002/50176 (80%)
Epoch:17, Loss:0.1857 Val set: Average loss: 0.0125, Accuracy: 40314/50176 (80%)
Epoch:18, Loss:0.2432 Val set: Average loss: 0.0120, Accuracy: 40552/50176 (81%)
Epoch:19, Loss:0.1574 Val set: Average loss: 0.0106, Accuracy: 41725/50176 (83%)
Epoch:20, Loss:0.1308 Val set: Average loss: 0.0115, Accuracy: 41731/50176 (83%)
Epoch:21, Loss:0.1862 Val set: Average loss: 0.0119, Accuracy: 41512/50176 (83%)
Epoch:22, Loss:0.1727 Val set: Average loss: 0.0122, Accuracy: 41117/50176 (82%)
Epoch:23, Loss:0.1541 Val set: Average loss: 0.0116, Accuracy: 41247/50176 (82%)
Epoch:24, Loss:0.1359 Val set: Average loss: 0.0111, Accuracy: 41406/50176 (83%)
Epoch:25, Loss:0.1056 Val set: Average loss: 0.0133, Accuracy: 41342/50176 (82%)
Epoch:26, Loss:0.1244 Val set: Average loss: 0.0119, Accuracy: 41763/50176 (83%)
Epoch:27, Loss:0.1117 Val set: Average loss: 0.0123, Accuracy: 42018/50176 (84%)
Epoch:28, Loss:0.1112 Val set: Average loss: 0.0124, Accuracy: 41957/50176 (84%)
Epoch:29, Loss:0.1177 Val set: Average loss: 0.0124, Accuracy: 41870/50176 (83%)
Epoch:30, Loss:0.2561 Val set: Average loss: 0.0154, Accuracy: 38869/50176 (77%)
Epoch:31, Loss:0.1094 Val set: Average loss: 0.0123, Accuracy: 41302/50176 (82%)
Epoch:32, Loss:0.0810 Val set: Average loss: 0.0123, Accuracy: 42190/50176 (84%)
Epoch:33, Loss:0.0824 Val set: Average loss: 0.0127, Accuracy: 42115/50176 (84%)
Epoch:34, Loss:0.0932 Val set: Average loss: 0.0129, Accuracy: 41857/50176 (83%)
Epoch:35, Loss:0.0837 Val set: Average loss: 0.0134, Accuracy: 41902/50176 (84%)
Epoch:36, Loss:0.1192 Val set: Average loss: 0.0138, Accuracy: 40521/50176 (81%)
Epoch:37, Loss:0.1045 Val set: Average loss: 0.0130, Accuracy: 42044/50176 (84%)
Epoch:38, Loss:0.0975 Val set: Average loss: 0.0144, Accuracy: 42154/50176 (84%)
Epoch:39, Loss:0.0754 Val set: Average loss: 0.0163, Accuracy: 42100/50176 (84%)
Epoch:40, Loss:0.0696 Val set: Average loss: 0.0147, Accuracy: 41744/50176 (83%)
Epoch:41, Loss:0.0874 Val set: Average loss: 0.0155, Accuracy: 41104/50176 (82%)
Epoch:42, Loss:0.0938 Val set: Average loss: 0.0134, Accuracy: 42047/50176 (84%)
Epoch:43, Loss:0.0709 Val set: Average loss: 0.0132, Accuracy: 42029/50176 (84%)
Epoch:44, Loss:0.0681 Val set: Average loss: 0.0148, Accuracy: 42195/50176 (84%)
Epoch:45, Loss:0.0852 Val set: Average loss: 0.0174, Accuracy: 41969/50176 (84%)
Epoch:46, Loss:0.0963 Val set: Average loss: 0.0160, Accuracy: 41968/50176 (84%)
Epoch:47, Loss:0.0782 Val set: Average loss: 0.0157, Accuracy: 41806/50176 (83%)
Epoch:48, Loss:0.1886 Val set: Average loss: 0.0146, Accuracy: 39944/50176 (80%)
Epoch:49, Loss:0.0695 Val set: Average loss: 0.0127, Accuracy: 41876/50176 (83%)
Epoch:50, Loss:0.0592 Val set: Average loss: 0.0146, Accuracy: 42189/50176 (84%)
Epoch:51, Loss:0.0524 Val set: Average loss: 0.0159, Accuracy: 42159/50176 (84%)
Epoch:52, Loss:0.0522 Val set: Average loss: 0.0175, Accuracy: 41752/50176 (83%)
Epoch:53, Loss:0.0625 Val set: Average loss: 0.0158, Accuracy: 41843/50176 (83%)
Epoch:54, Loss:0.0668 Val set: Average loss: 0.0176, Accuracy: 41653/50176 (83%)
Epoch:55, Loss:0.0892 Val set: Average loss: 0.0141, Accuracy: 41355/50176 (82%)
Epoch:56, Loss:0.0693 Val set: Average loss: 0.0144, Accuracy: 42238/50176 (84%)
Epoch:57, Loss:0.0567 Val set: Average loss: 0.0164, Accuracy: 42210/50176 (84%)
Epoch:58, Loss:0.0499 Val set: Average loss: 0.0191, Accuracy: 41999/50176 (84%)
Epoch:59, Loss:0.0523 Val set: Average loss: 0.0166, Accuracy: 42082/50176 (84%)
Epoch:60, Loss:0.0722 Val set: Average loss: 0.0157, Accuracy: 41383/50176 (82%)
Epoch:61, Loss:0.0821 Val set: Average loss: 0.0141, Accuracy: 41621/50176 (83%)
Epoch:62, Loss:0.0700 Val set: Average loss: 0.0150, Accuracy: 41874/50176 (83%)
Epoch:63, Loss:0.0520 Val set: Average loss: 0.0160, Accuracy: 42145/50176 (84%)
Epoch:64, Loss:0.0438 Val set: Average loss: 0.0181, Accuracy: 42229/50176 (84%)
Epoch:65, Loss:0.0434 Val set: Average loss: 0.0189, Accuracy: 42128/50176 (84%)
Epoch:66, Loss:0.0610 Val set: Average loss: 0.0191, Accuracy: 41721/50176 (83%)
Epoch:67, Loss:0.1133 Val set: Average loss: 0.0178, Accuracy: 40397/50176 (81%)
Epoch:68, Loss:0.0890 Val set: Average loss: 0.0156, Accuracy: 41933/50176 (84%)
Epoch:69, Loss:0.0449 Val set: Average loss: 0.0177, Accuracy: 42116/50176 (84%)
Epoch:70, Loss:0.0436 Val set: Average loss: 0.0184, Accuracy: 42102/50176 (84%)
Epoch:71, Loss:0.0495 Val set: Average loss: 0.0197, Accuracy: 41853/50176 (83%)
Epoch:72, Loss:0.0645 Val set: Average loss: 0.0164, Accuracy: 41694/50176 (83%)
Epoch:73, Loss:0.0542 Val set: Average loss: 0.0160, Accuracy: 42038/50176 (84%)
Epoch:74, Loss:0.0484 Val set: Average loss: 0.0177, Accuracy: 41574/50176 (83%)
Epoch:75, Loss:0.0492 Val set: Average loss: 0.0165, Accuracy: 41424/50176 (83%)
Epoch:76, Loss:0.0698 Val set: Average loss: 0.0163, Accuracy: 42044/50176 (84%)
Epoch:77, Loss:0.0934 Val set: Average loss: 0.0138, Accuracy: 41105/50176 (82%)
Epoch:78, Loss:0.0504 Val set: Average loss: 0.0159, Accuracy: 42104/50176 (84%)
Epoch:79, Loss:0.0437 Val set: Average loss: 0.0186, Accuracy: 42082/50176 (84%)
Epoch:80, Loss:0.0421 Val set: Average loss: 0.0211, Accuracy: 41986/50176 (84%)
Epoch:81, Loss:0.0406 Val set: Average loss: 0.0206, Accuracy: 41813/50176 (83%)
Epoch:82, Loss:0.0444 Val set: Average loss: 0.0186, Accuracy: 41834/50176 (83%)
Epoch:83, Loss:0.0501 Val set: Average loss: 0.0173, Accuracy: 41596/50176 (83%)
Epoch:84, Loss:0.0439 Val set: Average loss: 0.0189, Accuracy: 41806/50176 (83%)
Epoch:85, Loss:0.0895 Val set: Average loss: 0.0148, Accuracy: 40286/50176 (80%)
Epoch:86, Loss:0.0460 Val set: Average loss: 0.0160, Accuracy: 41821/50176 (83%)
Epoch:87, Loss:0.0393 Val set: Average loss: 0.0172, Accuracy: 42023/50176 (84%)
Epoch:88, Loss:0.0359 Val set: Average loss: 0.0197, Accuracy: 42039/50176 (84%)
Epoch:89, Loss:0.0362 Val set: Average loss: 0.0203, Accuracy: 41917/50176 (84%)
Epoch:90, Loss:0.0509 Val set: Average loss: 0.0171, Accuracy: 41744/50176 (83%)
Epoch:91, Loss:0.0515 Val set: Average loss: 0.0170, Accuracy: 41915/50176 (84%)
Epoch:92, Loss:0.0530 Val set: Average loss: 0.0172, Accuracy: 42037/50176 (84%)
Epoch:93, Loss:0.0444 Val set: Average loss: 0.0197, Accuracy: 41675/50176 (83%)
Epoch:94, Loss:0.0458 Val set: Average loss: 0.0213, Accuracy: 41485/50176 (83%)
Epoch:95, Loss:0.1228 Val set: Average loss: 0.0145, Accuracy: 41105/50176 (82%)
Epoch:96, Loss:0.0459 Val set: Average loss: 0.0152, Accuracy: 42004/50176 (84%)
Epoch:97, Loss:0.0357 Val set: Average loss: 0.0174, Accuracy: 42137/50176 (84%)
Epoch:98, Loss:0.0324 Val set: Average loss: 0.0193, Accuracy: 42164/50176 (84%)
Epoch:99, Loss:0.0315 Val set: Average loss: 0.0195, Accuracy: 42127/50176 (84%)
Epoch:100, Loss:0.0391 Val set: Average loss: 0.0196, Accuracy: 42128/50176 (84%)
Epoch:101, Loss:0.1312 Val set: Average loss: 0.0146, Accuracy: 39844/50176 (79%)
Epoch:102, Loss:0.0511 Val set: Average loss: 0.0151, Accuracy: 41658/50176 (83%)
Epoch:103, Loss:0.0363 Val set: Average loss: 0.0182, Accuracy: 41980/50176 (84%)
Epoch:104, Loss:0.0327 Val set: Average loss: 0.0206, Accuracy: 41956/50176 (84%)
Epoch:105, Loss:0.0311 Val set: Average loss: 0.0209, Accuracy: 42042/50176 (84%)
Epoch:106, Loss:0.0373 Val set: Average loss: 0.0179, Accuracy: 41704/50176 (83%)
Epoch:107, Loss:0.0457 Val set: Average loss: 0.0162, Accuracy: 41611/50176 (83%)
Epoch:108, Loss:0.0391 Val set: Average loss: 0.0174, Accuracy: 41947/50176 (84%)
Epoch:109, Loss:0.0395 Val set: Average loss: 0.0202, Accuracy: 41833/50176 (83%)
Epoch:110, Loss:0.0811 Val set: Average loss: 0.0168, Accuracy: 39806/50176 (79%)
Epoch:111, Loss:0.0373 Val set: Average loss: 0.0163, Accuracy: 41913/50176 (84%)
Epoch:112, Loss:0.0312 Val set: Average loss: 0.0194, Accuracy: 41946/50176 (84%)
Epoch:113, Loss:0.0280 Val set: Average loss: 0.0217, Accuracy: 41957/50176 (84%)
Epoch:114, Loss:0.0280 Val set: Average loss: 0.0225, Accuracy: 41828/50176 (83%)
Epoch:115, Loss:0.0459 Val set: Average loss: 0.0178, Accuracy: 41666/50176 (83%)
Epoch:116, Loss:0.0625 Val set: Average loss: 0.0183, Accuracy: 41761/50176 (83%)
Epoch:117, Loss:0.0504 Val set: Average loss: 0.0177, Accuracy: 41111/50176 (82%)
Epoch:118, Loss:0.0355 Val set: Average loss: 0.0179, Accuracy: 41851/50176 (83%)
Epoch:119, Loss:0.0311 Val set: Average loss: 0.0199, Accuracy: 41932/50176 (84%)
Epoch:120, Loss:0.0284 Val set: Average loss: 0.0223, Accuracy: 41884/50176 (83%)
Epoch:121, Loss:0.0295 Val set: Average loss: 0.0212, Accuracy: 41730/50176 (83%)
Epoch:122, Loss:0.3073 Val set: Average loss: 0.0165, Accuracy: 39941/50176 (80%)
Epoch:123, Loss:0.0391 Val set: Average loss: 0.0161, Accuracy: 41777/50176 (83%)
Epoch:124, Loss:0.0313 Val set: Average loss: 0.0184, Accuracy: 41830/50176 (83%)
Epoch:125, Loss:0.0275 Val set: Average loss: 0.0211, Accuracy: 41855/50176 (83%)
Epoch:126, Loss:0.0263 Val set: Average loss: 0.0224, Accuracy: 41827/50176 (83%)
Epoch:127, Loss:0.0303 Val set: Average loss: 0.0206, Accuracy: 41771/50176 (83%)
Epoch:128, Loss:0.0388 Val set: Average loss: 0.0184, Accuracy: 41397/50176 (83%)
Epoch:129, Loss:0.0482 Val set: Average loss: 0.0167, Accuracy: 41483/50176 (83%)
Epoch:130, Loss:0.0319 Val set: Average loss: 0.0190, Accuracy: 41787/50176 (83%)
Epoch:131, Loss:0.0275 Val set: Average loss: 0.0214, Accuracy: 41810/50176 (83%)
Epoch:132, Loss:0.0267 Val set: Average loss: 0.0224, Accuracy: 41803/50176 (83%)
Epoch:133, Loss:0.0315 Val set: Average loss: 0.0209, Accuracy: 41674/50176 (83%)
Epoch:134, Loss:0.0325 Val set: Average loss: 0.0187, Accuracy: 42016/50176 (84%)
Epoch:135, Loss:0.0334 Val set: Average loss: 0.0184, Accuracy: 41636/50176 (83%)
Epoch:136, Loss:0.0323 Val set: Average loss: 0.0212, Accuracy: 41519/50176 (83%)
Epoch:137, Loss:0.0406 Val set: Average loss: 0.0164, Accuracy: 41605/50176 (83%)
Epoch:138, Loss:0.0301 Val set: Average loss: 0.0184, Accuracy: 41792/50176 (83%)
Epoch:139, Loss:0.0257 Val set: Average loss: 0.0211, Accuracy: 41850/50176 (83%)
Epoch:140, Loss:0.0246 Val set: Average loss: 0.0232, Accuracy: 41861/50176 (83%)
Training time: 446320:29:36.30