FCN(
  (pool4): Sequential(
    (0): Conv2d(3, 64, kernel_size=(3, 3), stride=(1, 1), padding=(1, 1))
    (1): ReLU(inplace=True)
    (2): Conv2d(64, 64, kernel_size=(3, 3), stride=(1, 1), padding=(1, 1))
    (3): ReLU(inplace=True)
    (4): MaxPool2d(kernel_size=2, stride=2, padding=0, dilation=1, ceil_mode=False)
    (5): Conv2d(64, 128, kernel_size=(3, 3), stride=(1, 1), padding=(1, 1))
    (6): ReLU(inplace=True)
    (7): Conv2d(128, 128, kernel_size=(3, 3), stride=(1, 1), padding=(1, 1))
    (8): ReLU(inplace=True)
    (9): MaxPool2d(kernel_size=2, stride=2, padding=0, dilation=1, ceil_mode=False)
    (10): Conv2d(128, 256, kernel_size=(3, 3), stride=(1, 1), padding=(1, 1))
    (11): ReLU(inplace=True)
    (12): Conv2d(256, 256, kernel_size=(3, 3), stride=(1, 1), padding=(1, 1))
    (13): ReLU(inplace=True)
    (14): Conv2d(256, 256, kernel_size=(3, 3), stride=(1, 1), padding=(1, 1))
    (15): ReLU(inplace=True)
    (16): MaxPool2d(kernel_size=2, stride=2, padding=0, dilation=1, ceil_mode=False)
    (17): Conv2d(256, 512, kernel_size=(3, 3), stride=(1, 1), padding=(1, 1))
    (18): ReLU(inplace=True)
    (19): Conv2d(512, 512, kernel_size=(3, 3), stride=(1, 1), padding=(1, 1))
    (20): ReLU(inplace=True)
    (21): Conv2d(512, 512, kernel_size=(3, 3), stride=(1, 1), padding=(1, 1))
    (22): ReLU(inplace=True)
    (23): MaxPool2d(kernel_size=2, stride=2, padding=0, dilation=1, ceil_mode=False)
  )
  (pool5): Sequential(
    (24): Conv2d(512, 512, kernel_size=(3, 3), stride=(1, 1), padding=(1, 1))
    (25): ReLU(inplace=True)
    (26): Conv2d(512, 512, kernel_size=(3, 3), stride=(1, 1), padding=(1, 1))
    (27): ReLU(inplace=True)
    (28): Conv2d(512, 512, kernel_size=(3, 3), stride=(1, 1), padding=(1, 1))
    (29): ReLU(inplace=True)
    (30): MaxPool2d(kernel_size=2, stride=2, padding=0, dilation=1, ceil_mode=False)
  )
  (upconv4): Sequential(
    (0): ConvTranspose2d(512, 512, kernel_size=(3, 3), stride=(2, 2), padding=(1, 1), output_padding=(1, 1))
    (1): LeakyReLU(negative_slope=0.01)
    (2): Dropout2d(p=0.5, inplace=False)
  )
  (upconv): Sequential(
    (0): ConvTranspose2d(512, 256, kernel_size=(3, 3), stride=(2, 2), padding=(1, 1), output_padding=(1, 1))
    (1): LeakyReLU(negative_slope=0.01)
    (2): Dropout2d(p=0.5, inplace=False)
    (3): ConvTranspose2d(256, 128, kernel_size=(3, 3), stride=(2, 2), padding=(1, 1), output_padding=(1, 1))
    (4): LeakyReLU(negative_slope=0.01)
    (5): Dropout2d(p=0.5, inplace=False)
    (6): ConvTranspose2d(128, 64, kernel_size=(3, 3), stride=(2, 2), padding=(1, 1), output_padding=(1, 1))
    (7): LeakyReLU(negative_slope=0.01)
    (8): Dropout2d(p=0.5, inplace=False)
    (9): ConvTranspose2d(64, 32, kernel_size=(3, 3), stride=(2, 2), padding=(1, 1), output_padding=(1, 1))
    (10): LeakyReLU(negative_slope=0.01)
    (11): Dropout2d(p=0.5, inplace=False)
    (12): Conv2d(32, 21, kernel_size=(1, 1), stride=(1, 1))
  )
)
Criterion: LovaszSoftmax()
Optimizer: Adam (
Parameter Group 0
    amsgrad: False
    betas: (0.9, 0.999)
    eps: 1e-08
    lr: 0.0003
    weight_decay: 1e-05
)
Learning Rate: 0.0003
Weight Decay: 1e-05
Batch Size: 10
Epochs: 100
-----------------------
Epoch:1, Loss:0.9357 Val set: Average loss: 0.0149, Accuracy: 6568/50176 (13%)
Epoch:2, Loss:0.8194 Val set: Average loss: 0.0148, Accuracy: 26941/50176 (54%)
Epoch:3, Loss:0.7997 Val set: Average loss: 0.0147, Accuracy: 25031/50176 (50%)
Epoch:4, Loss:0.7884 Val set: Average loss: 0.0146, Accuracy: 24285/50176 (48%)
Epoch:5, Loss:0.7618 Val set: Average loss: 0.0145, Accuracy: 26582/50176 (53%)
Epoch:6, Loss:0.7316 Val set: Average loss: 0.0144, Accuracy: 30465/50176 (61%)
Epoch:7, Loss:0.7320 Val set: Average loss: 0.0144, Accuracy: 28131/50176 (56%)
Epoch:8, Loss:0.6871 Val set: Average loss: 0.0143, Accuracy: 30547/50176 (61%)
Epoch:9, Loss:0.6826 Val set: Average loss: 0.0143, Accuracy: 31524/50176 (63%)
Epoch:10, Loss:0.6509 Val set: Average loss: 0.0142, Accuracy: 31258/50176 (62%)
Epoch:11, Loss:0.6640 Val set: Average loss: 0.0140, Accuracy: 30724/50176 (61%)
Epoch:12, Loss:0.6385 Val set: Average loss: 0.0139, Accuracy: 32319/50176 (64%)
Epoch:13, Loss:0.6352 Val set: Average loss: 0.0139, Accuracy: 34581/50176 (69%)
Epoch:14, Loss:0.6094 Val set: Average loss: 0.0137, Accuracy: 33045/50176 (66%)
Epoch:15, Loss:0.5974 Val set: Average loss: 0.0135, Accuracy: 30517/50176 (61%)
Epoch:16, Loss:0.5882 Val set: Average loss: 0.0136, Accuracy: 27022/50176 (54%)
Epoch:17, Loss:0.5910 Val set: Average loss: 0.0136, Accuracy: 28656/50176 (57%)
Epoch:18, Loss:0.5544 Val set: Average loss: 0.0133, Accuracy: 31341/50176 (62%)
Epoch:19, Loss:0.5798 Val set: Average loss: 0.0134, Accuracy: 34043/50176 (68%)
Epoch:20, Loss:0.5341 Val set: Average loss: 0.0132, Accuracy: 30991/50176 (62%)
Epoch:21, Loss:0.5189 Val set: Average loss: 0.0132, Accuracy: 32164/50176 (64%)
Epoch:22, Loss:0.5686 Val set: Average loss: 0.0131, Accuracy: 31435/50176 (63%)
Epoch:23, Loss:0.5156 Val set: Average loss: 0.0132, Accuracy: 32144/50176 (64%)
Epoch:24, Loss:0.4781 Val set: Average loss: 0.0133, Accuracy: 32366/50176 (65%)
Epoch:25, Loss:0.5368 Val set: Average loss: 0.0133, Accuracy: 28954/50176 (58%)
Epoch:26, Loss:0.4938 Val set: Average loss: 0.0133, Accuracy: 29162/50176 (58%)
Epoch:27, Loss:0.4847 Val set: Average loss: 0.0130, Accuracy: 30566/50176 (61%)
Epoch:28, Loss:0.4869 Val set: Average loss: 0.0128, Accuracy: 30559/50176 (61%)
Epoch:29, Loss:0.4787 Val set: Average loss: 0.0128, Accuracy: 31138/50176 (62%)
Epoch:30, Loss:0.4735 Val set: Average loss: 0.0129, Accuracy: 31431/50176 (63%)
Epoch:31, Loss:0.5376 Val set: Average loss: 0.0127, Accuracy: 28814/50176 (57%)
Epoch:32, Loss:0.4785 Val set: Average loss: 0.0127, Accuracy: 30507/50176 (61%)
Epoch:33, Loss:0.4652 Val set: Average loss: 0.0128, Accuracy: 29525/50176 (59%)
Epoch:34, Loss:0.4710 Val set: Average loss: 0.0128, Accuracy: 28847/50176 (57%)
Epoch:35, Loss:0.4649 Val set: Average loss: 0.0129, Accuracy: 30778/50176 (61%)
Epoch:36, Loss:0.4622 Val set: Average loss: 0.0126, Accuracy: 31277/50176 (62%)
Epoch:37, Loss:0.4636 Val set: Average loss: 0.0125, Accuracy: 30754/50176 (61%)
Epoch:38, Loss:0.4683 Val set: Average loss: 0.0128, Accuracy: 29557/50176 (59%)
Epoch:39, Loss:0.4709 Val set: Average loss: 0.0124, Accuracy: 29059/50176 (58%)
Epoch:40, Loss:0.4554 Val set: Average loss: 0.0125, Accuracy: 30561/50176 (61%)
Epoch:41, Loss:0.4512 Val set: Average loss: 0.0127, Accuracy: 31722/50176 (63%)
Epoch:42, Loss:0.4407 Val set: Average loss: 0.0126, Accuracy: 30722/50176 (61%)
Epoch:43, Loss:0.4454 Val set: Average loss: 0.0124, Accuracy: 30574/50176 (61%)
Epoch:44, Loss:0.4520 Val set: Average loss: 0.0127, Accuracy: 28344/50176 (56%)
Epoch:45, Loss:0.4464 Val set: Average loss: 0.0125, Accuracy: 29855/50176 (60%)
Epoch:46, Loss:0.4426 Val set: Average loss: 0.0122, Accuracy: 29216/50176 (58%)
Epoch:47, Loss:0.4350 Val set: Average loss: 0.0121, Accuracy: 29633/50176 (59%)
Epoch:48, Loss:0.4430 Val set: Average loss: 0.0124, Accuracy: 28388/50176 (57%)
Epoch:49, Loss:0.4319 Val set: Average loss: 0.0124, Accuracy: 32172/50176 (64%)
Epoch:50, Loss:0.4326 Val set: Average loss: 0.0125, Accuracy: 31263/50176 (62%)
Epoch:51, Loss:0.4462 Val set: Average loss: 0.0123, Accuracy: 32835/50176 (65%)
Epoch:52, Loss:0.4313 Val set: Average loss: 0.0125, Accuracy: 33217/50176 (66%)
Epoch:53, Loss:0.4037 Val set: Average loss: 0.0123, Accuracy: 34260/50176 (68%)
Epoch:54, Loss:0.4018 Val set: Average loss: 0.0126, Accuracy: 31057/50176 (62%)
Epoch:55, Loss:0.3402 Val set: Average loss: 0.0124, Accuracy: 32104/50176 (64%)
Epoch:56, Loss:0.3589 Val set: Average loss: 0.0127, Accuracy: 31901/50176 (64%)
Epoch:57, Loss:0.3299 Val set: Average loss: 0.0127, Accuracy: 32860/50176 (65%)
Epoch:58, Loss:0.3259 Val set: Average loss: 0.0126, Accuracy: 33446/50176 (67%)
Epoch:59, Loss:0.3560 Val set: Average loss: 0.0124, Accuracy: 33303/50176 (66%)
Epoch:60, Loss:0.3156 Val set: Average loss: 0.0125, Accuracy: 33554/50176 (67%)
Epoch:61, Loss:0.3331 Val set: Average loss: 0.0125, Accuracy: 33960/50176 (68%)
Epoch:62, Loss:0.3189 Val set: Average loss: 0.0123, Accuracy: 32732/50176 (65%)
Epoch:63, Loss:0.3365 Val set: Average loss: 0.0126, Accuracy: 34120/50176 (68%)
Epoch:64, Loss:0.3112 Val set: Average loss: 0.0125, Accuracy: 34198/50176 (68%)
Epoch:65, Loss:0.3241 Val set: Average loss: 0.0126, Accuracy: 34779/50176 (69%)
Epoch:66, Loss:0.3035 Val set: Average loss: 0.0126, Accuracy: 36141/50176 (72%)
Epoch:67, Loss:0.3139 Val set: Average loss: 0.0125, Accuracy: 35395/50176 (71%)
Epoch:68, Loss:0.3070 Val set: Average loss: 0.0129, Accuracy: 36314/50176 (72%)
Epoch:69, Loss:0.2992 Val set: Average loss: 0.0127, Accuracy: 34853/50176 (69%)
Epoch:70, Loss:0.3253 Val set: Average loss: 0.0127, Accuracy: 35449/50176 (71%)
Epoch:71, Loss:0.3021 Val set: Average loss: 0.0128, Accuracy: 35659/50176 (71%)
Epoch:72, Loss:0.3060 Val set: Average loss: 0.0128, Accuracy: 36448/50176 (73%)
Epoch:73, Loss:0.3220 Val set: Average loss: 0.0127, Accuracy: 36383/50176 (73%)
Epoch:74, Loss:0.3008 Val set: Average loss: 0.0128, Accuracy: 34477/50176 (69%)
Epoch:75, Loss:0.3032 Val set: Average loss: 0.0126, Accuracy: 34563/50176 (69%)
Epoch:76, Loss:0.2997 Val set: Average loss: 0.0127, Accuracy: 33764/50176 (67%)
Epoch:77, Loss:0.2931 Val set: Average loss: 0.0125, Accuracy: 35949/50176 (72%)
Epoch:78, Loss:0.2830 Val set: Average loss: 0.0125, Accuracy: 34572/50176 (69%)
Epoch:79, Loss:0.2796 Val set: Average loss: 0.0129, Accuracy: 36005/50176 (72%)
Epoch:80, Loss:0.2147 Val set: Average loss: 0.0124, Accuracy: 35093/50176 (70%)
Epoch:81, Loss:0.2296 Val set: Average loss: 0.0126, Accuracy: 33398/50176 (67%)
Epoch:82, Loss:0.1962 Val set: Average loss: 0.0126, Accuracy: 34292/50176 (68%)
Epoch:83, Loss:0.2092 Val set: Average loss: 0.0126, Accuracy: 34628/50176 (69%)
Epoch:84, Loss:0.2946 Val set: Average loss: 0.0128, Accuracy: 36286/50176 (72%)
Epoch:85, Loss:0.1694 Val set: Average loss: 0.0124, Accuracy: 34604/50176 (69%)
Epoch:86, Loss:0.1998 Val set: Average loss: 0.0125, Accuracy: 35494/50176 (71%)
Epoch:87, Loss:0.2081 Val set: Average loss: 0.0126, Accuracy: 35516/50176 (71%)
Epoch:88, Loss:0.1716 Val set: Average loss: 0.0124, Accuracy: 35679/50176 (71%)
Epoch:89, Loss:0.1380 Val set: Average loss: 0.0126, Accuracy: 37937/50176 (76%)
Epoch:90, Loss:0.1306 Val set: Average loss: 0.0126, Accuracy: 38120/50176 (76%)
Epoch:91, Loss:0.1220 Val set: Average loss: 0.0125, Accuracy: 37550/50176 (75%)
Epoch:92, Loss:0.1551 Val set: Average loss: 0.0128, Accuracy: 38289/50176 (76%)
Epoch:93, Loss:0.1173 Val set: Average loss: 0.0126, Accuracy: 37907/50176 (76%)
Epoch:94, Loss:0.1342 Val set: Average loss: 0.0127, Accuracy: 37328/50176 (74%)
Epoch:95, Loss:0.1307 Val set: Average loss: 0.0126, Accuracy: 37948/50176 (76%)
Epoch:96, Loss:0.1478 Val set: Average loss: 0.0124, Accuracy: 37787/50176 (75%)
Epoch:97, Loss:0.1234 Val set: Average loss: 0.0128, Accuracy: 37454/50176 (75%)
Epoch:98, Loss:0.1171 Val set: Average loss: 0.0126, Accuracy: 37899/50176 (76%)
Epoch:99, Loss:0.1289 Val set: Average loss: 0.0126, Accuracy: 38115/50176 (76%)
Epoch:100, Loss:0.1292 Val set: Average loss: 0.0126, Accuracy: 36897/50176 (74%)
Training time: 446335:00:31.35