FCN(
  (pool4): Sequential(
    (0): Conv2d(3, 64, kernel_size=(3, 3), stride=(1, 1), padding=(1, 1))
    (1): ReLU(inplace=True)
    (2): Conv2d(64, 64, kernel_size=(3, 3), stride=(1, 1), padding=(1, 1))
    (3): ReLU(inplace=True)
    (4): MaxPool2d(kernel_size=2, stride=2, padding=0, dilation=1, ceil_mode=False)
    (5): Conv2d(64, 128, kernel_size=(3, 3), stride=(1, 1), padding=(1, 1))
    (6): ReLU(inplace=True)
    (7): Conv2d(128, 128, kernel_size=(3, 3), stride=(1, 1), padding=(1, 1))
    (8): ReLU(inplace=True)
    (9): MaxPool2d(kernel_size=2, stride=2, padding=0, dilation=1, ceil_mode=False)
    (10): Conv2d(128, 256, kernel_size=(3, 3), stride=(1, 1), padding=(1, 1))
    (11): ReLU(inplace=True)
    (12): Conv2d(256, 256, kernel_size=(3, 3), stride=(1, 1), padding=(1, 1))
    (13): ReLU(inplace=True)
    (14): Conv2d(256, 256, kernel_size=(3, 3), stride=(1, 1), padding=(1, 1))
    (15): ReLU(inplace=True)
    (16): MaxPool2d(kernel_size=2, stride=2, padding=0, dilation=1, ceil_mode=False)
    (17): Conv2d(256, 512, kernel_size=(3, 3), stride=(1, 1), padding=(1, 1))
    (18): ReLU(inplace=True)
    (19): Conv2d(512, 512, kernel_size=(3, 3), stride=(1, 1), padding=(1, 1))
    (20): ReLU(inplace=True)
    (21): Conv2d(512, 512, kernel_size=(3, 3), stride=(1, 1), padding=(1, 1))
    (22): ReLU(inplace=True)
    (23): MaxPool2d(kernel_size=2, stride=2, padding=0, dilation=1, ceil_mode=False)
  )
  (pool5): Sequential(
    (24): Conv2d(512, 512, kernel_size=(3, 3), stride=(1, 1), padding=(1, 1))
    (25): ReLU(inplace=True)
    (26): Conv2d(512, 512, kernel_size=(3, 3), stride=(1, 1), padding=(1, 1))
    (27): ReLU(inplace=True)
    (28): Conv2d(512, 512, kernel_size=(3, 3), stride=(1, 1), padding=(1, 1))
    (29): ReLU(inplace=True)
    (30): MaxPool2d(kernel_size=2, stride=2, padding=0, dilation=1, ceil_mode=False)
  )
  (upconv4): Sequential(
    (0): ConvTranspose2d(512, 512, kernel_size=(3, 3), stride=(2, 2), padding=(1, 1), output_padding=(1, 1))
    (1): LeakyReLU(negative_slope=0.01)
    (2): Dropout2d(p=0.5, inplace=False)
  )
  (upconv): Sequential(
    (0): ConvTranspose2d(512, 256, kernel_size=(3, 3), stride=(2, 2), padding=(1, 1), output_padding=(1, 1))
    (1): LeakyReLU(negative_slope=0.01)
    (2): Dropout2d(p=0.5, inplace=False)
    (3): ConvTranspose2d(256, 128, kernel_size=(3, 3), stride=(2, 2), padding=(1, 1), output_padding=(1, 1))
    (4): LeakyReLU(negative_slope=0.01)
    (5): Dropout2d(p=0.5, inplace=False)
    (6): ConvTranspose2d(128, 64, kernel_size=(3, 3), stride=(2, 2), padding=(1, 1), output_padding=(1, 1))
    (7): LeakyReLU(negative_slope=0.01)
    (8): Dropout2d(p=0.5, inplace=False)
    (9): ConvTranspose2d(64, 32, kernel_size=(3, 3), stride=(2, 2), padding=(1, 1), output_padding=(1, 1))
    (10): LeakyReLU(negative_slope=0.01)
    (11): Dropout2d(p=0.5, inplace=False)
    (12): Conv2d(32, 21, kernel_size=(1, 1), stride=(1, 1))
  )
)
Criterion: FocalLoss(
  (CE_loss): CrossEntropyLoss()
)
Optimizer: Adam (
Parameter Group 0
    amsgrad: False
    betas: (0.9, 0.999)
    eps: 1e-08
    lr: 0.0003
    weight_decay: 1e-05
)
Learning Rate: 0.0003
Weight Decay: 1e-05
Batch Size: 20
Epochs: 200
-----------------------
Epoch:1, Loss:1.2787 Val set: Average loss: 0.0176, Accuracy: 36714/50176 (73%)
Epoch:2, Loss:0.9372 Val set: Average loss: 0.0159, Accuracy: 36725/50176 (73%)
Epoch:3, Loss:0.7769 Val set: Average loss: 0.0151, Accuracy: 36725/50176 (73%)
Epoch:4, Loss:0.7041 Val set: Average loss: 0.0157, Accuracy: 36725/50176 (73%)
Epoch:5, Loss:0.6688 Val set: Average loss: 0.0151, Accuracy: 36725/50176 (73%)
Epoch:6, Loss:0.7052 Val set: Average loss: 0.0144, Accuracy: 36725/50176 (73%)
Epoch:7, Loss:0.8013 Val set: Average loss: 0.0149, Accuracy: 36725/50176 (73%)
Epoch:8, Loss:0.6280 Val set: Average loss: 0.0144, Accuracy: 36725/50176 (73%)
Epoch:9, Loss:0.6377 Val set: Average loss: 0.0152, Accuracy: 36725/50176 (73%)
Epoch:10, Loss:0.6338 Val set: Average loss: 0.0151, Accuracy: 36743/50176 (73%)
Epoch:11, Loss:0.5753 Val set: Average loss: 0.0153, Accuracy: 36725/50176 (73%)
Epoch:12, Loss:0.5539 Val set: Average loss: 0.0165, Accuracy: 36725/50176 (73%)
Epoch:13, Loss:0.5254 Val set: Average loss: 0.0145, Accuracy: 36712/50176 (73%)
Epoch:14, Loss:0.4534 Val set: Average loss: 0.0142, Accuracy: 36699/50176 (73%)
Epoch:15, Loss:0.3667 Val set: Average loss: 0.0142, Accuracy: 37292/50176 (74%)
Epoch:16, Loss:0.3610 Val set: Average loss: 0.0146, Accuracy: 36770/50176 (73%)
Epoch:17, Loss:0.3140 Val set: Average loss: 0.0146, Accuracy: 37115/50176 (74%)
Epoch:18, Loss:0.2967 Val set: Average loss: 0.0144, Accuracy: 36076/50176 (72%)
Epoch:19, Loss:0.2340 Val set: Average loss: 0.0137, Accuracy: 37142/50176 (74%)
Epoch:20, Loss:0.2091 Val set: Average loss: 0.0140, Accuracy: 36625/50176 (73%)
Epoch:21, Loss:0.2002 Val set: Average loss: 0.0131, Accuracy: 37199/50176 (74%)
Epoch:22, Loss:0.1820 Val set: Average loss: 0.0133, Accuracy: 36065/50176 (72%)
Epoch:23, Loss:0.1167 Val set: Average loss: 0.0132, Accuracy: 35595/50176 (71%)
Epoch:24, Loss:0.1633 Val set: Average loss: 0.0137, Accuracy: 35983/50176 (72%)
Epoch:25, Loss:0.2253 Val set: Average loss: 0.0140, Accuracy: 35715/50176 (71%)
Epoch:26, Loss:0.1485 Val set: Average loss: 0.0181, Accuracy: 35774/50176 (71%)
Epoch:27, Loss:0.1046 Val set: Average loss: 0.0151, Accuracy: 36230/50176 (72%)
Epoch:28, Loss:0.0921 Val set: Average loss: 0.0132, Accuracy: 38432/50176 (77%)
Epoch:29, Loss:0.1058 Val set: Average loss: 0.0160, Accuracy: 38466/50176 (77%)
Epoch:30, Loss:0.0911 Val set: Average loss: 0.0157, Accuracy: 38611/50176 (77%)
Epoch:31, Loss:0.0837 Val set: Average loss: 0.0178, Accuracy: 38794/50176 (77%)
Epoch:32, Loss:0.0753 Val set: Average loss: 0.0190, Accuracy: 38316/50176 (76%)
Epoch:33, Loss:0.0674 Val set: Average loss: 0.0162, Accuracy: 38527/50176 (77%)
Epoch:34, Loss:0.0663 Val set: Average loss: 0.0163, Accuracy: 38672/50176 (77%)
Epoch:35, Loss:0.0742 Val set: Average loss: 0.0133, Accuracy: 37582/50176 (75%)
Epoch:36, Loss:0.0459 Val set: Average loss: 0.0127, Accuracy: 38079/50176 (76%)
Epoch:37, Loss:0.0598 Val set: Average loss: 0.0133, Accuracy: 37897/50176 (76%)
Epoch:38, Loss:0.0810 Val set: Average loss: 0.0128, Accuracy: 37667/50176 (75%)
Epoch:39, Loss:0.0565 Val set: Average loss: 0.0164, Accuracy: 36364/50176 (72%)
Epoch:40, Loss:0.0473 Val set: Average loss: 0.0154, Accuracy: 37070/50176 (74%)
Epoch:41, Loss:0.0536 Val set: Average loss: 0.0145, Accuracy: 38247/50176 (76%)
Epoch:42, Loss:0.0497 Val set: Average loss: 0.0177, Accuracy: 38418/50176 (77%)
Epoch:43, Loss:0.0378 Val set: Average loss: 0.0176, Accuracy: 38517/50176 (77%)
Epoch:44, Loss:0.0259 Val set: Average loss: 0.0175, Accuracy: 38718/50176 (77%)
Epoch:45, Loss:0.0235 Val set: Average loss: 0.0224, Accuracy: 37968/50176 (76%)
Epoch:46, Loss:0.0195 Val set: Average loss: 0.0170, Accuracy: 38779/50176 (77%)
Epoch:47, Loss:0.0165 Val set: Average loss: 0.0163, Accuracy: 39120/50176 (78%)
Epoch:48, Loss:0.0159 Val set: Average loss: 0.0170, Accuracy: 39108/50176 (78%)
Epoch:49, Loss:0.0166 Val set: Average loss: 0.0191, Accuracy: 38477/50176 (77%)
Epoch:50, Loss:0.0155 Val set: Average loss: 0.0211, Accuracy: 38069/50176 (76%)
Epoch:51, Loss:0.0240 Val set: Average loss: 0.0174, Accuracy: 38262/50176 (76%)
Epoch:52, Loss:0.0167 Val set: Average loss: 0.0184, Accuracy: 38465/50176 (77%)
Epoch:53, Loss:0.0205 Val set: Average loss: 0.0170, Accuracy: 38077/50176 (76%)
Epoch:54, Loss:0.0146 Val set: Average loss: 0.0183, Accuracy: 39081/50176 (78%)
Epoch:55, Loss:0.0143 Val set: Average loss: 0.0171, Accuracy: 39413/50176 (79%)
Epoch:56, Loss:0.0114 Val set: Average loss: 0.0161, Accuracy: 39274/50176 (78%)
Epoch:57, Loss:0.0146 Val set: Average loss: 0.0157, Accuracy: 39008/50176 (78%)
Epoch:58, Loss:0.0123 Val set: Average loss: 0.0149, Accuracy: 38636/50176 (77%)
Epoch:59, Loss:0.0217 Val set: Average loss: 0.0155, Accuracy: 38253/50176 (76%)
Epoch:60, Loss:0.0303 Val set: Average loss: 0.0144, Accuracy: 37140/50176 (74%)
Epoch:61, Loss:0.0591 Val set: Average loss: 0.0141, Accuracy: 38136/50176 (76%)
Epoch:62, Loss:0.0174 Val set: Average loss: 0.0133, Accuracy: 38946/50176 (78%)
Epoch:63, Loss:0.0202 Val set: Average loss: 0.0150, Accuracy: 38238/50176 (76%)
Epoch:64, Loss:0.0146 Val set: Average loss: 0.0172, Accuracy: 38946/50176 (78%)
Epoch:65, Loss:0.0170 Val set: Average loss: 0.0188, Accuracy: 39015/50176 (78%)
Epoch:66, Loss:0.0186 Val set: Average loss: 0.0191, Accuracy: 38974/50176 (78%)
Epoch:67, Loss:0.0128 Val set: Average loss: 0.0200, Accuracy: 38925/50176 (78%)
Epoch:68, Loss:0.0202 Val set: Average loss: 0.0192, Accuracy: 38725/50176 (77%)
Epoch:69, Loss:0.0194 Val set: Average loss: 0.0170, Accuracy: 39123/50176 (78%)
Epoch:70, Loss:0.0201 Val set: Average loss: 0.0154, Accuracy: 38914/50176 (78%)
Epoch:71, Loss:0.0159 Val set: Average loss: 0.0159, Accuracy: 39136/50176 (78%)
Epoch:72, Loss:0.0112 Val set: Average loss: 0.0194, Accuracy: 38720/50176 (77%)
Epoch:73, Loss:0.0099 Val set: Average loss: 0.0179, Accuracy: 39178/50176 (78%)
Epoch:74, Loss:0.0098 Val set: Average loss: 0.0169, Accuracy: 38900/50176 (78%)
Epoch:75, Loss:0.0087 Val set: Average loss: 0.0185, Accuracy: 38785/50176 (77%)
Epoch:76, Loss:0.0083 Val set: Average loss: 0.0200, Accuracy: 38817/50176 (77%)
Epoch:77, Loss:0.0083 Val set: Average loss: 0.0201, Accuracy: 38852/50176 (77%)
Epoch:78, Loss:0.0093 Val set: Average loss: 0.0187, Accuracy: 39237/50176 (78%)
Epoch:79, Loss:0.0081 Val set: Average loss: 0.0198, Accuracy: 39427/50176 (79%)
Epoch:80, Loss:0.0122 Val set: Average loss: 0.0189, Accuracy: 38814/50176 (77%)
Epoch:81, Loss:0.0104 Val set: Average loss: 0.0195, Accuracy: 38860/50176 (77%)
Epoch:82, Loss:0.0076 Val set: Average loss: 0.0207, Accuracy: 39145/50176 (78%)
Epoch:83, Loss:0.0110 Val set: Average loss: 0.0209, Accuracy: 39240/50176 (78%)
Epoch:84, Loss:0.0093 Val set: Average loss: 0.0221, Accuracy: 38847/50176 (77%)
Epoch:85, Loss:0.0080 Val set: Average loss: 0.0239, Accuracy: 39121/50176 (78%)
Epoch:86, Loss:0.0061 Val set: Average loss: 0.0253, Accuracy: 39160/50176 (78%)
Epoch:87, Loss:0.0062 Val set: Average loss: 0.0252, Accuracy: 38801/50176 (77%)
Epoch:88, Loss:0.0119 Val set: Average loss: 0.0206, Accuracy: 39114/50176 (78%)
Epoch:89, Loss:0.0161 Val set: Average loss: 0.0155, Accuracy: 38366/50176 (76%)
Epoch:90, Loss:0.1035 Val set: Average loss: 0.0131, Accuracy: 37795/50176 (75%)
Epoch:91, Loss:0.0675 Val set: Average loss: 0.0139, Accuracy: 39146/50176 (78%)
Epoch:92, Loss:0.0318 Val set: Average loss: 0.0136, Accuracy: 39289/50176 (78%)
Epoch:93, Loss:0.0152 Val set: Average loss: 0.0143, Accuracy: 39366/50176 (78%)
Epoch:94, Loss:0.0126 Val set: Average loss: 0.0175, Accuracy: 39440/50176 (79%)
Epoch:95, Loss:0.0086 Val set: Average loss: 0.0183, Accuracy: 39630/50176 (79%)
Epoch:96, Loss:0.0080 Val set: Average loss: 0.0184, Accuracy: 39692/50176 (79%)
Epoch:97, Loss:0.0070 Val set: Average loss: 0.0200, Accuracy: 39625/50176 (79%)
Epoch:98, Loss:0.0065 Val set: Average loss: 0.0203, Accuracy: 39541/50176 (79%)
Epoch:99, Loss:0.0064 Val set: Average loss: 0.0219, Accuracy: 39346/50176 (78%)
Epoch:100, Loss:0.0064 Val set: Average loss: 0.0233, Accuracy: 39233/50176 (78%)
Epoch:101, Loss:0.0061 Val set: Average loss: 0.0256, Accuracy: 38845/50176 (77%)
Epoch:102, Loss:0.0085 Val set: Average loss: 0.0227, Accuracy: 39262/50176 (78%)
Epoch:103, Loss:0.0096 Val set: Average loss: 0.0224, Accuracy: 39135/50176 (78%)
Epoch:104, Loss:0.0152 Val set: Average loss: 0.0241, Accuracy: 38767/50176 (77%)
Epoch:105, Loss:0.0082 Val set: Average loss: 0.0201, Accuracy: 39435/50176 (79%)
Epoch:106, Loss:0.0088 Val set: Average loss: 0.0193, Accuracy: 39424/50176 (79%)
Epoch:107, Loss:0.0061 Val set: Average loss: 0.0191, Accuracy: 39530/50176 (79%)
Epoch:108, Loss:0.0057 Val set: Average loss: 0.0211, Accuracy: 39340/50176 (78%)
Epoch:109, Loss:0.0064 Val set: Average loss: 0.0257, Accuracy: 38648/50176 (77%)
Epoch:110, Loss:0.0056 Val set: Average loss: 0.0226, Accuracy: 39395/50176 (79%)
Epoch:111, Loss:0.0065 Val set: Average loss: 0.0195, Accuracy: 39578/50176 (79%)
Epoch:112, Loss:0.0097 Val set: Average loss: 0.0169, Accuracy: 39387/50176 (78%)
Epoch:113, Loss:0.0078 Val set: Average loss: 0.0190, Accuracy: 38952/50176 (78%)
Epoch:114, Loss:0.0067 Val set: Average loss: 0.0236, Accuracy: 38395/50176 (77%)
Epoch:115, Loss:0.0077 Val set: Average loss: 0.0212, Accuracy: 38489/50176 (77%)
Epoch:116, Loss:0.0241 Val set: Average loss: 0.0207, Accuracy: 38393/50176 (77%)
Epoch:117, Loss:0.0410 Val set: Average loss: 0.0163, Accuracy: 37898/50176 (76%)
Epoch:118, Loss:0.0209 Val set: Average loss: 0.0156, Accuracy: 37730/50176 (75%)
Epoch:119, Loss:0.0225 Val set: Average loss: 0.0163, Accuracy: 38436/50176 (77%)
Epoch:120, Loss:0.0209 Val set: Average loss: 0.0145, Accuracy: 39096/50176 (78%)
Epoch:121, Loss:0.0157 Val set: Average loss: 0.0165, Accuracy: 39401/50176 (79%)
Epoch:122, Loss:0.0091 Val set: Average loss: 0.0194, Accuracy: 39227/50176 (78%)
Epoch:123, Loss:0.0068 Val set: Average loss: 0.0202, Accuracy: 39404/50176 (79%)
Epoch:124, Loss:0.0060 Val set: Average loss: 0.0205, Accuracy: 39404/50176 (79%)
Epoch:125, Loss:0.0057 Val set: Average loss: 0.0221, Accuracy: 39082/50176 (78%)
Epoch:126, Loss:0.0057 Val set: Average loss: 0.0232, Accuracy: 39064/50176 (78%)
Epoch:127, Loss:0.0055 Val set: Average loss: 0.0219, Accuracy: 39273/50176 (78%)
Epoch:128, Loss:0.0061 Val set: Average loss: 0.0199, Accuracy: 39313/50176 (78%)
Epoch:129, Loss:0.0066 Val set: Average loss: 0.0203, Accuracy: 38971/50176 (78%)
Epoch:130, Loss:0.0080 Val set: Average loss: 0.0221, Accuracy: 38665/50176 (77%)
Epoch:131, Loss:0.0073 Val set: Average loss: 0.0220, Accuracy: 39119/50176 (78%)
Epoch:132, Loss:0.0067 Val set: Average loss: 0.0288, Accuracy: 39068/50176 (78%)
Epoch:133, Loss:0.0058 Val set: Average loss: 0.0268, Accuracy: 38861/50176 (77%)
Epoch:134, Loss:0.0046 Val set: Average loss: 0.0253, Accuracy: 38921/50176 (78%)
Epoch:135, Loss:0.0062 Val set: Average loss: 0.0213, Accuracy: 39531/50176 (79%)
Epoch:136, Loss:0.0057 Val set: Average loss: 0.0225, Accuracy: 39493/50176 (79%)
Epoch:137, Loss:0.0114 Val set: Average loss: 0.0269, Accuracy: 38995/50176 (78%)
Epoch:138, Loss:0.0057 Val set: Average loss: 0.0332, Accuracy: 38936/50176 (78%)
Epoch:139, Loss:0.0058 Val set: Average loss: 0.0239, Accuracy: 39334/50176 (78%)
Epoch:140, Loss:0.0055 Val set: Average loss: 0.0217, Accuracy: 39638/50176 (79%)
Epoch:141, Loss:0.0048 Val set: Average loss: 0.0201, Accuracy: 39453/50176 (79%)
Epoch:142, Loss:0.0064 Val set: Average loss: 0.0209, Accuracy: 39129/50176 (78%)
Epoch:143, Loss:0.0049 Val set: Average loss: 0.0227, Accuracy: 39429/50176 (79%)
Epoch:144, Loss:0.0059 Val set: Average loss: 0.0229, Accuracy: 39000/50176 (78%)
Epoch:145, Loss:0.0043 Val set: Average loss: 0.0258, Accuracy: 39079/50176 (78%)
Epoch:146, Loss:0.0061 Val set: Average loss: 0.0220, Accuracy: 38300/50176 (76%)
Epoch:147, Loss:0.0059 Val set: Average loss: 0.0210, Accuracy: 37650/50176 (75%)
Epoch:148, Loss:0.0086 Val set: Average loss: 0.0146, Accuracy: 37947/50176 (76%)
Epoch:149, Loss:0.0085 Val set: Average loss: 0.0141, Accuracy: 39236/50176 (78%)
Epoch:150, Loss:0.0234 Val set: Average loss: 0.0182, Accuracy: 37364/50176 (74%)
Epoch:151, Loss:0.1794 Val set: Average loss: 0.0134, Accuracy: 37097/50176 (74%)
Epoch:152, Loss:0.0356 Val set: Average loss: 0.0136, Accuracy: 38524/50176 (77%)
Epoch:153, Loss:0.0197 Val set: Average loss: 0.0135, Accuracy: 39147/50176 (78%)
Epoch:154, Loss:0.0105 Val set: Average loss: 0.0153, Accuracy: 39077/50176 (78%)
Epoch:155, Loss:0.0075 Val set: Average loss: 0.0197, Accuracy: 39294/50176 (78%)
Epoch:156, Loss:0.0061 Val set: Average loss: 0.0199, Accuracy: 39496/50176 (79%)
Epoch:157, Loss:0.0052 Val set: Average loss: 0.0199, Accuracy: 39461/50176 (79%)
Epoch:158, Loss:0.0050 Val set: Average loss: 0.0223, Accuracy: 39458/50176 (79%)
Epoch:159, Loss:0.0050 Val set: Average loss: 0.0229, Accuracy: 39595/50176 (79%)
Epoch:160, Loss:0.0051 Val set: Average loss: 0.0233, Accuracy: 39531/50176 (79%)
Epoch:161, Loss:0.0055 Val set: Average loss: 0.0257, Accuracy: 39161/50176 (78%)
Epoch:162, Loss:0.0051 Val set: Average loss: 0.0248, Accuracy: 39253/50176 (78%)
Epoch:163, Loss:0.0061 Val set: Average loss: 0.0226, Accuracy: 39625/50176 (79%)
Epoch:164, Loss:0.0049 Val set: Average loss: 0.0230, Accuracy: 39390/50176 (79%)
Epoch:165, Loss:0.0045 Val set: Average loss: 0.0232, Accuracy: 39205/50176 (78%)
Epoch:166, Loss:0.0051 Val set: Average loss: 0.0244, Accuracy: 39359/50176 (78%)
Epoch:167, Loss:0.0067 Val set: Average loss: 0.0191, Accuracy: 39214/50176 (78%)
Epoch:168, Loss:0.0069 Val set: Average loss: 0.0196, Accuracy: 38167/50176 (76%)
Epoch:169, Loss:0.0047 Val set: Average loss: 0.0205, Accuracy: 38511/50176 (77%)
Epoch:170, Loss:0.0064 Val set: Average loss: 0.0199, Accuracy: 39325/50176 (78%)
Epoch:171, Loss:0.0056 Val set: Average loss: 0.0221, Accuracy: 39592/50176 (79%)
Epoch:172, Loss:0.0038 Val set: Average loss: 0.0240, Accuracy: 39521/50176 (79%)
Epoch:173, Loss:0.0039 Val set: Average loss: 0.0269, Accuracy: 39424/50176 (79%)
Epoch:174, Loss:0.0062 Val set: Average loss: 0.0240, Accuracy: 39519/50176 (79%)
Epoch:175, Loss:0.0052 Val set: Average loss: 0.0251, Accuracy: 39446/50176 (79%)
Epoch:176, Loss:0.0050 Val set: Average loss: 0.0230, Accuracy: 39721/50176 (79%)
Epoch:177, Loss:0.0048 Val set: Average loss: 0.0250, Accuracy: 39240/50176 (78%)
Epoch:178, Loss:0.0045 Val set: Average loss: 0.0245, Accuracy: 38299/50176 (76%)
Epoch:179, Loss:0.0043 Val set: Average loss: 0.0220, Accuracy: 38610/50176 (77%)
Epoch:180, Loss:0.0057 Val set: Average loss: 0.0198, Accuracy: 39668/50176 (79%)
Epoch:181, Loss:0.0063 Val set: Average loss: 0.0210, Accuracy: 39610/50176 (79%)
Epoch:182, Loss:0.0077 Val set: Average loss: 0.0259, Accuracy: 38305/50176 (76%)
Epoch:183, Loss:0.0123 Val set: Average loss: 0.0257, Accuracy: 38927/50176 (78%)
Epoch:184, Loss:0.0161 Val set: Average loss: 0.0214, Accuracy: 39564/50176 (79%)
Epoch:185, Loss:0.0064 Val set: Average loss: 0.0197, Accuracy: 39571/50176 (79%)
Epoch:186, Loss:0.0044 Val set: Average loss: 0.0226, Accuracy: 39429/50176 (79%)
Epoch:187, Loss:0.0040 Val set: Average loss: 0.0252, Accuracy: 39203/50176 (78%)
Epoch:188, Loss:0.0096 Val set: Average loss: 0.0195, Accuracy: 39292/50176 (78%)
Epoch:189, Loss:0.1331 Val set: Average loss: 0.0132, Accuracy: 37339/50176 (74%)
Epoch:190, Loss:0.0402 Val set: Average loss: 0.0124, Accuracy: 39043/50176 (78%)
Epoch:191, Loss:0.0268 Val set: Average loss: 0.0122, Accuracy: 39198/50176 (78%)
Epoch:192, Loss:0.0104 Val set: Average loss: 0.0152, Accuracy: 39412/50176 (79%)
Epoch:193, Loss:0.0073 Val set: Average loss: 0.0165, Accuracy: 39708/50176 (79%)
Epoch:194, Loss:0.0058 Val set: Average loss: 0.0196, Accuracy: 39641/50176 (79%)
Epoch:195, Loss:0.0047 Val set: Average loss: 0.0191, Accuracy: 39766/50176 (79%)
Epoch:196, Loss:0.0043 Val set: Average loss: 0.0210, Accuracy: 39701/50176 (79%)
Epoch:197, Loss:0.0042 Val set: Average loss: 0.0216, Accuracy: 39668/50176 (79%)
Epoch:198, Loss:0.0036 Val set: Average loss: 0.0224, Accuracy: 39586/50176 (79%)
Epoch:199, Loss:0.0034 Val set: Average loss: 0.0227, Accuracy: 39651/50176 (79%)
Epoch:200, Loss:0.0042 Val set: Average loss: 0.0215, Accuracy: 39728/50176 (79%)
Training time: 446306:17:36.62