FCN_resnet_bn_skp(
  (pool3): Sequential(
    (0): Conv2d(3, 64, kernel_size=(7, 7), stride=(2, 2), padding=(3, 3), bias=False)
    (1): BatchNorm2d(64, eps=1e-05, momentum=0.1, affine=True, track_running_stats=True)
    (2): ReLU(inplace=True)
    (3): MaxPool2d(kernel_size=3, stride=2, padding=1, dilation=1, ceil_mode=False)
    (4): Sequential(
      (0): BasicBlock(
        (conv1): Conv2d(64, 64, kernel_size=(3, 3), stride=(1, 1), padding=(1, 1), bias=False)
        (bn1): BatchNorm2d(64, eps=1e-05, momentum=0.1, affine=True, track_running_stats=True)
        (relu): ReLU(inplace=True)
        (conv2): Conv2d(64, 64, kernel_size=(3, 3), stride=(1, 1), padding=(1, 1), bias=False)
        (bn2): BatchNorm2d(64, eps=1e-05, momentum=0.1, affine=True, track_running_stats=True)
      )
      (1): BasicBlock(
        (conv1): Conv2d(64, 64, kernel_size=(3, 3), stride=(1, 1), padding=(1, 1), bias=False)
        (bn1): BatchNorm2d(64, eps=1e-05, momentum=0.1, affine=True, track_running_stats=True)
        (relu): ReLU(inplace=True)
        (conv2): Conv2d(64, 64, kernel_size=(3, 3), stride=(1, 1), padding=(1, 1), bias=False)
        (bn2): BatchNorm2d(64, eps=1e-05, momentum=0.1, affine=True, track_running_stats=True)
      )
    )
    (5): Sequential(
      (0): BasicBlock(
        (conv1): Conv2d(64, 128, kernel_size=(3, 3), stride=(2, 2), padding=(1, 1), bias=False)
        (bn1): BatchNorm2d(128, eps=1e-05, momentum=0.1, affine=True, track_running_stats=True)
        (relu): ReLU(inplace=True)
        (conv2): Conv2d(128, 128, kernel_size=(3, 3), stride=(1, 1), padding=(1, 1), bias=False)
        (bn2): BatchNorm2d(128, eps=1e-05, momentum=0.1, affine=True, track_running_stats=True)
        (downsample): Sequential(
          (0): Conv2d(64, 128, kernel_size=(1, 1), stride=(2, 2), bias=False)
          (1): BatchNorm2d(128, eps=1e-05, momentum=0.1, affine=True, track_running_stats=True)
        )
      )
      (1): BasicBlock(
        (conv1): Conv2d(128, 128, kernel_size=(3, 3), stride=(1, 1), padding=(1, 1), bias=False)
        (bn1): BatchNorm2d(128, eps=1e-05, momentum=0.1, affine=True, track_running_stats=True)
        (relu): ReLU(inplace=True)
        (conv2): Conv2d(128, 128, kernel_size=(3, 3), stride=(1, 1), padding=(1, 1), bias=False)
        (bn2): BatchNorm2d(128, eps=1e-05, momentum=0.1, affine=True, track_running_stats=True)
      )
    )
  )
  (pool4): Sequential(
    (0): BasicBlock(
      (conv1): Conv2d(128, 256, kernel_size=(3, 3), stride=(2, 2), padding=(1, 1), bias=False)
      (bn1): BatchNorm2d(256, eps=1e-05, momentum=0.1, affine=True, track_running_stats=True)
      (relu): ReLU(inplace=True)
      (conv2): Conv2d(256, 256, kernel_size=(3, 3), stride=(1, 1), padding=(1, 1), bias=False)
      (bn2): BatchNorm2d(256, eps=1e-05, momentum=0.1, affine=True, track_running_stats=True)
      (downsample): Sequential(
        (0): Conv2d(128, 256, kernel_size=(1, 1), stride=(2, 2), bias=False)
        (1): BatchNorm2d(256, eps=1e-05, momentum=0.1, affine=True, track_running_stats=True)
      )
    )
    (1): BasicBlock(
      (conv1): Conv2d(256, 256, kernel_size=(3, 3), stride=(1, 1), padding=(1, 1), bias=False)
      (bn1): BatchNorm2d(256, eps=1e-05, momentum=0.1, affine=True, track_running_stats=True)
      (relu): ReLU(inplace=True)
      (conv2): Conv2d(256, 256, kernel_size=(3, 3), stride=(1, 1), padding=(1, 1), bias=False)
      (bn2): BatchNorm2d(256, eps=1e-05, momentum=0.1, affine=True, track_running_stats=True)
    )
  )
  (pool5): Sequential(
    (0): BasicBlock(
      (conv1): Conv2d(256, 512, kernel_size=(3, 3), stride=(2, 2), padding=(1, 1), bias=False)
      (bn1): BatchNorm2d(512, eps=1e-05, momentum=0.1, affine=True, track_running_stats=True)
      (relu): ReLU(inplace=True)
      (conv2): Conv2d(512, 512, kernel_size=(3, 3), stride=(1, 1), padding=(1, 1), bias=False)
      (bn2): BatchNorm2d(512, eps=1e-05, momentum=0.1, affine=True, track_running_stats=True)
      (downsample): Sequential(
        (0): Conv2d(256, 512, kernel_size=(1, 1), stride=(2, 2), bias=False)
        (1): BatchNorm2d(512, eps=1e-05, momentum=0.1, affine=True, track_running_stats=True)
      )
    )
    (1): BasicBlock(
      (conv1): Conv2d(512, 512, kernel_size=(3, 3), stride=(1, 1), padding=(1, 1), bias=False)
      (bn1): BatchNorm2d(512, eps=1e-05, momentum=0.1, affine=True, track_running_stats=True)
      (relu): ReLU(inplace=True)
      (conv2): Conv2d(512, 512, kernel_size=(3, 3), stride=(1, 1), padding=(1, 1), bias=False)
      (bn2): BatchNorm2d(512, eps=1e-05, momentum=0.1, affine=True, track_running_stats=True)
    )
  )
  (upconv4): Sequential(
    (0): ReLU()
    (1): ConvTranspose2d(512, 256, kernel_size=(3, 3), stride=(2, 2), padding=(1, 1), output_padding=(1, 1))
    (2): BatchNorm2d(256, eps=1e-05, momentum=0.1, affine=True, track_running_stats=True)
  )
  (upconv3): Sequential(
    (0): ReLU()
    (1): ConvTranspose2d(256, 128, kernel_size=(3, 3), stride=(2, 2), padding=(1, 1), output_padding=(1, 1))
    (2): BatchNorm2d(128, eps=1e-05, momentum=0.1, affine=True, track_running_stats=True)
  )
  (upconv): Sequential(
    (0): ConvTranspose2d(128, 128, kernel_size=(3, 3), stride=(2, 2), padding=(1, 1), output_padding=(1, 1))
    (1): BatchNorm2d(128, eps=1e-05, momentum=0.1, affine=True, track_running_stats=True)
    (2): ConvTranspose2d(128, 64, kernel_size=(3, 3), stride=(2, 2), padding=(1, 1), output_padding=(1, 1))
    (3): BatchNorm2d(64, eps=1e-05, momentum=0.1, affine=True, track_running_stats=True)
    (4): ConvTranspose2d(64, 32, kernel_size=(3, 3), stride=(2, 2), padding=(1, 1), output_padding=(1, 1))
    (5): BatchNorm2d(32, eps=1e-05, momentum=0.1, affine=True, track_running_stats=True)
    (6): Conv2d(32, 21, kernel_size=(1, 1), stride=(1, 1))
  )
)
Criterion: CrossEntropyLoss()
Optimizer: Adam (
Parameter Group 0
    amsgrad: False
    betas: (0.9, 0.999)
    eps: 1e-08
    lr: 0.0001
    weight_decay: 1e-05
)
Learning Rate: 0.0001
Weight Decay: 1e-05
Batch Size: 4
Epochs: 200
-----------------------
Epoch:1, Loss:2.2281 Val set: Average loss: 0.0288, Accuracy: 34461/50176 (69%)
Epoch:2, Loss:0.8209 Val set: Average loss: 0.0142, Accuracy: 38479/50176 (77%)
Epoch:3, Loss:0.6683 Val set: Average loss: 0.0134, Accuracy: 38672/50176 (77%)
Epoch:4, Loss:0.5515 Val set: Average loss: 0.0122, Accuracy: 39717/50176 (79%)
Epoch:5, Loss:0.5709 Val set: Average loss: 0.0128, Accuracy: 39547/50176 (79%)
Epoch:6, Loss:0.5598 Val set: Average loss: 0.0126, Accuracy: 39582/50176 (79%)
Epoch:7, Loss:0.4440 Val set: Average loss: 0.0142, Accuracy: 37840/50176 (75%)
Epoch:8, Loss:0.3107 Val set: Average loss: 0.0137, Accuracy: 38093/50176 (76%)
Epoch:9, Loss:0.3008 Val set: Average loss: 0.0147, Accuracy: 38103/50176 (76%)
Epoch:10, Loss:0.1600 Val set: Average loss: 0.0135, Accuracy: 39494/50176 (79%)
Epoch:11, Loss:0.2040 Val set: Average loss: 0.0123, Accuracy: 40754/50176 (81%)
Epoch:12, Loss:0.1821 Val set: Average loss: 0.0146, Accuracy: 39674/50176 (79%)
Epoch:13, Loss:0.2000 Val set: Average loss: 0.0138, Accuracy: 40989/50176 (82%)
Epoch:14, Loss:0.1247 Val set: Average loss: 0.0149, Accuracy: 40782/50176 (81%)
Epoch:15, Loss:0.1235 Val set: Average loss: 0.0140, Accuracy: 40640/50176 (81%)
Epoch:16, Loss:0.1230 Val set: Average loss: 0.0144, Accuracy: 40810/50176 (81%)
Epoch:17, Loss:0.1178 Val set: Average loss: 0.0138, Accuracy: 41692/50176 (83%)
Epoch:18, Loss:0.6921 Val set: Average loss: 0.0154, Accuracy: 40837/50176 (81%)
Epoch:19, Loss:0.1470 Val set: Average loss: 0.0164, Accuracy: 40262/50176 (80%)
Epoch:20, Loss:0.1874 Val set: Average loss: 0.0139, Accuracy: 40907/50176 (82%)
Epoch:21, Loss:0.1274 Val set: Average loss: 0.0171, Accuracy: 40077/50176 (80%)
Epoch:22, Loss:0.0916 Val set: Average loss: 0.0140, Accuracy: 41102/50176 (82%)
Epoch:23, Loss:0.0744 Val set: Average loss: 0.0132, Accuracy: 41596/50176 (83%)
Epoch:24, Loss:0.0710 Val set: Average loss: 0.0146, Accuracy: 41757/50176 (83%)
Epoch:25, Loss:0.0705 Val set: Average loss: 0.0146, Accuracy: 41622/50176 (83%)
Epoch:26, Loss:0.0715 Val set: Average loss: 0.0152, Accuracy: 41293/50176 (82%)
Epoch:27, Loss:0.4563 Val set: Average loss: 0.0149, Accuracy: 40147/50176 (80%)
Epoch:28, Loss:0.1868 Val set: Average loss: 0.0156, Accuracy: 39398/50176 (79%)
Epoch:29, Loss:0.0727 Val set: Average loss: 0.0159, Accuracy: 40432/50176 (81%)
Epoch:30, Loss:0.0800 Val set: Average loss: 0.0181, Accuracy: 40558/50176 (81%)
Epoch:31, Loss:0.0542 Val set: Average loss: 0.0176, Accuracy: 40987/50176 (82%)
Epoch:32, Loss:0.0690 Val set: Average loss: 0.0156, Accuracy: 41498/50176 (83%)
Epoch:33, Loss:0.0603 Val set: Average loss: 0.0156, Accuracy: 41458/50176 (83%)
Epoch:34, Loss:0.0671 Val set: Average loss: 0.0172, Accuracy: 41016/50176 (82%)
Epoch:35, Loss:0.0702 Val set: Average loss: 0.0175, Accuracy: 40846/50176 (81%)
Epoch:36, Loss:0.1523 Val set: Average loss: 0.0170, Accuracy: 40036/50176 (80%)
Epoch:37, Loss:0.0636 Val set: Average loss: 0.0182, Accuracy: 40944/50176 (82%)
Epoch:38, Loss:0.0645 Val set: Average loss: 0.0164, Accuracy: 41489/50176 (83%)
Epoch:39, Loss:0.0563 Val set: Average loss: 0.0165, Accuracy: 41558/50176 (83%)
Epoch:40, Loss:0.0579 Val set: Average loss: 0.0180, Accuracy: 41494/50176 (83%)
Epoch:41, Loss:0.0435 Val set: Average loss: 0.0182, Accuracy: 41450/50176 (83%)
Epoch:42, Loss:0.0639 Val set: Average loss: 0.0193, Accuracy: 40758/50176 (81%)
Epoch:43, Loss:0.0756 Val set: Average loss: 0.0182, Accuracy: 41180/50176 (82%)
Epoch:44, Loss:0.1114 Val set: Average loss: 0.0198, Accuracy: 40925/50176 (82%)
Epoch:45, Loss:0.0610 Val set: Average loss: 0.0194, Accuracy: 40685/50176 (81%)
Epoch:46, Loss:0.0598 Val set: Average loss: 0.0193, Accuracy: 40742/50176 (81%)
Epoch:47, Loss:0.0504 Val set: Average loss: 0.0200, Accuracy: 40894/50176 (82%)
Epoch:48, Loss:0.0465 Val set: Average loss: 0.0207, Accuracy: 41271/50176 (82%)
Epoch:49, Loss:0.0687 Val set: Average loss: 0.0210, Accuracy: 41050/50176 (82%)
Epoch:50, Loss:0.0724 Val set: Average loss: 0.0152, Accuracy: 41370/50176 (82%)
Epoch:51, Loss:0.0464 Val set: Average loss: 0.0177, Accuracy: 40214/50176 (80%)
Epoch:52, Loss:0.0653 Val set: Average loss: 0.0209, Accuracy: 41481/50176 (83%)
Epoch:53, Loss:0.0575 Val set: Average loss: 0.0208, Accuracy: 41405/50176 (83%)
Epoch:54, Loss:1.0791 Val set: Average loss: 0.0245, Accuracy: 39564/50176 (79%)
Epoch:55, Loss:0.0612 Val set: Average loss: 0.0153, Accuracy: 41475/50176 (83%)
Epoch:56, Loss:0.0362 Val set: Average loss: 0.0169, Accuracy: 41457/50176 (83%)
Epoch:57, Loss:0.0347 Val set: Average loss: 0.0183, Accuracy: 41577/50176 (83%)
Epoch:58, Loss:0.0285 Val set: Average loss: 0.0198, Accuracy: 41394/50176 (82%)
Epoch:59, Loss:0.0291 Val set: Average loss: 0.0204, Accuracy: 41261/50176 (82%)
Epoch:60, Loss:0.0580 Val set: Average loss: 0.0231, Accuracy: 41469/50176 (83%)
Epoch:61, Loss:0.0380 Val set: Average loss: 0.0213, Accuracy: 41619/50176 (83%)
Epoch:62, Loss:0.0404 Val set: Average loss: 0.0185, Accuracy: 41650/50176 (83%)
Epoch:63, Loss:0.0407 Val set: Average loss: 0.0197, Accuracy: 41363/50176 (82%)
Epoch:64, Loss:0.0318 Val set: Average loss: 0.0223, Accuracy: 41164/50176 (82%)
Epoch:65, Loss:0.0479 Val set: Average loss: 0.0161, Accuracy: 41185/50176 (82%)
Epoch:66, Loss:0.0417 Val set: Average loss: 0.0170, Accuracy: 41469/50176 (83%)
Epoch:67, Loss:0.0322 Val set: Average loss: 0.0187, Accuracy: 41385/50176 (82%)
Epoch:68, Loss:0.0299 Val set: Average loss: 0.0184, Accuracy: 41369/50176 (82%)
Epoch:69, Loss:0.0489 Val set: Average loss: 0.0171, Accuracy: 41215/50176 (82%)
Epoch:70, Loss:0.0476 Val set: Average loss: 0.0174, Accuracy: 40675/50176 (81%)
Epoch:71, Loss:0.0321 Val set: Average loss: 0.0164, Accuracy: 41037/50176 (82%)
Epoch:72, Loss:0.0549 Val set: Average loss: 0.0201, Accuracy: 41401/50176 (83%)
Epoch:73, Loss:0.0328 Val set: Average loss: 0.0197, Accuracy: 41247/50176 (82%)
Epoch:74, Loss:0.0333 Val set: Average loss: 0.0171, Accuracy: 41308/50176 (82%)
Epoch:75, Loss:0.0261 Val set: Average loss: 0.0185, Accuracy: 41273/50176 (82%)
Epoch:76, Loss:0.0271 Val set: Average loss: 0.0198, Accuracy: 41442/50176 (83%)
Epoch:77, Loss:0.0320 Val set: Average loss: 0.0225, Accuracy: 41197/50176 (82%)
Epoch:78, Loss:0.0272 Val set: Average loss: 0.0237, Accuracy: 41137/50176 (82%)
Epoch:79, Loss:0.0251 Val set: Average loss: 0.0205, Accuracy: 41270/50176 (82%)
Epoch:80, Loss:0.0267 Val set: Average loss: 0.0224, Accuracy: 41578/50176 (83%)
Epoch:81, Loss:0.0708 Val set: Average loss: 0.0164, Accuracy: 40903/50176 (82%)
Epoch:82, Loss:0.0381 Val set: Average loss: 0.0163, Accuracy: 40847/50176 (81%)
Epoch:83, Loss:0.0255 Val set: Average loss: 0.0175, Accuracy: 41012/50176 (82%)
Epoch:84, Loss:0.0219 Val set: Average loss: 0.0188, Accuracy: 41298/50176 (82%)
Epoch:85, Loss:0.0222 Val set: Average loss: 0.0205, Accuracy: 41393/50176 (82%)
Epoch:86, Loss:0.0241 Val set: Average loss: 0.0217, Accuracy: 41329/50176 (82%)
Epoch:87, Loss:0.0255 Val set: Average loss: 0.0224, Accuracy: 41166/50176 (82%)
Epoch:88, Loss:0.0232 Val set: Average loss: 0.0239, Accuracy: 41048/50176 (82%)
Epoch:89, Loss:0.0251 Val set: Average loss: 0.0238, Accuracy: 40950/50176 (82%)
Epoch:90, Loss:0.0267 Val set: Average loss: 0.0204, Accuracy: 41075/50176 (82%)
Epoch:91, Loss:0.0283 Val set: Average loss: 0.0186, Accuracy: 41025/50176 (82%)
Epoch:92, Loss:0.0300 Val set: Average loss: 0.0193, Accuracy: 40879/50176 (81%)
Epoch:93, Loss:0.2444 Val set: Average loss: 0.0153, Accuracy: 39165/50176 (78%)
Epoch:94, Loss:0.0340 Val set: Average loss: 0.0166, Accuracy: 41482/50176 (83%)
Epoch:95, Loss:0.0264 Val set: Average loss: 0.0189, Accuracy: 41515/50176 (83%)
Epoch:96, Loss:0.0223 Val set: Average loss: 0.0211, Accuracy: 41484/50176 (83%)
Epoch:97, Loss:0.0203 Val set: Average loss: 0.0234, Accuracy: 41458/50176 (83%)
Epoch:98, Loss:0.0180 Val set: Average loss: 0.0246, Accuracy: 41428/50176 (83%)
Epoch:99, Loss:0.0227 Val set: Average loss: 0.0246, Accuracy: 41335/50176 (82%)
Epoch:100, Loss:0.0253 Val set: Average loss: 0.0216, Accuracy: 41009/50176 (82%)
Epoch:101, Loss:0.0241 Val set: Average loss: 0.0194, Accuracy: 41289/50176 (82%)
Epoch:102, Loss:0.0356 Val set: Average loss: 0.0179, Accuracy: 41081/50176 (82%)
Epoch:103, Loss:0.0371 Val set: Average loss: 0.0204, Accuracy: 41081/50176 (82%)
Epoch:104, Loss:0.0253 Val set: Average loss: 0.0238, Accuracy: 41015/50176 (82%)
Epoch:105, Loss:0.0250 Val set: Average loss: 0.0228, Accuracy: 41085/50176 (82%)
Epoch:106, Loss:0.0238 Val set: Average loss: 0.0198, Accuracy: 41110/50176 (82%)
Epoch:107, Loss:0.0215 Val set: Average loss: 0.0184, Accuracy: 41113/50176 (82%)
Epoch:108, Loss:0.0235 Val set: Average loss: 0.0188, Accuracy: 41398/50176 (83%)
Epoch:109, Loss:0.2813 Val set: Average loss: 0.0196, Accuracy: 38679/50176 (77%)
Epoch:110, Loss:0.0307 Val set: Average loss: 0.0171, Accuracy: 41331/50176 (82%)
Epoch:111, Loss:0.0263 Val set: Average loss: 0.0187, Accuracy: 41419/50176 (83%)
Epoch:112, Loss:0.0223 Val set: Average loss: 0.0203, Accuracy: 41387/50176 (82%)
Epoch:113, Loss:0.0204 Val set: Average loss: 0.0226, Accuracy: 41282/50176 (82%)
Epoch:114, Loss:0.0189 Val set: Average loss: 0.0229, Accuracy: 41159/50176 (82%)
Epoch:115, Loss:0.0182 Val set: Average loss: 0.0227, Accuracy: 41278/50176 (82%)
Epoch:116, Loss:0.0211 Val set: Average loss: 0.0205, Accuracy: 41265/50176 (82%)
Epoch:117, Loss:0.0345 Val set: Average loss: 0.0185, Accuracy: 40737/50176 (81%)
Epoch:118, Loss:0.0256 Val set: Average loss: 0.0192, Accuracy: 40070/50176 (80%)
Epoch:119, Loss:0.0426 Val set: Average loss: 0.0199, Accuracy: 38589/50176 (77%)
Epoch:120, Loss:0.0411 Val set: Average loss: 0.0185, Accuracy: 41126/50176 (82%)
Epoch:121, Loss:0.0238 Val set: Average loss: 0.0200, Accuracy: 41143/50176 (82%)
Epoch:122, Loss:0.0191 Val set: Average loss: 0.0220, Accuracy: 41176/50176 (82%)
Epoch:123, Loss:0.0167 Val set: Average loss: 0.0237, Accuracy: 41223/50176 (82%)
Epoch:124, Loss:0.0158 Val set: Average loss: 0.0252, Accuracy: 41232/50176 (82%)
Epoch:125, Loss:0.0164 Val set: Average loss: 0.0262, Accuracy: 41267/50176 (82%)
Epoch:126, Loss:0.0179 Val set: Average loss: 0.0242, Accuracy: 41247/50176 (82%)
Epoch:127, Loss:0.0274 Val set: Average loss: 0.0188, Accuracy: 40812/50176 (81%)
Epoch:128, Loss:0.0192 Val set: Average loss: 0.0189, Accuracy: 41160/50176 (82%)
Epoch:129, Loss:0.0222 Val set: Average loss: 0.0234, Accuracy: 41162/50176 (82%)
Epoch:130, Loss:0.0240 Val set: Average loss: 0.0210, Accuracy: 41205/50176 (82%)
Epoch:131, Loss:0.0249 Val set: Average loss: 0.0198, Accuracy: 41136/50176 (82%)
Epoch:132, Loss:0.0197 Val set: Average loss: 0.0205, Accuracy: 41130/50176 (82%)
Epoch:133, Loss:0.1243 Val set: Average loss: 0.0166, Accuracy: 39527/50176 (79%)
Epoch:134, Loss:0.1342 Val set: Average loss: 0.0176, Accuracy: 39941/50176 (80%)
Epoch:135, Loss:0.0237 Val set: Average loss: 0.0202, Accuracy: 41360/50176 (82%)
Epoch:136, Loss:0.0190 Val set: Average loss: 0.0221, Accuracy: 41340/50176 (82%)
Epoch:137, Loss:0.0173 Val set: Average loss: 0.0234, Accuracy: 41285/50176 (82%)
Epoch:138, Loss:0.0156 Val set: Average loss: 0.0234, Accuracy: 41124/50176 (82%)
Epoch:139, Loss:0.0153 Val set: Average loss: 0.0248, Accuracy: 40975/50176 (82%)
Epoch:140, Loss:0.0189 Val set: Average loss: 0.0244, Accuracy: 41047/50176 (82%)
Epoch:141, Loss:0.0180 Val set: Average loss: 0.0227, Accuracy: 41339/50176 (82%)
Epoch:142, Loss:0.0178 Val set: Average loss: 0.0211, Accuracy: 41127/50176 (82%)
Epoch:143, Loss:0.0165 Val set: Average loss: 0.0200, Accuracy: 41156/50176 (82%)
Epoch:144, Loss:0.0172 Val set: Average loss: 0.0206, Accuracy: 41284/50176 (82%)
Epoch:145, Loss:0.0256 Val set: Average loss: 0.0258, Accuracy: 40981/50176 (82%)
Epoch:146, Loss:0.0173 Val set: Average loss: 0.0247, Accuracy: 41059/50176 (82%)
Epoch:147, Loss:0.0217 Val set: Average loss: 0.0197, Accuracy: 41172/50176 (82%)
Epoch:148, Loss:0.0158 Val set: Average loss: 0.0222, Accuracy: 41178/50176 (82%)
Epoch:149, Loss:0.0178 Val set: Average loss: 0.0237, Accuracy: 41183/50176 (82%)
Epoch:150, Loss:0.0158 Val set: Average loss: 0.0216, Accuracy: 40871/50176 (81%)
Epoch:151, Loss:0.0217 Val set: Average loss: 0.0203, Accuracy: 40544/50176 (81%)
Epoch:152, Loss:0.0195 Val set: Average loss: 0.0190, Accuracy: 40775/50176 (81%)
Epoch:153, Loss:0.0182 Val set: Average loss: 0.0204, Accuracy: 40930/50176 (82%)
Epoch:154, Loss:0.0249 Val set: Average loss: 0.0255, Accuracy: 40890/50176 (81%)
Epoch:155, Loss:0.0643 Val set: Average loss: 0.0205, Accuracy: 40031/50176 (80%)
Epoch:156, Loss:0.0214 Val set: Average loss: 0.0197, Accuracy: 41197/50176 (82%)
Epoch:157, Loss:0.0153 Val set: Average loss: 0.0217, Accuracy: 41301/50176 (82%)
Epoch:158, Loss:0.0133 Val set: Average loss: 0.0230, Accuracy: 41344/50176 (82%)
Epoch:159, Loss:0.0123 Val set: Average loss: 0.0240, Accuracy: 41370/50176 (82%)
Epoch:160, Loss:0.0112 Val set: Average loss: 0.0249, Accuracy: 41362/50176 (82%)
Epoch:161, Loss:0.0107 Val set: Average loss: 0.0254, Accuracy: 41292/50176 (82%)
Epoch:162, Loss:0.0124 Val set: Average loss: 0.0239, Accuracy: 41270/50176 (82%)
Epoch:163, Loss:0.0142 Val set: Average loss: 0.0224, Accuracy: 41271/50176 (82%)
Epoch:164, Loss:0.0143 Val set: Average loss: 0.0240, Accuracy: 41349/50176 (82%)
Epoch:165, Loss:0.0150 Val set: Average loss: 0.0220, Accuracy: 41236/50176 (82%)
Epoch:166, Loss:0.0154 Val set: Average loss: 0.0215, Accuracy: 41126/50176 (82%)
Epoch:167, Loss:0.0175 Val set: Average loss: 0.0244, Accuracy: 41145/50176 (82%)
Epoch:168, Loss:0.0131 Val set: Average loss: 0.0255, Accuracy: 41014/50176 (82%)
Epoch:169, Loss:0.0376 Val set: Average loss: 0.0202, Accuracy: 40531/50176 (81%)
Epoch:170, Loss:0.0227 Val set: Average loss: 0.0211, Accuracy: 41132/50176 (82%)
Epoch:171, Loss:0.0171 Val set: Average loss: 0.0223, Accuracy: 41169/50176 (82%)
Epoch:172, Loss:0.0124 Val set: Average loss: 0.0237, Accuracy: 41302/50176 (82%)
Epoch:173, Loss:0.0110 Val set: Average loss: 0.0253, Accuracy: 41368/50176 (82%)
Epoch:174, Loss:0.0102 Val set: Average loss: 0.0264, Accuracy: 41394/50176 (82%)
Epoch:175, Loss:0.0105 Val set: Average loss: 0.0272, Accuracy: 41311/50176 (82%)
Epoch:176, Loss:0.0143 Val set: Average loss: 0.0292, Accuracy: 41169/50176 (82%)
Epoch:177, Loss:0.0144 Val set: Average loss: 0.0269, Accuracy: 41008/50176 (82%)
Epoch:178, Loss:0.0209 Val set: Average loss: 0.0220, Accuracy: 41258/50176 (82%)
Epoch:179, Loss:0.0138 Val set: Average loss: 0.0208, Accuracy: 40872/50176 (81%)
Epoch:180, Loss:0.0149 Val set: Average loss: 0.0202, Accuracy: 40291/50176 (80%)
Epoch:181, Loss:0.0525 Val set: Average loss: 0.0174, Accuracy: 39169/50176 (78%)
Epoch:182, Loss:0.0223 Val set: Average loss: 0.0193, Accuracy: 41272/50176 (82%)
Epoch:183, Loss:0.0162 Val set: Average loss: 0.0219, Accuracy: 41389/50176 (82%)
Epoch:184, Loss:0.0136 Val set: Average loss: 0.0241, Accuracy: 41365/50176 (82%)
Epoch:185, Loss:0.0108 Val set: Average loss: 0.0259, Accuracy: 41365/50176 (82%)
Epoch:186, Loss:0.0098 Val set: Average loss: 0.0267, Accuracy: 41342/50176 (82%)
Epoch:187, Loss:0.0101 Val set: Average loss: 0.0264, Accuracy: 41387/50176 (82%)
Epoch:188, Loss:0.0123 Val set: Average loss: 0.0244, Accuracy: 41259/50176 (82%)
Epoch:189, Loss:0.0151 Val set: Average loss: 0.0213, Accuracy: 41128/50176 (82%)
Epoch:190, Loss:0.0151 Val set: Average loss: 0.0197, Accuracy: 41073/50176 (82%)
Epoch:191, Loss:0.0147 Val set: Average loss: 0.0221, Accuracy: 41347/50176 (82%)
Epoch:192, Loss:0.0145 Val set: Average loss: 0.0280, Accuracy: 41224/50176 (82%)
Epoch:193, Loss:0.0159 Val set: Average loss: 0.0267, Accuracy: 41144/50176 (82%)
Epoch:194, Loss:0.0130 Val set: Average loss: 0.0231, Accuracy: 41093/50176 (82%)
Epoch:195, Loss:0.3663 Val set: Average loss: 0.0190, Accuracy: 38990/50176 (78%)
Epoch:196, Loss:0.0257 Val set: Average loss: 0.0186, Accuracy: 40780/50176 (81%)
Epoch:197, Loss:0.0168 Val set: Average loss: 0.0209, Accuracy: 41219/50176 (82%)
Epoch:198, Loss:0.0125 Val set: Average loss: 0.0229, Accuracy: 41288/50176 (82%)
Epoch:199, Loss:0.0105 Val set: Average loss: 0.0250, Accuracy: 41317/50176 (82%)
Epoch:200, Loss:0.0095 Val set: Average loss: 0.0270, Accuracy: 41325/50176 (82%)
Training time: 446277:04:38.59