Naive(
  (encoder): Sequential(
    (0): Conv2d(3, 64, kernel_size=(3, 3), stride=(2, 2), padding=(1, 1))
    (1): LeakyReLU(negative_slope=0.01)
    (2): BatchNorm2d(64, eps=1e-05, momentum=0.1, affine=True, track_running_stats=True)
    (3): Dropout2d(p=0.5, inplace=False)
    (4): Conv2d(64, 128, kernel_size=(3, 3), stride=(2, 2), padding=(1, 1))
    (5): LeakyReLU(negative_slope=0.01)
    (6): BatchNorm2d(128, eps=1e-05, momentum=0.1, affine=True, track_running_stats=True)
    (7): Dropout2d(p=0.5, inplace=False)
    (8): Conv2d(128, 256, kernel_size=(3, 3), stride=(2, 2), padding=(1, 1))
    (9): LeakyReLU(negative_slope=0.01)
    (10): BatchNorm2d(256, eps=1e-05, momentum=0.1, affine=True, track_running_stats=True)
    (11): Dropout2d(p=0.5, inplace=False)
    (12): Conv2d(256, 512, kernel_size=(3, 3), stride=(2, 2), padding=(1, 1))
  )
  (decorder): Sequential(
    (0): ConvTranspose2d(512, 256, kernel_size=(3, 3), stride=(2, 2), padding=(1, 1), output_padding=(1, 1))
    (1): LeakyReLU(negative_slope=0.01)
    (2): Dropout2d(p=0.5, inplace=False)
    (3): ConvTranspose2d(256, 128, kernel_size=(3, 3), stride=(2, 2), padding=(1, 1), output_padding=(1, 1))
    (4): LeakyReLU(negative_slope=0.01)
    (5): Dropout2d(p=0.5, inplace=False)
    (6): ConvTranspose2d(128, 64, kernel_size=(3, 3), stride=(2, 2), padding=(1, 1), output_padding=(1, 1))
    (7): LeakyReLU(negative_slope=0.01)
    (8): Dropout2d(p=0.5, inplace=False)
    (9): ConvTranspose2d(64, 21, kernel_size=(3, 3), stride=(2, 2), padding=(1, 1), output_padding=(1, 1))
  )
)
Criterion: FocalLoss(
  (CE_loss): CrossEntropyLoss()
)
Optimizer: Adam (
Parameter Group 0
    amsgrad: False
    betas: (0.9, 0.999)
    eps: 1e-08
    lr: 0.001
    weight_decay: 1e-05
)
Learning Rate: 0.001
Weight Decay: 1e-05
Batch Size: 10
Epochs: 100
-----------------------
Epoch:1, Loss:1.0724 Val set: Average loss: 0.0162, Accuracy: 36725/50176 (73%)
Epoch:2, Loss:0.8180 Val set: Average loss: 0.0149, Accuracy: 36725/50176 (73%)
Epoch:3, Loss:0.8009 Val set: Average loss: 0.0148, Accuracy: 36725/50176 (73%)
Epoch:4, Loss:0.7997 Val set: Average loss: 0.0146, Accuracy: 36725/50176 (73%)
Epoch:5, Loss:0.8063 Val set: Average loss: 0.0145, Accuracy: 36725/50176 (73%)
Epoch:6, Loss:0.7329 Val set: Average loss: 0.0148, Accuracy: 36717/50176 (73%)
Epoch:7, Loss:0.7743 Val set: Average loss: 0.0145, Accuracy: 36725/50176 (73%)
Epoch:8, Loss:0.7446 Val set: Average loss: 0.0144, Accuracy: 36724/50176 (73%)
Epoch:9, Loss:0.8072 Val set: Average loss: 0.0139, Accuracy: 36727/50176 (73%)
Epoch:10, Loss:0.8275 Val set: Average loss: 0.0145, Accuracy: 36694/50176 (73%)
Epoch:11, Loss:0.8429 Val set: Average loss: 0.0138, Accuracy: 36682/50176 (73%)
Epoch:12, Loss:0.8234 Val set: Average loss: 0.0134, Accuracy: 36679/50176 (73%)
Epoch:13, Loss:0.7546 Val set: Average loss: 0.0134, Accuracy: 36632/50176 (73%)
Epoch:14, Loss:0.6973 Val set: Average loss: 0.0134, Accuracy: 36077/50176 (72%)
Epoch:15, Loss:0.6783 Val set: Average loss: 0.0135, Accuracy: 35591/50176 (71%)
Epoch:16, Loss:0.6092 Val set: Average loss: 0.0134, Accuracy: 36359/50176 (72%)
Epoch:17, Loss:0.6073 Val set: Average loss: 0.0136, Accuracy: 35860/50176 (71%)
Epoch:18, Loss:0.5848 Val set: Average loss: 0.0134, Accuracy: 35945/50176 (72%)
Epoch:19, Loss:0.5716 Val set: Average loss: 0.0138, Accuracy: 35167/50176 (70%)
Epoch:20, Loss:0.5513 Val set: Average loss: 0.0136, Accuracy: 35232/50176 (70%)
Epoch:21, Loss:0.5570 Val set: Average loss: 0.0138, Accuracy: 35685/50176 (71%)
Epoch:22, Loss:0.5666 Val set: Average loss: 0.0139, Accuracy: 35228/50176 (70%)
Epoch:23, Loss:0.4996 Val set: Average loss: 0.0136, Accuracy: 35711/50176 (71%)
Epoch:24, Loss:0.4533 Val set: Average loss: 0.0141, Accuracy: 35351/50176 (70%)
Epoch:25, Loss:0.4487 Val set: Average loss: 0.0148, Accuracy: 34874/50176 (70%)
Epoch:26, Loss:0.4235 Val set: Average loss: 0.0151, Accuracy: 35218/50176 (70%)
Epoch:27, Loss:0.4029 Val set: Average loss: 0.0149, Accuracy: 35786/50176 (71%)
Epoch:28, Loss:0.3866 Val set: Average loss: 0.0145, Accuracy: 36112/50176 (72%)
Epoch:29, Loss:0.3810 Val set: Average loss: 0.0146, Accuracy: 36127/50176 (72%)
Epoch:30, Loss:0.3888 Val set: Average loss: 0.0151, Accuracy: 36113/50176 (72%)
Epoch:31, Loss:0.3118 Val set: Average loss: 0.0160, Accuracy: 35950/50176 (72%)
Epoch:32, Loss:0.3174 Val set: Average loss: 0.0171, Accuracy: 35976/50176 (72%)
Epoch:33, Loss:0.2637 Val set: Average loss: 0.0185, Accuracy: 35452/50176 (71%)
Epoch:34, Loss:0.2682 Val set: Average loss: 0.0188, Accuracy: 35501/50176 (71%)
Epoch:35, Loss:0.2932 Val set: Average loss: 0.0178, Accuracy: 35394/50176 (71%)
Epoch:36, Loss:0.2741 Val set: Average loss: 0.0187, Accuracy: 35119/50176 (70%)
Epoch:37, Loss:0.2558 Val set: Average loss: 0.0185, Accuracy: 35860/50176 (71%)
Epoch:38, Loss:0.2576 Val set: Average loss: 0.0184, Accuracy: 35516/50176 (71%)
Epoch:39, Loss:0.2522 Val set: Average loss: 0.0194, Accuracy: 34087/50176 (68%)
Epoch:40, Loss:0.2647 Val set: Average loss: 0.0203, Accuracy: 34619/50176 (69%)
Epoch:41, Loss:0.2128 Val set: Average loss: 0.0209, Accuracy: 34737/50176 (69%)
Epoch:42, Loss:0.1981 Val set: Average loss: 0.0194, Accuracy: 35336/50176 (70%)
Epoch:43, Loss:0.2095 Val set: Average loss: 0.0209, Accuracy: 35043/50176 (70%)
Epoch:44, Loss:0.1762 Val set: Average loss: 0.0236, Accuracy: 34667/50176 (69%)
Epoch:45, Loss:0.1849 Val set: Average loss: 0.0234, Accuracy: 34276/50176 (68%)
Epoch:46, Loss:0.2024 Val set: Average loss: 0.0235, Accuracy: 34840/50176 (69%)
Epoch:47, Loss:0.1761 Val set: Average loss: 0.0232, Accuracy: 34842/50176 (69%)
Epoch:48, Loss:0.1480 Val set: Average loss: 0.0222, Accuracy: 35604/50176 (71%)
Epoch:49, Loss:0.1406 Val set: Average loss: 0.0231, Accuracy: 35873/50176 (71%)
Epoch:50, Loss:0.1451 Val set: Average loss: 0.0236, Accuracy: 35247/50176 (70%)
Epoch:51, Loss:0.1374 Val set: Average loss: 0.0223, Accuracy: 34984/50176 (70%)
Epoch:52, Loss:0.1185 Val set: Average loss: 0.0226, Accuracy: 34856/50176 (69%)
Epoch:53, Loss:0.1375 Val set: Average loss: 0.0228, Accuracy: 35194/50176 (70%)
Epoch:54, Loss:0.1200 Val set: Average loss: 0.0237, Accuracy: 35256/50176 (70%)
Epoch:55, Loss:0.0999 Val set: Average loss: 0.0245, Accuracy: 35365/50176 (70%)
Epoch:56, Loss:0.1139 Val set: Average loss: 0.0240, Accuracy: 34715/50176 (69%)
Epoch:57, Loss:0.0862 Val set: Average loss: 0.0240, Accuracy: 33222/50176 (66%)
Epoch:58, Loss:0.1588 Val set: Average loss: 0.0234, Accuracy: 34342/50176 (68%)
Epoch:59, Loss:0.1324 Val set: Average loss: 0.0231, Accuracy: 34690/50176 (69%)
Epoch:60, Loss:0.0912 Val set: Average loss: 0.0252, Accuracy: 34515/50176 (69%)
Epoch:61, Loss:0.0922 Val set: Average loss: 0.0259, Accuracy: 33513/50176 (67%)
Epoch:62, Loss:0.0962 Val set: Average loss: 0.0257, Accuracy: 33746/50176 (67%)
Epoch:63, Loss:0.0977 Val set: Average loss: 0.0249, Accuracy: 34161/50176 (68%)
Epoch:64, Loss:0.1970 Val set: Average loss: 0.0225, Accuracy: 33318/50176 (66%)
Epoch:65, Loss:0.0979 Val set: Average loss: 0.0237, Accuracy: 34081/50176 (68%)
Epoch:66, Loss:0.0959 Val set: Average loss: 0.0252, Accuracy: 35140/50176 (70%)
Epoch:67, Loss:0.0596 Val set: Average loss: 0.0253, Accuracy: 35406/50176 (71%)
Epoch:68, Loss:0.0507 Val set: Average loss: 0.0265, Accuracy: 35094/50176 (70%)
Epoch:69, Loss:0.0497 Val set: Average loss: 0.0266, Accuracy: 35199/50176 (70%)
Epoch:70, Loss:0.0541 Val set: Average loss: 0.0271, Accuracy: 34785/50176 (69%)
Epoch:71, Loss:0.0556 Val set: Average loss: 0.0261, Accuracy: 34714/50176 (69%)
Epoch:72, Loss:0.0677 Val set: Average loss: 0.0265, Accuracy: 34630/50176 (69%)
Epoch:73, Loss:0.0642 Val set: Average loss: 0.0254, Accuracy: 35344/50176 (70%)
Epoch:74, Loss:0.0747 Val set: Average loss: 0.0268, Accuracy: 35416/50176 (71%)
Epoch:75, Loss:0.0581 Val set: Average loss: 0.0268, Accuracy: 35485/50176 (71%)
Epoch:76, Loss:0.0582 Val set: Average loss: 0.0284, Accuracy: 34942/50176 (70%)
Epoch:77, Loss:0.0378 Val set: Average loss: 0.0272, Accuracy: 35309/50176 (70%)
Epoch:78, Loss:0.0453 Val set: Average loss: 0.0276, Accuracy: 34717/50176 (69%)
Epoch:79, Loss:0.0546 Val set: Average loss: 0.0273, Accuracy: 34393/50176 (69%)
Epoch:80, Loss:0.0582 Val set: Average loss: 0.0262, Accuracy: 33509/50176 (67%)
Epoch:81, Loss:0.0561 Val set: Average loss: 0.0265, Accuracy: 33256/50176 (66%)
Epoch:82, Loss:0.0565 Val set: Average loss: 0.0265, Accuracy: 32483/50176 (65%)
Epoch:83, Loss:0.0544 Val set: Average loss: 0.0253, Accuracy: 32827/50176 (65%)
Epoch:84, Loss:0.0602 Val set: Average loss: 0.0255, Accuracy: 34314/50176 (68%)
Epoch:85, Loss:0.0576 Val set: Average loss: 0.0249, Accuracy: 34710/50176 (69%)
Epoch:86, Loss:0.0606 Val set: Average loss: 0.0250, Accuracy: 34695/50176 (69%)
Epoch:87, Loss:0.0440 Val set: Average loss: 0.0258, Accuracy: 34586/50176 (69%)
Epoch:88, Loss:0.0466 Val set: Average loss: 0.0251, Accuracy: 34527/50176 (69%)
Epoch:89, Loss:0.0400 Val set: Average loss: 0.0252, Accuracy: 34798/50176 (69%)
Epoch:90, Loss:0.0630 Val set: Average loss: 0.0273, Accuracy: 35129/50176 (70%)
Epoch:91, Loss:0.0419 Val set: Average loss: 0.0265, Accuracy: 34432/50176 (69%)
Epoch:92, Loss:0.0414 Val set: Average loss: 0.0272, Accuracy: 34691/50176 (69%)
Epoch:93, Loss:0.0280 Val set: Average loss: 0.0275, Accuracy: 35426/50176 (71%)
Epoch:94, Loss:0.0313 Val set: Average loss: 0.0281, Accuracy: 34364/50176 (68%)
Epoch:95, Loss:0.0360 Val set: Average loss: 0.0267, Accuracy: 35075/50176 (70%)
Epoch:96, Loss:0.0327 Val set: Average loss: 0.0260, Accuracy: 35671/50176 (71%)
Epoch:97, Loss:0.0390 Val set: Average loss: 0.0262, Accuracy: 35300/50176 (70%)
Epoch:98, Loss:0.0471 Val set: Average loss: 0.0263, Accuracy: 34641/50176 (69%)
Epoch:99, Loss:0.0455 Val set: Average loss: 0.0260, Accuracy: 33297/50176 (66%)
Epoch:100, Loss:0.0413 Val set: Average loss: 0.0256, Accuracy: 33767/50176 (67%)
Training time: 446335:07:28.13