Naive(
  (encoder): Sequential(
    (0): Conv2d(3, 64, kernel_size=(3, 3), stride=(2, 2), padding=(1, 1))
    (1): LeakyReLU(negative_slope=0.01)
    (2): BatchNorm2d(64, eps=1e-05, momentum=0.1, affine=True, track_running_stats=True)
    (3): Dropout2d(p=0.5, inplace=False)
    (4): Conv2d(64, 128, kernel_size=(3, 3), stride=(2, 2), padding=(1, 1))
    (5): LeakyReLU(negative_slope=0.01)
    (6): BatchNorm2d(128, eps=1e-05, momentum=0.1, affine=True, track_running_stats=True)
    (7): Dropout2d(p=0.5, inplace=False)
    (8): Conv2d(128, 256, kernel_size=(3, 3), stride=(2, 2), padding=(1, 1))
    (9): LeakyReLU(negative_slope=0.01)
    (10): BatchNorm2d(256, eps=1e-05, momentum=0.1, affine=True, track_running_stats=True)
    (11): Dropout2d(p=0.5, inplace=False)
    (12): Conv2d(256, 512, kernel_size=(3, 3), stride=(2, 2), padding=(1, 1))
  )
  (decorder): Sequential(
    (0): ConvTranspose2d(512, 256, kernel_size=(3, 3), stride=(2, 2), padding=(1, 1), output_padding=(1, 1))
    (1): LeakyReLU(negative_slope=0.01)
    (2): Dropout2d(p=0.5, inplace=False)
    (3): ConvTranspose2d(256, 128, kernel_size=(3, 3), stride=(2, 2), padding=(1, 1), output_padding=(1, 1))
    (4): LeakyReLU(negative_slope=0.01)
    (5): Dropout2d(p=0.5, inplace=False)
    (6): ConvTranspose2d(128, 64, kernel_size=(3, 3), stride=(2, 2), padding=(1, 1), output_padding=(1, 1))
    (7): LeakyReLU(negative_slope=0.01)
    (8): Dropout2d(p=0.5, inplace=False)
    (9): ConvTranspose2d(64, 21, kernel_size=(3, 3), stride=(2, 2), padding=(1, 1), output_padding=(1, 1))
  )
)
Criterion: LovaszSoftmax()
Optimizer: Adam (
Parameter Group 0
    amsgrad: False
    betas: (0.9, 0.999)
    eps: 1e-08
    lr: 0.001
    weight_decay: 1e-05
)
Learning Rate: 0.001
Weight Decay: 1e-05
Batch Size: 10
Epochs: 100
-----------------------
Epoch:1, Loss:0.8411 Val set: Average loss: 0.0148, Accuracy: 23690/50176 (47%)
Epoch:2, Loss:0.8598 Val set: Average loss: 0.0147, Accuracy: 24964/50176 (50%)
Epoch:3, Loss:0.8573 Val set: Average loss: 0.0146, Accuracy: 21191/50176 (42%)
Epoch:4, Loss:0.8570 Val set: Average loss: 0.0146, Accuracy: 22889/50176 (46%)
Epoch:5, Loss:0.8274 Val set: Average loss: 0.0147, Accuracy: 25054/50176 (50%)
Epoch:6, Loss:0.8274 Val set: Average loss: 0.0147, Accuracy: 23868/50176 (48%)
Epoch:7, Loss:0.8172 Val set: Average loss: 0.0145, Accuracy: 18416/50176 (37%)
Epoch:8, Loss:0.8438 Val set: Average loss: 0.0145, Accuracy: 21568/50176 (43%)
Epoch:9, Loss:0.8423 Val set: Average loss: 0.0146, Accuracy: 19760/50176 (39%)
Epoch:10, Loss:0.8062 Val set: Average loss: 0.0146, Accuracy: 22903/50176 (46%)
Epoch:11, Loss:0.8388 Val set: Average loss: 0.0144, Accuracy: 24325/50176 (48%)
Epoch:12, Loss:0.8426 Val set: Average loss: 0.0144, Accuracy: 21878/50176 (44%)
Epoch:13, Loss:0.8459 Val set: Average loss: 0.0144, Accuracy: 20559/50176 (41%)
Epoch:14, Loss:0.8494 Val set: Average loss: 0.0143, Accuracy: 22643/50176 (45%)
Epoch:15, Loss:0.8232 Val set: Average loss: 0.0143, Accuracy: 22696/50176 (45%)
Epoch:16, Loss:0.8399 Val set: Average loss: 0.0143, Accuracy: 20772/50176 (41%)
Epoch:17, Loss:0.8274 Val set: Average loss: 0.0143, Accuracy: 21866/50176 (44%)
Epoch:18, Loss:0.8366 Val set: Average loss: 0.0142, Accuracy: 23259/50176 (46%)
Epoch:19, Loss:0.8170 Val set: Average loss: 0.0143, Accuracy: 24683/50176 (49%)
Epoch:20, Loss:0.8278 Val set: Average loss: 0.0142, Accuracy: 23530/50176 (47%)
Epoch:21, Loss:0.8119 Val set: Average loss: 0.0141, Accuracy: 22781/50176 (45%)
Epoch:22, Loss:0.8131 Val set: Average loss: 0.0141, Accuracy: 23641/50176 (47%)
Epoch:23, Loss:0.7981 Val set: Average loss: 0.0141, Accuracy: 23174/50176 (46%)
Epoch:24, Loss:0.7837 Val set: Average loss: 0.0141, Accuracy: 23992/50176 (48%)
Epoch:25, Loss:0.7665 Val set: Average loss: 0.0140, Accuracy: 24433/50176 (49%)
Epoch:26, Loss:0.7682 Val set: Average loss: 0.0140, Accuracy: 23324/50176 (46%)
Epoch:27, Loss:0.8168 Val set: Average loss: 0.0141, Accuracy: 21462/50176 (43%)
Epoch:28, Loss:0.7485 Val set: Average loss: 0.0140, Accuracy: 21911/50176 (44%)
Epoch:29, Loss:0.7403 Val set: Average loss: 0.0140, Accuracy: 23569/50176 (47%)
Epoch:30, Loss:0.7200 Val set: Average loss: 0.0140, Accuracy: 21797/50176 (43%)
Epoch:31, Loss:0.7551 Val set: Average loss: 0.0140, Accuracy: 22311/50176 (44%)
Epoch:32, Loss:0.7304 Val set: Average loss: 0.0140, Accuracy: 23519/50176 (47%)
Epoch:33, Loss:0.7176 Val set: Average loss: 0.0139, Accuracy: 24994/50176 (50%)
Epoch:34, Loss:0.7305 Val set: Average loss: 0.0140, Accuracy: 24206/50176 (48%)
Epoch:35, Loss:0.7297 Val set: Average loss: 0.0138, Accuracy: 22103/50176 (44%)
Epoch:36, Loss:0.7537 Val set: Average loss: 0.0139, Accuracy: 20458/50176 (41%)
Epoch:37, Loss:0.7451 Val set: Average loss: 0.0138, Accuracy: 24094/50176 (48%)
Epoch:38, Loss:0.6821 Val set: Average loss: 0.0139, Accuracy: 24820/50176 (49%)
Epoch:39, Loss:0.6827 Val set: Average loss: 0.0138, Accuracy: 24531/50176 (49%)
Epoch:40, Loss:0.6898 Val set: Average loss: 0.0139, Accuracy: 24885/50176 (50%)
Epoch:41, Loss:0.6593 Val set: Average loss: 0.0139, Accuracy: 26092/50176 (52%)
Epoch:42, Loss:0.6539 Val set: Average loss: 0.0138, Accuracy: 26369/50176 (53%)
Epoch:43, Loss:0.6522 Val set: Average loss: 0.0139, Accuracy: 25919/50176 (52%)
Epoch:44, Loss:0.6192 Val set: Average loss: 0.0139, Accuracy: 26157/50176 (52%)
Epoch:45, Loss:0.6172 Val set: Average loss: 0.0138, Accuracy: 27071/50176 (54%)
Epoch:46, Loss:0.5923 Val set: Average loss: 0.0140, Accuracy: 26222/50176 (52%)
Epoch:47, Loss:0.6065 Val set: Average loss: 0.0140, Accuracy: 25505/50176 (51%)
Epoch:48, Loss:0.5585 Val set: Average loss: 0.0140, Accuracy: 25840/50176 (51%)
Epoch:49, Loss:0.5437 Val set: Average loss: 0.0139, Accuracy: 26158/50176 (52%)
Epoch:50, Loss:0.5222 Val set: Average loss: 0.0140, Accuracy: 28277/50176 (56%)
Epoch:51, Loss:0.5191 Val set: Average loss: 0.0139, Accuracy: 26565/50176 (53%)
Epoch:52, Loss:0.4935 Val set: Average loss: 0.0140, Accuracy: 27410/50176 (55%)
Epoch:53, Loss:0.5345 Val set: Average loss: 0.0141, Accuracy: 25176/50176 (50%)
Epoch:54, Loss:0.5145 Val set: Average loss: 0.0140, Accuracy: 26774/50176 (53%)
Epoch:55, Loss:0.5278 Val set: Average loss: 0.0140, Accuracy: 26594/50176 (53%)
Epoch:56, Loss:0.4962 Val set: Average loss: 0.0140, Accuracy: 26160/50176 (52%)
Epoch:57, Loss:0.4929 Val set: Average loss: 0.0141, Accuracy: 27502/50176 (55%)
Epoch:58, Loss:0.4878 Val set: Average loss: 0.0140, Accuracy: 26212/50176 (52%)
Epoch:59, Loss:0.4894 Val set: Average loss: 0.0140, Accuracy: 27711/50176 (55%)
Epoch:60, Loss:0.4735 Val set: Average loss: 0.0140, Accuracy: 26758/50176 (53%)
Epoch:61, Loss:0.4797 Val set: Average loss: 0.0139, Accuracy: 27573/50176 (55%)
Epoch:62, Loss:0.5016 Val set: Average loss: 0.0140, Accuracy: 27909/50176 (56%)
Epoch:63, Loss:0.4831 Val set: Average loss: 0.0140, Accuracy: 28462/50176 (57%)
Epoch:64, Loss:0.4296 Val set: Average loss: 0.0140, Accuracy: 28845/50176 (57%)
Epoch:65, Loss:0.4066 Val set: Average loss: 0.0141, Accuracy: 30282/50176 (60%)
Epoch:66, Loss:0.4607 Val set: Average loss: 0.0140, Accuracy: 28067/50176 (56%)
Epoch:67, Loss:0.4386 Val set: Average loss: 0.0141, Accuracy: 28194/50176 (56%)
Epoch:68, Loss:0.4183 Val set: Average loss: 0.0141, Accuracy: 28435/50176 (57%)
Epoch:69, Loss:0.4380 Val set: Average loss: 0.0142, Accuracy: 30069/50176 (60%)
Epoch:70, Loss:0.4533 Val set: Average loss: 0.0141, Accuracy: 29713/50176 (59%)
Epoch:71, Loss:0.4326 Val set: Average loss: 0.0141, Accuracy: 31133/50176 (62%)
Epoch:72, Loss:0.4087 Val set: Average loss: 0.0141, Accuracy: 31375/50176 (63%)
Epoch:73, Loss:0.4831 Val set: Average loss: 0.0140, Accuracy: 28462/50176 (57%)
Epoch:74, Loss:0.4296 Val set: Average loss: 0.0140, Accuracy: 28845/50176 (57%)
Epoch:75, Loss:0.4066 Val set: Average loss: 0.0141, Accuracy: 30282/50176 (60%)
Epoch:76, Loss:0.4607 Val set: Average loss: 0.0140, Accuracy: 28067/50176 (56%)
Epoch:77, Loss:0.4386 Val set: Average loss: 0.0141, Accuracy: 28194/50176 (56%)
Epoch:78, Loss:0.4183 Val set: Average loss: 0.0141, Accuracy: 28435/50176 (57%)
Epoch:79, Loss:0.4380 Val set: Average loss: 0.0142, Accuracy: 30069/50176 (60%)
Epoch:80, Loss:0.4533 Val set: Average loss: 0.0141, Accuracy: 29713/50176 (59%)
Epoch:81, Loss:0.4326 Val set: Average loss: 0.0141, Accuracy: 31133/50176 (62%)
Epoch:82, Loss:0.4087 Val set: Average loss: 0.0141, Accuracy: 31375/50176 (63%)
Epoch:83, Loss:0.4831 Val set: Average loss: 0.0140, Accuracy: 28462/50176 (57%)
Epoch:84, Loss:0.4296 Val set: Average loss: 0.0140, Accuracy: 28845/50176 (57%)
Epoch:85, Loss:0.4066 Val set: Average loss: 0.0141, Accuracy: 30282/50176 (60%)
Epoch:86, Loss:0.4607 Val set: Average loss: 0.0140, Accuracy: 28067/50176 (56%)
Epoch:87, Loss:0.4386 Val set: Average loss: 0.0141, Accuracy: 28194/50176 (56%)
Epoch:88, Loss:0.4183 Val set: Average loss: 0.0141, Accuracy: 28435/50176 (57%)
Epoch:89, Loss:0.4380 Val set: Average loss: 0.0142, Accuracy: 30069/50176 (60%)
Epoch:90, Loss:0.4533 Val set: Average loss: 0.0141, Accuracy: 29713/50176 (59%)
Epoch:91, Loss:0.4326 Val set: Average loss: 0.0141, Accuracy: 31133/50176 (62%)
Epoch:92, Loss:0.4087 Val set: Average loss: 0.0141, Accuracy: 31375/50176 (63%)
Epoch:93, Loss:0.7297 Val set: Average loss: 0.0138, Accuracy: 22103/50176 (44%)
Epoch:94, Loss:0.7537 Val set: Average loss: 0.0139, Accuracy: 20458/50176 (41%)
Epoch:95, Loss:0.7451 Val set: Average loss: 0.0138, Accuracy: 24094/50176 (48%)
Epoch:96, Loss:0.6821 Val set: Average loss: 0.0139, Accuracy: 24820/50176 (49%)
Epoch:97, Loss:0.6827 Val set: Average loss: 0.0138, Accuracy: 26157/50176 (52%)
Epoch:98, Loss:0.6898 Val set: Average loss: 0.0139, Accuracy: 26157/50176 (52%)
Epoch:99, Loss:0.6593 Val set: Average loss: 0.0139, Accuracy: 27071/50176 (54%)
Epoch:100, Loss:0.6539 Val set: Average loss: 0.0138, Accuracy: 27071/50176 (54%)
Training time:  446335:11:21.27