Naive(
  (encoder): Sequential(
    (0): Conv2d(3, 64, kernel_size=(3, 3), stride=(2, 2), padding=(1, 1))
    (1): LeakyReLU(negative_slope=0.01)
    (2): BatchNorm2d(64, eps=1e-05, momentum=0.1, affine=True, track_running_stats=True)
    (3): Dropout2d(p=0.5, inplace=False)
    (4): Conv2d(64, 128, kernel_size=(3, 3), stride=(2, 2), padding=(1, 1))
    (5): LeakyReLU(negative_slope=0.01)
    (6): BatchNorm2d(128, eps=1e-05, momentum=0.1, affine=True, track_running_stats=True)
    (7): Dropout2d(p=0.5, inplace=False)
    (8): Conv2d(128, 256, kernel_size=(3, 3), stride=(2, 2), padding=(1, 1))
    (9): LeakyReLU(negative_slope=0.01)
    (10): BatchNorm2d(256, eps=1e-05, momentum=0.1, affine=True, track_running_stats=True)
    (11): Dropout2d(p=0.5, inplace=False)
    (12): Conv2d(256, 512, kernel_size=(3, 3), stride=(2, 2), padding=(1, 1))
  )
  (decorder): Sequential(
    (0): ConvTranspose2d(512, 256, kernel_size=(3, 3), stride=(2, 2), padding=(1, 1), output_padding=(1, 1))
    (1): LeakyReLU(negative_slope=0.01)
    (2): Dropout2d(p=0.5, inplace=False)
    (3): ConvTranspose2d(256, 128, kernel_size=(3, 3), stride=(2, 2), padding=(1, 1), output_padding=(1, 1))
    (4): LeakyReLU(negative_slope=0.01)
    (5): Dropout2d(p=0.5, inplace=False)
    (6): ConvTranspose2d(128, 64, kernel_size=(3, 3), stride=(2, 2), padding=(1, 1), output_padding=(1, 1))
    (7): LeakyReLU(negative_slope=0.01)
    (8): Dropout2d(p=0.5, inplace=False)
    (9): ConvTranspose2d(64, 21, kernel_size=(3, 3), stride=(2, 2), padding=(1, 1), output_padding=(1, 1))
  )
)
Criterion: CrossEntropyLoss()
Optimizer: Adam (
Parameter Group 0
    amsgrad: False
    betas: (0.9, 0.999)
    eps: 1e-08
    lr: 0.001
    weight_decay: 1e-05
)
Learning Rate: 0.001
Weight Decay: 1e-05
Batch Size: 64
Epochs: 200
-----------------------
Epoch:1, Loss:2.5381 Val set: Average loss: 0.0379, Accuracy: 36647/50176 (73%)
Epoch:2, Loss:2.2695 Val set: Average loss: 0.0358, Accuracy: 36725/50176 (73%)
Epoch:3, Loss:2.2580 Val set: Average loss: 0.0351, Accuracy: 36725/50176 (73%)
Epoch:4, Loss:2.2779 Val set: Average loss: 0.0358, Accuracy: 36725/50176 (73%)
Epoch:5, Loss:2.2274 Val set: Average loss: 0.0347, Accuracy: 36725/50176 (73%)
Epoch:6, Loss:2.2082 Val set: Average loss: 0.0344, Accuracy: 36725/50176 (73%)
Epoch:7, Loss:2.1445 Val set: Average loss: 0.0343, Accuracy: 33158/50176 (66%)
Epoch:8, Loss:2.1112 Val set: Average loss: 0.0341, Accuracy: 33540/50176 (67%)
Epoch:9, Loss:2.1085 Val set: Average loss: 0.0335, Accuracy: 35897/50176 (72%)
Epoch:10, Loss:2.1305 Val set: Average loss: 0.0335, Accuracy: 35737/50176 (71%)
Epoch:11, Loss:2.0830 Val set: Average loss: 0.0324, Accuracy: 36407/50176 (73%)
Epoch:12, Loss:2.0351 Val set: Average loss: 0.0318, Accuracy: 36308/50176 (72%)
Epoch:13, Loss:2.0060 Val set: Average loss: 0.0315, Accuracy: 33065/50176 (66%)
Epoch:14, Loss:2.0461 Val set: Average loss: 0.0313, Accuracy: 35713/50176 (71%)
Epoch:15, Loss:2.0086 Val set: Average loss: 0.0316, Accuracy: 34920/50176 (70%)
Epoch:16, Loss:1.9122 Val set: Average loss: 0.0315, Accuracy: 33816/50176 (67%)
Epoch:17, Loss:2.0239 Val set: Average loss: 0.0319, Accuracy: 34355/50176 (68%)
Epoch:18, Loss:1.9330 Val set: Average loss: 0.0314, Accuracy: 31784/50176 (63%)
Epoch:19, Loss:1.9329 Val set: Average loss: 0.0317, Accuracy: 33252/50176 (66%)
Epoch:20, Loss:1.9045 Val set: Average loss: 0.0319, Accuracy: 32062/50176 (64%)
Epoch:21, Loss:1.9008 Val set: Average loss: 0.0315, Accuracy: 33932/50176 (68%)
Epoch:22, Loss:1.8940 Val set: Average loss: 0.0309, Accuracy: 33404/50176 (67%)
Epoch:23, Loss:1.7962 Val set: Average loss: 0.0312, Accuracy: 32966/50176 (66%)
Epoch:24, Loss:1.7760 Val set: Average loss: 0.0314, Accuracy: 31910/50176 (64%)
Epoch:25, Loss:1.7949 Val set: Average loss: 0.0306, Accuracy: 33474/50176 (67%)
Epoch:26, Loss:1.7978 Val set: Average loss: 0.0315, Accuracy: 33137/50176 (66%)
Epoch:27, Loss:1.7741 Val set: Average loss: 0.0321, Accuracy: 31740/50176 (63%)
Epoch:28, Loss:1.6330 Val set: Average loss: 0.0326, Accuracy: 32846/50176 (65%)
Epoch:29, Loss:1.5727 Val set: Average loss: 0.0331, Accuracy: 33157/50176 (66%)
Epoch:30, Loss:1.5205 Val set: Average loss: 0.0332, Accuracy: 33216/50176 (66%)
Epoch:31, Loss:1.4802 Val set: Average loss: 0.0338, Accuracy: 33063/50176 (66%)
Epoch:32, Loss:1.4621 Val set: Average loss: 0.0342, Accuracy: 32608/50176 (65%)
Epoch:33, Loss:1.3893 Val set: Average loss: 0.0346, Accuracy: 32555/50176 (65%)
Epoch:34, Loss:1.5554 Val set: Average loss: 0.0337, Accuracy: 31394/50176 (63%)
Epoch:35, Loss:1.4817 Val set: Average loss: 0.0348, Accuracy: 32743/50176 (65%)
Epoch:36, Loss:1.4974 Val set: Average loss: 0.0349, Accuracy: 33434/50176 (67%)
Epoch:37, Loss:1.4118 Val set: Average loss: 0.0363, Accuracy: 33272/50176 (66%)
Epoch:38, Loss:1.4296 Val set: Average loss: 0.0360, Accuracy: 33024/50176 (66%)
Epoch:39, Loss:1.3401 Val set: Average loss: 0.0369, Accuracy: 32626/50176 (65%)
Epoch:40, Loss:1.3920 Val set: Average loss: 0.0373, Accuracy: 32856/50176 (65%)
Epoch:41, Loss:1.3306 Val set: Average loss: 0.0369, Accuracy: 34037/50176 (68%)
Epoch:42, Loss:1.2999 Val set: Average loss: 0.0383, Accuracy: 31393/50176 (63%)
Epoch:43, Loss:1.1822 Val set: Average loss: 0.0405, Accuracy: 30883/50176 (62%)
Epoch:44, Loss:1.1983 Val set: Average loss: 0.0474, Accuracy: 28732/50176 (57%)
Epoch:45, Loss:1.0981 Val set: Average loss: 0.0457, Accuracy: 29731/50176 (59%)
Epoch:46, Loss:1.0465 Val set: Average loss: 0.0416, Accuracy: 32261/50176 (64%)
Epoch:47, Loss:1.0779 Val set: Average loss: 0.0415, Accuracy: 30836/50176 (61%)
Epoch:48, Loss:1.0543 Val set: Average loss: 0.0448, Accuracy: 30215/50176 (60%)
Epoch:49, Loss:0.9779 Val set: Average loss: 0.0468, Accuracy: 31106/50176 (62%)
Epoch:50, Loss:0.9518 Val set: Average loss: 0.0486, Accuracy: 31363/50176 (63%)
Epoch:51, Loss:0.9092 Val set: Average loss: 0.0501, Accuracy: 31240/50176 (62%)
Epoch:52, Loss:0.9385 Val set: Average loss: 0.0496, Accuracy: 30868/50176 (62%)
Epoch:53, Loss:0.9331 Val set: Average loss: 0.0478, Accuracy: 30438/50176 (61%)
Epoch:54, Loss:0.8656 Val set: Average loss: 0.0491, Accuracy: 31829/50176 (63%)
Epoch:55, Loss:0.8718 Val set: Average loss: 0.0497, Accuracy: 31779/50176 (63%)
Epoch:56, Loss:0.8528 Val set: Average loss: 0.0541, Accuracy: 32414/50176 (65%)
Epoch:57, Loss:0.8220 Val set: Average loss: 0.0534, Accuracy: 32071/50176 (64%)
Epoch:58, Loss:0.7978 Val set: Average loss: 0.0501, Accuracy: 32044/50176 (64%)
Epoch:59, Loss:0.7800 Val set: Average loss: 0.0519, Accuracy: 30923/50176 (62%)
Epoch:60, Loss:0.7932 Val set: Average loss: 0.0531, Accuracy: 32370/50176 (65%)
Epoch:61, Loss:0.8097 Val set: Average loss: 0.0552, Accuracy: 30900/50176 (62%)
Epoch:62, Loss:0.7686 Val set: Average loss: 0.0549, Accuracy: 30776/50176 (61%)
Epoch:63, Loss:0.7264 Val set: Average loss: 0.0573, Accuracy: 31931/50176 (64%)
Epoch:64, Loss:0.7018 Val set: Average loss: 0.0615, Accuracy: 32238/50176 (64%)
Epoch:65, Loss:0.6400 Val set: Average loss: 0.0574, Accuracy: 32537/50176 (65%)
Epoch:66, Loss:0.6247 Val set: Average loss: 0.0568, Accuracy: 33455/50176 (67%)
Epoch:67, Loss:0.6958 Val set: Average loss: 0.0579, Accuracy: 31576/50176 (63%)
Epoch:68, Loss:0.6143 Val set: Average loss: 0.0598, Accuracy: 31465/50176 (63%)
Epoch:69, Loss:0.5709 Val set: Average loss: 0.0633, Accuracy: 33507/50176 (67%)
Epoch:70, Loss:0.6553 Val set: Average loss: 0.0640, Accuracy: 33472/50176 (67%)
Epoch:71, Loss:0.5565 Val set: Average loss: 0.0659, Accuracy: 32398/50176 (65%)
Epoch:72, Loss:0.5929 Val set: Average loss: 0.0609, Accuracy: 30968/50176 (62%)
Epoch:73, Loss:0.6248 Val set: Average loss: 0.0634, Accuracy: 30956/50176 (62%)
Epoch:74, Loss:0.5868 Val set: Average loss: 0.0607, Accuracy: 30965/50176 (62%)
Epoch:75, Loss:0.5563 Val set: Average loss: 0.0595, Accuracy: 30546/50176 (61%)
Epoch:76, Loss:0.5518 Val set: Average loss: 0.0579, Accuracy: 31627/50176 (63%)
Epoch:77, Loss:0.4927 Val set: Average loss: 0.0651, Accuracy: 32204/50176 (64%)
Epoch:78, Loss:0.4552 Val set: Average loss: 0.0708, Accuracy: 31003/50176 (62%)
Epoch:79, Loss:0.4561 Val set: Average loss: 0.0668, Accuracy: 31495/50176 (63%)
Epoch:80, Loss:0.4459 Val set: Average loss: 0.0664, Accuracy: 30879/50176 (62%)
Epoch:81, Loss:0.4913 Val set: Average loss: 0.0716, Accuracy: 31122/50176 (62%)
Epoch:82, Loss:0.4743 Val set: Average loss: 0.0702, Accuracy: 30306/50176 (60%)
Epoch:83, Loss:0.4584 Val set: Average loss: 0.0641, Accuracy: 29856/50176 (60%)
Epoch:84, Loss:0.4055 Val set: Average loss: 0.0648, Accuracy: 31018/50176 (62%)
Epoch:85, Loss:0.4175 Val set: Average loss: 0.0647, Accuracy: 30720/50176 (61%)
Epoch:86, Loss:0.4247 Val set: Average loss: 0.0703, Accuracy: 31246/50176 (62%)
Epoch:87, Loss:0.4474 Val set: Average loss: 0.0818, Accuracy: 33445/50176 (67%)
Epoch:88, Loss:0.3700 Val set: Average loss: 0.0817, Accuracy: 32559/50176 (65%)
Epoch:89, Loss:0.3380 Val set: Average loss: 0.0785, Accuracy: 32532/50176 (65%)
Epoch:90, Loss:0.3615 Val set: Average loss: 0.0801, Accuracy: 31937/50176 (64%)
Epoch:91, Loss:0.3376 Val set: Average loss: 0.0799, Accuracy: 31641/50176 (63%)
Epoch:92, Loss:0.3632 Val set: Average loss: 0.0782, Accuracy: 32170/50176 (64%)
Epoch:93, Loss:0.2900 Val set: Average loss: 0.0801, Accuracy: 32298/50176 (64%)
Epoch:94, Loss:0.3063 Val set: Average loss: 0.0801, Accuracy: 31689/50176 (63%)
Epoch:95, Loss:0.3151 Val set: Average loss: 0.0783, Accuracy: 33101/50176 (66%)
Epoch:96, Loss:0.2841 Val set: Average loss: 0.0790, Accuracy: 33458/50176 (67%)
Epoch:97, Loss:0.3179 Val set: Average loss: 0.0838, Accuracy: 32008/50176 (64%)
Epoch:98, Loss:0.3203 Val set: Average loss: 0.0920, Accuracy: 32629/50176 (65%)
Epoch:99, Loss:0.2632 Val set: Average loss: 0.0874, Accuracy: 33247/50176 (66%)
Epoch:100, Loss:0.2678 Val set: Average loss: 0.0819, Accuracy: 32154/50176 (64%)
Epoch:101, Loss:0.2783 Val set: Average loss: 0.0839, Accuracy: 31685/50176 (63%)
Epoch:102, Loss:0.2916 Val set: Average loss: 0.0858, Accuracy: 32838/50176 (65%)
Epoch:103, Loss:0.2719 Val set: Average loss: 0.0891, Accuracy: 33407/50176 (67%)
Epoch:104, Loss:0.2801 Val set: Average loss: 0.0799, Accuracy: 31889/50176 (64%)
Epoch:105, Loss:0.2540 Val set: Average loss: 0.0801, Accuracy: 32339/50176 (64%)
Epoch:106, Loss:0.2493 Val set: Average loss: 0.0775, Accuracy: 32714/50176 (65%)
Epoch:107, Loss:0.2511 Val set: Average loss: 0.0791, Accuracy: 33010/50176 (66%)
Epoch:108, Loss:0.2586 Val set: Average loss: 0.0799, Accuracy: 32438/50176 (65%)
Epoch:109, Loss:0.2199 Val set: Average loss: 0.0841, Accuracy: 32858/50176 (65%)
Epoch:110, Loss:0.2533 Val set: Average loss: 0.0916, Accuracy: 33969/50176 (68%)
Epoch:111, Loss:0.2334 Val set: Average loss: 0.0968, Accuracy: 33922/50176 (68%)
Epoch:112, Loss:0.2088 Val set: Average loss: 0.0949, Accuracy: 33370/50176 (67%)
Epoch:113, Loss:0.1999 Val set: Average loss: 0.0875, Accuracy: 32951/50176 (66%)
Epoch:114, Loss:0.2051 Val set: Average loss: 0.0864, Accuracy: 33256/50176 (66%)
Epoch:115, Loss:0.2237 Val set: Average loss: 0.0899, Accuracy: 33499/50176 (67%)
Epoch:116, Loss:0.2223 Val set: Average loss: 0.0914, Accuracy: 32051/50176 (64%)
Epoch:117, Loss:0.2018 Val set: Average loss: 0.0899, Accuracy: 32012/50176 (64%)
Epoch:118, Loss:0.2282 Val set: Average loss: 0.0909, Accuracy: 32324/50176 (64%)
Epoch:119, Loss:0.2041 Val set: Average loss: 0.0878, Accuracy: 32272/50176 (64%)
Epoch:120, Loss:0.1817 Val set: Average loss: 0.0899, Accuracy: 32074/50176 (64%)
Epoch:121, Loss:0.1747 Val set: Average loss: 0.0900, Accuracy: 32741/50176 (65%)
Epoch:122, Loss:0.1876 Val set: Average loss: 0.0944, Accuracy: 33183/50176 (66%)
Epoch:123, Loss:0.1792 Val set: Average loss: 0.0991, Accuracy: 33267/50176 (66%)
Epoch:124, Loss:0.1837 Val set: Average loss: 0.1013, Accuracy: 34236/50176 (68%)
Epoch:125, Loss:0.1812 Val set: Average loss: 0.1013, Accuracy: 34816/50176 (69%)
Epoch:126, Loss:0.1876 Val set: Average loss: 0.0978, Accuracy: 33554/50176 (67%)
Epoch:127, Loss:0.1786 Val set: Average loss: 0.0990, Accuracy: 33090/50176 (66%)
Epoch:128, Loss:0.1409 Val set: Average loss: 0.1094, Accuracy: 34336/50176 (68%)
Epoch:129, Loss:0.1373 Val set: Average loss: 0.1094, Accuracy: 34483/50176 (69%)
Epoch:130, Loss:0.1562 Val set: Average loss: 0.1069, Accuracy: 34165/50176 (68%)
Epoch:131, Loss:0.1308 Val set: Average loss: 0.0978, Accuracy: 33857/50176 (67%)
Epoch:132, Loss:0.1440 Val set: Average loss: 0.1011, Accuracy: 33738/50176 (67%)
Epoch:133, Loss:0.1506 Val set: Average loss: 0.1072, Accuracy: 33523/50176 (67%)
Epoch:134, Loss:0.1739 Val set: Average loss: 0.1080, Accuracy: 33264/50176 (66%)
Epoch:135, Loss:0.1509 Val set: Average loss: 0.1077, Accuracy: 33019/50176 (66%)
Epoch:136, Loss:0.1433 Val set: Average loss: 0.1051, Accuracy: 32682/50176 (65%)
Epoch:137, Loss:0.1562 Val set: Average loss: 0.0998, Accuracy: 33054/50176 (66%)
Epoch:138, Loss:0.1415 Val set: Average loss: 0.0964, Accuracy: 32899/50176 (66%)
Epoch:139, Loss:0.1383 Val set: Average loss: 0.1029, Accuracy: 33876/50176 (68%)
Epoch:140, Loss:0.1409 Val set: Average loss: 0.1076, Accuracy: 34040/50176 (68%)
Epoch:141, Loss:0.1287 Val set: Average loss: 0.1050, Accuracy: 33635/50176 (67%)
Epoch:142, Loss:0.1249 Val set: Average loss: 0.1030, Accuracy: 33884/50176 (68%)
Epoch:143, Loss:0.1318 Val set: Average loss: 0.1044, Accuracy: 34371/50176 (69%)
Epoch:144, Loss:0.1063 Val set: Average loss: 0.1116, Accuracy: 35083/50176 (70%)
Epoch:145, Loss:0.1103 Val set: Average loss: 0.1187, Accuracy: 35019/50176 (70%)
Epoch:146, Loss:0.1161 Val set: Average loss: 0.1129, Accuracy: 34775/50176 (69%)
Epoch:147, Loss:0.1281 Val set: Average loss: 0.0969, Accuracy: 33639/50176 (67%)
Epoch:148, Loss:0.1378 Val set: Average loss: 0.0914, Accuracy: 33255/50176 (66%)
Epoch:149, Loss:0.1556 Val set: Average loss: 0.0928, Accuracy: 33403/50176 (67%)
Epoch:150, Loss:0.1681 Val set: Average loss: 0.0991, Accuracy: 30703/50176 (61%)
Epoch:151, Loss:0.1586 Val set: Average loss: 0.0883, Accuracy: 31367/50176 (63%)
Epoch:152, Loss:0.1349 Val set: Average loss: 0.0897, Accuracy: 31965/50176 (64%)
Epoch:153, Loss:0.1426 Val set: Average loss: 0.0902, Accuracy: 33112/50176 (66%)
Epoch:154, Loss:0.1265 Val set: Average loss: 0.0960, Accuracy: 34017/50176 (68%)
Epoch:155, Loss:0.1486 Val set: Average loss: 0.0945, Accuracy: 34129/50176 (68%)
Epoch:156, Loss:0.1490 Val set: Average loss: 0.1004, Accuracy: 34660/50176 (69%)
Epoch:157, Loss:0.1290 Val set: Average loss: 0.1005, Accuracy: 34498/50176 (69%)
Epoch:158, Loss:0.1196 Val set: Average loss: 0.1044, Accuracy: 34420/50176 (69%)
Epoch:159, Loss:0.1127 Val set: Average loss: 0.1054, Accuracy: 33711/50176 (67%)
Epoch:160, Loss:0.0979 Val set: Average loss: 0.1026, Accuracy: 32750/50176 (65%)
Epoch:161, Loss:0.1107 Val set: Average loss: 0.1037, Accuracy: 32745/50176 (65%)
Epoch:162, Loss:0.1062 Val set: Average loss: 0.1053, Accuracy: 32977/50176 (66%)
Epoch:163, Loss:0.0971 Val set: Average loss: 0.1092, Accuracy: 34145/50176 (68%)
Epoch:164, Loss:0.1185 Val set: Average loss: 0.1141, Accuracy: 34753/50176 (69%)
Epoch:165, Loss:0.0923 Val set: Average loss: 0.1173, Accuracy: 35069/50176 (70%)
Epoch:166, Loss:0.0979 Val set: Average loss: 0.1114, Accuracy: 34476/50176 (69%)
Epoch:167, Loss:0.1229 Val set: Average loss: 0.1064, Accuracy: 32874/50176 (66%)
Epoch:168, Loss:0.1115 Val set: Average loss: 0.1010, Accuracy: 32274/50176 (64%)
Epoch:169, Loss:0.1337 Val set: Average loss: 0.0952, Accuracy: 32389/50176 (65%)
Epoch:170, Loss:0.1098 Val set: Average loss: 0.1003, Accuracy: 33355/50176 (66%)
Epoch:171, Loss:0.0945 Val set: Average loss: 0.1064, Accuracy: 33961/50176 (68%)
Epoch:172, Loss:0.0889 Val set: Average loss: 0.1120, Accuracy: 34649/50176 (69%)
Epoch:173, Loss:0.0749 Val set: Average loss: 0.1109, Accuracy: 34666/50176 (69%)
Epoch:174, Loss:0.1031 Val set: Average loss: 0.0985, Accuracy: 33500/50176 (67%)
Epoch:175, Loss:0.1060 Val set: Average loss: 0.0989, Accuracy: 32105/50176 (64%)
Epoch:176, Loss:0.0826 Val set: Average loss: 0.0983, Accuracy: 32239/50176 (64%)
Epoch:177, Loss:0.0755 Val set: Average loss: 0.1031, Accuracy: 34088/50176 (68%)
Epoch:178, Loss:0.0940 Val set: Average loss: 0.1127, Accuracy: 34868/50176 (69%)
Epoch:179, Loss:0.0900 Val set: Average loss: 0.1066, Accuracy: 34022/50176 (68%)
Epoch:180, Loss:0.0929 Val set: Average loss: 0.1052, Accuracy: 34307/50176 (68%)
Epoch:181, Loss:0.0962 Val set: Average loss: 0.1032, Accuracy: 33112/50176 (66%)
Epoch:182, Loss:0.0933 Val set: Average loss: 0.1031, Accuracy: 32984/50176 (66%)
Epoch:183, Loss:0.0752 Val set: Average loss: 0.1032, Accuracy: 33557/50176 (67%)
Epoch:184, Loss:0.0902 Val set: Average loss: 0.1126, Accuracy: 34734/50176 (69%)
Epoch:185, Loss:0.0999 Val set: Average loss: 0.1200, Accuracy: 34845/50176 (69%)
Epoch:186, Loss:0.0798 Val set: Average loss: 0.1191, Accuracy: 34694/50176 (69%)
Epoch:187, Loss:0.0793 Val set: Average loss: 0.1115, Accuracy: 33755/50176 (67%)
Epoch:188, Loss:0.0922 Val set: Average loss: 0.1038, Accuracy: 33647/50176 (67%)
Epoch:189, Loss:0.0854 Val set: Average loss: 0.0974, Accuracy: 33264/50176 (66%)
Epoch:190, Loss:0.0814 Val set: Average loss: 0.1038, Accuracy: 33692/50176 (67%)
Epoch:191, Loss:0.0822 Val set: Average loss: 0.1174, Accuracy: 35254/50176 (70%)
Epoch:192, Loss:0.0884 Val set: Average loss: 0.1299, Accuracy: 35382/50176 (71%)
Epoch:193, Loss:0.0928 Val set: Average loss: 0.1208, Accuracy: 34914/50176 (70%)
Epoch:194, Loss:0.0810 Val set: Average loss: 0.1125, Accuracy: 35383/50176 (71%)
Epoch:195, Loss:0.0980 Val set: Average loss: 0.1093, Accuracy: 34762/50176 (69%)
Epoch:196, Loss:0.0895 Val set: Average loss: 0.1057, Accuracy: 33628/50176 (67%)
Epoch:197, Loss:0.0899 Val set: Average loss: 0.1026, Accuracy: 32816/50176 (65%)
Epoch:198, Loss:0.0933 Val set: Average loss: 0.1025, Accuracy: 32828/50176 (65%)
Epoch:199, Loss:0.0924 Val set: Average loss: 0.1093, Accuracy: 34091/50176 (68%)
Epoch:200, Loss:0.0830 Val set: Average loss: 0.1165, Accuracy: 34666/50176 (69%)
Training time: 446252:06:47.60