Naive(
  (encoder): Sequential(
    (0): Conv2d(3, 64, kernel_size=(3, 3), stride=(2, 2), padding=(1, 1))
    (1): LeakyReLU(negative_slope=0.01)
    (2): Conv2d(64, 128, kernel_size=(3, 3), stride=(2, 2), padding=(1, 1))
    (3): LeakyReLU(negative_slope=0.01)
    (4): Conv2d(128, 256, kernel_size=(3, 3), stride=(2, 2), padding=(1, 1))
    (5): LeakyReLU(negative_slope=0.01)
    (6): Conv2d(256, 512, kernel_size=(3, 3), stride=(2, 2), padding=(1, 1))
  )
  (decorder): Sequential(
    (0): ConvTranspose2d(512, 256, kernel_size=(3, 3), stride=(2, 2), padding=(1, 1), output_padding=(1, 1))
    (1): LeakyReLU(negative_slope=0.01)
    (2): ConvTranspose2d(256, 128, kernel_size=(3, 3), stride=(2, 2), padding=(1, 1), output_padding=(1, 1))
    (3): LeakyReLU(negative_slope=0.01)
    (4): ConvTranspose2d(128, 64, kernel_size=(3, 3), stride=(2, 2), padding=(1, 1), output_padding=(1, 1))
    (5): LeakyReLU(negative_slope=0.01)
    (6): ConvTranspose2d(64, 21, kernel_size=(3, 3), stride=(2, 2), padding=(1, 1), output_padding=(1, 1))
  )
)
Criterion: CrossEntropyLoss()
Optimizer: Adam (
Parameter Group 0
    amsgrad: False
    betas: (0.9, 0.999)
    eps: 1e-08
    lr: 0.001
    weight_decay: 1e-05
)
Learning Rate: 0.001
Weight Decay: 1e-05
Batch Size: 64
Epochs: 100
-----------------------
Epoch:1, Loss:2.8937 Val set: Average loss: 0.0468, Accuracy: 0/256 (0%)
Epoch:2, Loss:2.8069 Val set: Average loss: 0.0452, Accuracy: 0/256 (0%)
Epoch:3, Loss:2.6663 Val set: Average loss: 0.0451, Accuracy: 0/256 (0%)
Epoch:4, Loss:2.9175 Val set: Average loss: 0.0457, Accuracy: 0/256 (0%)
Epoch:5, Loss:2.6060 Val set: Average loss: 0.0435, Accuracy: 0/256 (0%)
Epoch:6, Loss:2.6550 Val set: Average loss: 0.0445, Accuracy: 0/256 (0%)
Epoch:7, Loss:2.7723 Val set: Average loss: 0.0440, Accuracy: 0/256 (0%)
Epoch:8, Loss:2.5518 Val set: Average loss: 0.0435, Accuracy: 0/256 (0%)
Epoch:9, Loss:2.7174 Val set: Average loss: 0.0436, Accuracy: 0/256 (0%)
Epoch:10, Loss:2.6332 Val set: Average loss: 0.0433, Accuracy: 0/256 (0%)
Epoch:11, Loss:2.6054 Val set: Average loss: 0.0431, Accuracy: 0/256 (0%)
Epoch:12, Loss:2.5656 Val set: Average loss: 0.0427, Accuracy: 0/256 (0%)
Epoch:13, Loss:2.4504 Val set: Average loss: 0.0476, Accuracy: 0/256 (0%)
Epoch:14, Loss:2.5828 Val set: Average loss: 0.0428, Accuracy: 0/256 (0%)
Epoch:15, Loss:2.7944 Val set: Average loss: 0.0445, Accuracy: 0/256 (0%)
Epoch:16, Loss:2.5857 Val set: Average loss: 0.0422, Accuracy: 0/256 (0%)
Epoch:17, Loss:2.5626 Val set: Average loss: 0.0414, Accuracy: 0/256 (0%)
Epoch:18, Loss:2.5014 Val set: Average loss: 0.0418, Accuracy: 0/256 (0%)
Epoch:19, Loss:2.5163 Val set: Average loss: 0.0413, Accuracy: 0/256 (0%)
Epoch:20, Loss:2.4745 Val set: Average loss: 0.0409, Accuracy: 0/256 (0%)
Epoch:21, Loss:2.4135 Val set: Average loss: 0.0402, Accuracy: 0/256 (0%)
Epoch:22, Loss:2.4024 Val set: Average loss: 0.0404, Accuracy: 0/256 (0%)
Epoch:23, Loss:2.3569 Val set: Average loss: 0.0394, Accuracy: 0/256 (0%)
Epoch:24, Loss:2.3757 Val set: Average loss: 0.0397, Accuracy: 0/256 (0%)
Epoch:25, Loss:2.4015 Val set: Average loss: 0.0402, Accuracy: 0/256 (0%)
Epoch:26, Loss:2.3888 Val set: Average loss: 0.0404, Accuracy: 0/256 (0%)
Epoch:27, Loss:2.4534 Val set: Average loss: 0.0398, Accuracy: 0/256 (0%)
Epoch:28, Loss:2.3362 Val set: Average loss: 0.0400, Accuracy: 0/256 (0%)
Epoch:29, Loss:2.3414 Val set: Average loss: 0.0400, Accuracy: 0/256 (0%)
Epoch:30, Loss:2.3403 Val set: Average loss: 0.0395, Accuracy: 0/256 (0%)
Epoch:31, Loss:2.2510 Val set: Average loss: 0.0389, Accuracy: 0/256 (0%)
Epoch:32, Loss:2.1950 Val set: Average loss: 0.0387, Accuracy: 0/256 (0%)
Epoch:33, Loss:2.2353 Val set: Average loss: 0.0388, Accuracy: 0/256 (0%)
Epoch:34, Loss:2.1691 Val set: Average loss: 0.0389, Accuracy: 0/256 (0%)
Epoch:35, Loss:2.0884 Val set: Average loss: 0.0388, Accuracy: 0/256 (0%)
Epoch:36, Loss:2.1203 Val set: Average loss: 0.0391, Accuracy: 0/256 (0%)
Epoch:37, Loss:2.1209 Val set: Average loss: 0.0414, Accuracy: 0/256 (0%)
Epoch:38, Loss:2.0014 Val set: Average loss: 0.0410, Accuracy: 0/256 (0%)
Epoch:39, Loss:1.9862 Val set: Average loss: 0.0400, Accuracy: 0/256 (0%)
Epoch:40, Loss:1.8907 Val set: Average loss: 0.0414, Accuracy: 0/256 (0%)
Epoch:41, Loss:1.8275 Val set: Average loss: 0.0409, Accuracy: 0/256 (0%)
Epoch:42, Loss:2.0371 Val set: Average loss: 0.0443, Accuracy: 0/256 (0%)
Epoch:43, Loss:1.8598 Val set: Average loss: 0.0425, Accuracy: 0/256 (0%)
Epoch:44, Loss:1.7758 Val set: Average loss: 0.0430, Accuracy: 0/256 (0%)
Epoch:45, Loss:1.8394 Val set: Average loss: 0.0415, Accuracy: 0/256 (0%)
Epoch:46, Loss:1.8599 Val set: Average loss: 0.0412, Accuracy: 0/256 (0%)
Epoch:47, Loss:1.8572 Val set: Average loss: 0.0417, Accuracy: 0/256 (0%)
Epoch:48, Loss:1.8506 Val set: Average loss: 0.0447, Accuracy: 0/256 (0%)
Epoch:49, Loss:1.7960 Val set: Average loss: 0.0461, Accuracy: 0/256 (0%)
Epoch:50, Loss:1.7201 Val set: Average loss: 0.0478, Accuracy: 0/256 (0%)
Epoch:51, Loss:1.6356 Val set: Average loss: 0.0483, Accuracy: 0/256 (0%)
Epoch:52, Loss:1.7119 Val set: Average loss: 0.0485, Accuracy: 0/256 (0%)
Epoch:53, Loss:1.8217 Val set: Average loss: 0.0542, Accuracy: 0/256 (0%)
Epoch:54, Loss:1.7565 Val set: Average loss: 0.0553, Accuracy: 0/256 (0%)
Epoch:55, Loss:1.7308 Val set: Average loss: 0.0530, Accuracy: 0/256 (0%)
Epoch:56, Loss:1.6735 Val set: Average loss: 0.0543, Accuracy: 0/256 (0%)
Epoch:57, Loss:1.5414 Val set: Average loss: 0.0596, Accuracy: 0/256 (0%)
Epoch:58, Loss:1.3227 Val set: Average loss: 0.0617, Accuracy: 0/256 (0%)
Epoch:59, Loss:1.3360 Val set: Average loss: 0.0595, Accuracy: 0/256 (0%)
Epoch:60, Loss:1.3884 Val set: Average loss: 0.0577, Accuracy: 0/256 (0%)
Epoch:61, Loss:1.3047 Val set: Average loss: 0.0615, Accuracy: 0/256 (0%)
Epoch:62, Loss:1.3456 Val set: Average loss: 0.0664, Accuracy: 0/256 (0%)
Epoch:63, Loss:1.3045 Val set: Average loss: 0.0673, Accuracy: 0/256 (0%)
Epoch:64, Loss:1.1725 Val set: Average loss: 0.0745, Accuracy: 0/256 (0%)
Epoch:65, Loss:1.1688 Val set: Average loss: 0.0728, Accuracy: 0/256 (0%)
Epoch:66, Loss:1.1551 Val set: Average loss: 0.0735, Accuracy: 0/256 (0%)
Epoch:67, Loss:1.1033 Val set: Average loss: 0.0762, Accuracy: 0/256 (0%)
Epoch:68, Loss:0.9387 Val set: Average loss: 0.0822, Accuracy: 0/256 (0%)
Epoch:69, Loss:0.8787 Val set: Average loss: 0.0793, Accuracy: 0/256 (0%)
Epoch:70, Loss:0.9203 Val set: Average loss: 0.0852, Accuracy: 0/256 (0%)
Epoch:71, Loss:0.9051 Val set: Average loss: 0.0931, Accuracy: 0/256 (0%)
Epoch:72, Loss:0.9005 Val set: Average loss: 0.0877, Accuracy: 0/256 (0%)
Epoch:73, Loss:0.8171 Val set: Average loss: 0.0961, Accuracy: 0/256 (0%)
Epoch:74, Loss:0.8067 Val set: Average loss: 0.0998, Accuracy: 0/256 (0%)
Epoch:75, Loss:0.7989 Val set: Average loss: 0.0911, Accuracy: 0/256 (0%)
Epoch:76, Loss:0.7826 Val set: Average loss: 0.0975, Accuracy: 0/256 (0%)
Epoch:77, Loss:0.8245 Val set: Average loss: 0.0987, Accuracy: 0/256 (0%)
Epoch:78, Loss:0.7506 Val set: Average loss: 0.1010, Accuracy: 0/256 (0%)
Epoch:79, Loss:0.6796 Val set: Average loss: 0.1037, Accuracy: 0/256 (0%)
Epoch:80, Loss:0.7158 Val set: Average loss: 0.0961, Accuracy: 0/256 (0%)
Epoch:81, Loss:0.7708 Val set: Average loss: 0.0987, Accuracy: 0/256 (0%)
Epoch:82, Loss:0.7326 Val set: Average loss: 0.0978, Accuracy: 0/256 (0%)
Epoch:83, Loss:0.8493 Val set: Average loss: 0.0929, Accuracy: 0/256 (0%)
Epoch:84, Loss:0.7355 Val set: Average loss: 0.0848, Accuracy: 0/256 (0%)
Epoch:85, Loss:0.6245 Val set: Average loss: 0.0879, Accuracy: 0/256 (0%)
Epoch:86, Loss:0.5227 Val set: Average loss: 0.0971, Accuracy: 0/256 (0%)
Epoch:87, Loss:0.4905 Val set: Average loss: 0.1071, Accuracy: 0/256 (0%)
Epoch:88, Loss:0.4965 Val set: Average loss: 0.1046, Accuracy: 0/256 (0%)
Epoch:89, Loss:0.5058 Val set: Average loss: 0.1074, Accuracy: 0/256 (0%)
Epoch:90, Loss:0.4827 Val set: Average loss: 0.1049, Accuracy: 0/256 (0%)
Epoch:91, Loss:0.4379 Val set: Average loss: 0.1038, Accuracy: 0/256 (0%)
Epoch:92, Loss:0.5117 Val set: Average loss: 0.1120, Accuracy: 0/256 (0%)
Epoch:93, Loss:0.4233 Val set: Average loss: 0.1048, Accuracy: 0/256 (0%)
Epoch:94, Loss:0.3569 Val set: Average loss: 0.1197, Accuracy: 0/256 (0%)
Epoch:95, Loss:0.3921 Val set: Average loss: 0.1204, Accuracy: 0/256 (0%)
Epoch:96, Loss:0.3752 Val set: Average loss: 0.1176, Accuracy: 0/256 (0%)
Epoch:97, Loss:0.3512 Val set: Average loss: 0.1143, Accuracy: 0/256 (0%)
Epoch:98, Loss:0.2794 Val set: Average loss: 0.1184, Accuracy: 0/256 (0%)
Epoch:99, Loss:0.2809 Val set: Average loss: 0.1198, Accuracy: 0/256 (0%)
Epoch:100, Loss:0.2949 Val set: Average loss: 0.1201, Accuracy: 0/256 (0%)
