Naive(
  (encoder): Sequential(
    (0): Conv2d(3, 64, kernel_size=(3, 3), stride=(2, 2), padding=(1, 1))
    (1): LeakyReLU(negative_slope=0.01)
    (2): BatchNorm2d(64, eps=1e-05, momentum=0.1, affine=True, track_running_stats=True)
    (3): Dropout2d(p=0.5, inplace=False)
    (4): Conv2d(64, 128, kernel_size=(3, 3), stride=(2, 2), padding=(1, 1))
    (5): LeakyReLU(negative_slope=0.01)
    (6): BatchNorm2d(128, eps=1e-05, momentum=0.1, affine=True, track_running_stats=True)
    (7): Dropout2d(p=0.5, inplace=False)
    (8): Conv2d(128, 256, kernel_size=(3, 3), stride=(2, 2), padding=(1, 1))
    (9): LeakyReLU(negative_slope=0.01)
    (10): BatchNorm2d(256, eps=1e-05, momentum=0.1, affine=True, track_running_stats=True)
    (11): Dropout2d(p=0.5, inplace=False)
    (12): Conv2d(256, 512, kernel_size=(3, 3), stride=(2, 2), padding=(1, 1))
  )
  (decorder): Sequential(
    (0): ConvTranspose2d(512, 256, kernel_size=(3, 3), stride=(2, 2), padding=(1, 1), output_padding=(1, 1))
    (1): LeakyReLU(negative_slope=0.01)
    (2): Dropout2d(p=0.5, inplace=False)
    (3): ConvTranspose2d(256, 128, kernel_size=(3, 3), stride=(2, 2), padding=(1, 1), output_padding=(1, 1))
    (4): LeakyReLU(negative_slope=0.01)
    (5): Dropout2d(p=0.5, inplace=False)
    (6): ConvTranspose2d(128, 64, kernel_size=(3, 3), stride=(2, 2), padding=(1, 1), output_padding=(1, 1))
    (7): LeakyReLU(negative_slope=0.01)
    (8): Dropout2d(p=0.5, inplace=False)
    (9): ConvTranspose2d(64, 21, kernel_size=(3, 3), stride=(2, 2), padding=(1, 1), output_padding=(1, 1))
  )
)
Criterion: CrossEntropyLoss()
Optimizer: Adam (
Parameter Group 0
    amsgrad: False
    betas: (0.9, 0.999)
    eps: 1e-08
    lr: 0.001
    weight_decay: 1e-05
)
Learning Rate: 0.001
Weight Decay: 1e-05
Batch Size: 64
Epochs: 200
-----------------------
Epoch:1, Loss:1.6891 Val set: Average loss: 0.0230, Accuracy: 36725/50176 (73%)
Epoch:2, Loss:1.3411 Val set: Average loss: 0.0200, Accuracy: 36725/50176 (73%)
Epoch:3, Loss:1.3050 Val set: Average loss: 0.0197, Accuracy: 36725/50176 (73%)
Epoch:4, Loss:1.2967 Val set: Average loss: 0.0196, Accuracy: 36725/50176 (73%)
Epoch:5, Loss:1.2884 Val set: Average loss: 0.0195, Accuracy: 36725/50176 (73%)
Epoch:6, Loss:1.2843 Val set: Average loss: 0.0194, Accuracy: 36725/50176 (73%)
Epoch:7, Loss:1.2825 Val set: Average loss: 0.0194, Accuracy: 36725/50176 (73%)
Epoch:8, Loss:1.2832 Val set: Average loss: 0.0195, Accuracy: 36725/50176 (73%)
Epoch:9, Loss:1.2832 Val set: Average loss: 0.0193, Accuracy: 36725/50176 (73%)
Epoch:10, Loss:1.2780 Val set: Average loss: 0.0193, Accuracy: 36725/50176 (73%)
Epoch:11, Loss:1.2757 Val set: Average loss: 0.0194, Accuracy: 36725/50176 (73%)
Epoch:12, Loss:1.2598 Val set: Average loss: 0.0192, Accuracy: 36725/50176 (73%)
Epoch:13, Loss:1.2522 Val set: Average loss: 0.0191, Accuracy: 36725/50176 (73%)
Epoch:14, Loss:1.2257 Val set: Average loss: 0.0189, Accuracy: 36725/50176 (73%)
Epoch:15, Loss:1.2210 Val set: Average loss: 0.0188, Accuracy: 36729/50176 (73%)
Epoch:16, Loss:1.2025 Val set: Average loss: 0.0186, Accuracy: 36741/50176 (73%)
Epoch:17, Loss:1.1938 Val set: Average loss: 0.0182, Accuracy: 36727/50176 (73%)
Epoch:18, Loss:1.1665 Val set: Average loss: 0.0181, Accuracy: 36722/50176 (73%)
Epoch:19, Loss:1.1966 Val set: Average loss: 0.0182, Accuracy: 36725/50176 (73%)
Epoch:20, Loss:1.2036 Val set: Average loss: 0.0183, Accuracy: 36730/50176 (73%)
Epoch:21, Loss:1.1900 Val set: Average loss: 0.0182, Accuracy: 36715/50176 (73%)
Epoch:22, Loss:1.1585 Val set: Average loss: 0.0181, Accuracy: 36776/50176 (73%)
Epoch:23, Loss:1.1216 Val set: Average loss: 0.0179, Accuracy: 36829/50176 (73%)
Epoch:24, Loss:1.1426 Val set: Average loss: 0.0181, Accuracy: 36788/50176 (73%)
Epoch:25, Loss:1.1209 Val set: Average loss: 0.0177, Accuracy: 36692/50176 (73%)
Epoch:26, Loss:1.0947 Val set: Average loss: 0.0180, Accuracy: 36751/50176 (73%)
Epoch:27, Loss:1.0870 Val set: Average loss: 0.0175, Accuracy: 36765/50176 (73%)
Epoch:28, Loss:1.0865 Val set: Average loss: 0.0177, Accuracy: 36639/50176 (73%)
Epoch:29, Loss:1.0806 Val set: Average loss: 0.0175, Accuracy: 36711/50176 (73%)
Epoch:30, Loss:1.0463 Val set: Average loss: 0.0176, Accuracy: 36568/50176 (73%)
Epoch:31, Loss:1.0351 Val set: Average loss: 0.0175, Accuracy: 36453/50176 (73%)
Epoch:32, Loss:1.0405 Val set: Average loss: 0.0178, Accuracy: 36266/50176 (72%)
Epoch:33, Loss:1.0340 Val set: Average loss: 0.0179, Accuracy: 35836/50176 (71%)
Epoch:34, Loss:0.9857 Val set: Average loss: 0.0181, Accuracy: 35581/50176 (71%)
Epoch:35, Loss:0.9882 Val set: Average loss: 0.0187, Accuracy: 35062/50176 (70%)
Epoch:36, Loss:0.9636 Val set: Average loss: 0.0190, Accuracy: 34675/50176 (69%)
Epoch:37, Loss:0.9363 Val set: Average loss: 0.0196, Accuracy: 34396/50176 (69%)
Epoch:38, Loss:0.9522 Val set: Average loss: 0.0187, Accuracy: 35534/50176 (71%)
Epoch:39, Loss:0.9308 Val set: Average loss: 0.0188, Accuracy: 35813/50176 (71%)
Epoch:40, Loss:0.9287 Val set: Average loss: 0.0182, Accuracy: 35686/50176 (71%)
Epoch:41, Loss:0.9499 Val set: Average loss: 0.0181, Accuracy: 36172/50176 (72%)
Epoch:42, Loss:0.9156 Val set: Average loss: 0.0184, Accuracy: 36488/50176 (73%)
Epoch:43, Loss:0.9049 Val set: Average loss: 0.0182, Accuracy: 36230/50176 (72%)
Epoch:44, Loss:0.9186 Val set: Average loss: 0.0186, Accuracy: 35690/50176 (71%)
Epoch:45, Loss:0.9103 Val set: Average loss: 0.0190, Accuracy: 35377/50176 (71%)
Epoch:46, Loss:0.8670 Val set: Average loss: 0.0192, Accuracy: 35454/50176 (71%)
Epoch:47, Loss:0.8405 Val set: Average loss: 0.0191, Accuracy: 35783/50176 (71%)
Epoch:48, Loss:0.8282 Val set: Average loss: 0.0194, Accuracy: 35405/50176 (71%)
Epoch:49, Loss:0.8085 Val set: Average loss: 0.0199, Accuracy: 35427/50176 (71%)
Epoch:50, Loss:0.7973 Val set: Average loss: 0.0197, Accuracy: 35703/50176 (71%)
Epoch:51, Loss:0.8415 Val set: Average loss: 0.0200, Accuracy: 35268/50176 (70%)
Epoch:52, Loss:0.7933 Val set: Average loss: 0.0209, Accuracy: 34662/50176 (69%)
Epoch:53, Loss:0.7925 Val set: Average loss: 0.0207, Accuracy: 35260/50176 (70%)
Epoch:54, Loss:0.7806 Val set: Average loss: 0.0211, Accuracy: 35022/50176 (70%)
Epoch:55, Loss:0.7487 Val set: Average loss: 0.0241, Accuracy: 33368/50176 (67%)
Epoch:56, Loss:0.7063 Val set: Average loss: 0.0229, Accuracy: 34490/50176 (69%)
Epoch:57, Loss:0.7232 Val set: Average loss: 0.0226, Accuracy: 34490/50176 (69%)
Epoch:58, Loss:0.7373 Val set: Average loss: 0.0220, Accuracy: 34948/50176 (70%)
Epoch:59, Loss:0.6988 Val set: Average loss: 0.0222, Accuracy: 34884/50176 (70%)
Epoch:60, Loss:0.6708 Val set: Average loss: 0.0229, Accuracy: 34654/50176 (69%)
Epoch:61, Loss:0.6432 Val set: Average loss: 0.0242, Accuracy: 34052/50176 (68%)
Epoch:62, Loss:0.5958 Val set: Average loss: 0.0231, Accuracy: 33918/50176 (68%)
Epoch:63, Loss:0.6052 Val set: Average loss: 0.0230, Accuracy: 34547/50176 (69%)
Epoch:64, Loss:0.6135 Val set: Average loss: 0.0250, Accuracy: 33523/50176 (67%)
Epoch:65, Loss:0.5930 Val set: Average loss: 0.0241, Accuracy: 33930/50176 (68%)
Epoch:66, Loss:0.5943 Val set: Average loss: 0.0239, Accuracy: 34001/50176 (68%)
Epoch:67, Loss:0.6082 Val set: Average loss: 0.0248, Accuracy: 34780/50176 (69%)
Epoch:68, Loss:0.5569 Val set: Average loss: 0.0256, Accuracy: 34243/50176 (68%)
Epoch:69, Loss:0.5578 Val set: Average loss: 0.0248, Accuracy: 34799/50176 (69%)
Epoch:70, Loss:0.5427 Val set: Average loss: 0.0249, Accuracy: 35277/50176 (70%)
Epoch:71, Loss:0.5541 Val set: Average loss: 0.0251, Accuracy: 35235/50176 (70%)
Epoch:72, Loss:0.5375 Val set: Average loss: 0.0263, Accuracy: 35324/50176 (70%)
Epoch:73, Loss:0.4950 Val set: Average loss: 0.0268, Accuracy: 35067/50176 (70%)
Epoch:74, Loss:0.4712 Val set: Average loss: 0.0275, Accuracy: 34830/50176 (69%)
Epoch:75, Loss:0.4928 Val set: Average loss: 0.0285, Accuracy: 34666/50176 (69%)
Epoch:76, Loss:0.4973 Val set: Average loss: 0.0301, Accuracy: 35224/50176 (70%)
Epoch:77, Loss:0.4848 Val set: Average loss: 0.0289, Accuracy: 35508/50176 (71%)
Epoch:78, Loss:0.4822 Val set: Average loss: 0.0290, Accuracy: 35720/50176 (71%)
Epoch:79, Loss:0.4829 Val set: Average loss: 0.0280, Accuracy: 34394/50176 (69%)
Epoch:80, Loss:0.4308 Val set: Average loss: 0.0288, Accuracy: 34254/50176 (68%)
Epoch:81, Loss:0.4037 Val set: Average loss: 0.0302, Accuracy: 34888/50176 (70%)
Epoch:82, Loss:0.3970 Val set: Average loss: 0.0300, Accuracy: 35241/50176 (70%)
Epoch:83, Loss:0.3960 Val set: Average loss: 0.0308, Accuracy: 34712/50176 (69%)
Epoch:84, Loss:0.3892 Val set: Average loss: 0.0294, Accuracy: 34299/50176 (68%)
Epoch:85, Loss:0.3755 Val set: Average loss: 0.0283, Accuracy: 35096/50176 (70%)
Epoch:86, Loss:0.4190 Val set: Average loss: 0.0302, Accuracy: 34335/50176 (68%)
Epoch:87, Loss:0.3750 Val set: Average loss: 0.0308, Accuracy: 33643/50176 (67%)
Epoch:88, Loss:0.3655 Val set: Average loss: 0.0309, Accuracy: 34273/50176 (68%)
Epoch:89, Loss:0.3660 Val set: Average loss: 0.0311, Accuracy: 34453/50176 (69%)
Epoch:90, Loss:0.3151 Val set: Average loss: 0.0338, Accuracy: 34175/50176 (68%)
Epoch:91, Loss:0.3356 Val set: Average loss: 0.0329, Accuracy: 34111/50176 (68%)
Epoch:92, Loss:0.3196 Val set: Average loss: 0.0340, Accuracy: 33766/50176 (67%)
Epoch:93, Loss:0.3169 Val set: Average loss: 0.0353, Accuracy: 33195/50176 (66%)
Epoch:94, Loss:0.3233 Val set: Average loss: 0.0332, Accuracy: 33045/50176 (66%)
Epoch:95, Loss:0.2900 Val set: Average loss: 0.0320, Accuracy: 33358/50176 (66%)
Epoch:96, Loss:0.2926 Val set: Average loss: 0.0347, Accuracy: 33683/50176 (67%)
Epoch:97, Loss:0.2670 Val set: Average loss: 0.0362, Accuracy: 33861/50176 (67%)
Epoch:98, Loss:0.2666 Val set: Average loss: 0.0376, Accuracy: 33839/50176 (67%)
Epoch:99, Loss:0.2837 Val set: Average loss: 0.0384, Accuracy: 34113/50176 (68%)
Epoch:100, Loss:0.2799 Val set: Average loss: 0.0380, Accuracy: 34058/50176 (68%)
Epoch:101, Loss:0.2619 Val set: Average loss: 0.0375, Accuracy: 34402/50176 (69%)
Epoch:102, Loss:0.2753 Val set: Average loss: 0.0382, Accuracy: 35051/50176 (70%)
Epoch:103, Loss:0.2839 Val set: Average loss: 0.0396, Accuracy: 34232/50176 (68%)
Epoch:104, Loss:0.2535 Val set: Average loss: 0.0375, Accuracy: 34122/50176 (68%)
Epoch:105, Loss:0.2601 Val set: Average loss: 0.0358, Accuracy: 34725/50176 (69%)
Epoch:106, Loss:0.2570 Val set: Average loss: 0.0364, Accuracy: 33973/50176 (68%)
Epoch:107, Loss:0.2272 Val set: Average loss: 0.0367, Accuracy: 33395/50176 (67%)
Epoch:108, Loss:0.2122 Val set: Average loss: 0.0368, Accuracy: 33644/50176 (67%)
Epoch:109, Loss:0.2400 Val set: Average loss: 0.0392, Accuracy: 33879/50176 (68%)
Epoch:110, Loss:0.2293 Val set: Average loss: 0.0410, Accuracy: 33850/50176 (67%)
Epoch:111, Loss:0.2066 Val set: Average loss: 0.0413, Accuracy: 34289/50176 (68%)
Epoch:112, Loss:0.2053 Val set: Average loss: 0.0412, Accuracy: 34676/50176 (69%)
Epoch:113, Loss:0.2034 Val set: Average loss: 0.0407, Accuracy: 34763/50176 (69%)
Epoch:114, Loss:0.2029 Val set: Average loss: 0.0413, Accuracy: 33978/50176 (68%)
Epoch:115, Loss:0.1842 Val set: Average loss: 0.0419, Accuracy: 34995/50176 (70%)
Epoch:116, Loss:0.1827 Val set: Average loss: 0.0412, Accuracy: 34634/50176 (69%)
Epoch:117, Loss:0.1870 Val set: Average loss: 0.0417, Accuracy: 34203/50176 (68%)
Epoch:118, Loss:0.1939 Val set: Average loss: 0.0423, Accuracy: 34751/50176 (69%)
Epoch:119, Loss:0.1801 Val set: Average loss: 0.0423, Accuracy: 34593/50176 (69%)
Epoch:120, Loss:0.1712 Val set: Average loss: 0.0424, Accuracy: 34798/50176 (69%)
Epoch:121, Loss:0.1758 Val set: Average loss: 0.0440, Accuracy: 34633/50176 (69%)
Epoch:122, Loss:0.1991 Val set: Average loss: 0.0418, Accuracy: 34647/50176 (69%)
Epoch:123, Loss:0.1613 Val set: Average loss: 0.0423, Accuracy: 34656/50176 (69%)
Epoch:124, Loss:0.1801 Val set: Average loss: 0.0457, Accuracy: 34202/50176 (68%)
Epoch:125, Loss:0.1897 Val set: Average loss: 0.0442, Accuracy: 34154/50176 (68%)
Epoch:126, Loss:0.1924 Val set: Average loss: 0.0461, Accuracy: 33817/50176 (67%)
Epoch:127, Loss:0.1695 Val set: Average loss: 0.0442, Accuracy: 34118/50176 (68%)
Epoch:128, Loss:0.1753 Val set: Average loss: 0.0428, Accuracy: 34551/50176 (69%)
Epoch:129, Loss:0.1614 Val set: Average loss: 0.0445, Accuracy: 34050/50176 (68%)
Epoch:130, Loss:0.1989 Val set: Average loss: 0.0446, Accuracy: 33770/50176 (67%)
Epoch:131, Loss:0.1978 Val set: Average loss: 0.0436, Accuracy: 33339/50176 (66%)
Epoch:132, Loss:0.1688 Val set: Average loss: 0.0433, Accuracy: 34284/50176 (68%)
Epoch:133, Loss:0.1806 Val set: Average loss: 0.0404, Accuracy: 34121/50176 (68%)
Epoch:134, Loss:0.1822 Val set: Average loss: 0.0419, Accuracy: 34549/50176 (69%)
Epoch:135, Loss:0.1761 Val set: Average loss: 0.0433, Accuracy: 34411/50176 (69%)
Epoch:136, Loss:0.1489 Val set: Average loss: 0.0427, Accuracy: 34163/50176 (68%)
Epoch:137, Loss:0.1778 Val set: Average loss: 0.0415, Accuracy: 33751/50176 (67%)
Epoch:138, Loss:0.1721 Val set: Average loss: 0.0420, Accuracy: 33195/50176 (66%)
Epoch:139, Loss:0.1564 Val set: Average loss: 0.0430, Accuracy: 33127/50176 (66%)
Epoch:140, Loss:0.1580 Val set: Average loss: 0.0429, Accuracy: 34278/50176 (68%)
Epoch:141, Loss:0.1618 Val set: Average loss: 0.0414, Accuracy: 34481/50176 (69%)
Epoch:142, Loss:0.1664 Val set: Average loss: 0.0393, Accuracy: 33305/50176 (66%)
Epoch:143, Loss:0.1492 Val set: Average loss: 0.0432, Accuracy: 33808/50176 (67%)
Epoch:144, Loss:0.1349 Val set: Average loss: 0.0442, Accuracy: 33935/50176 (68%)
Epoch:145, Loss:0.1261 Val set: Average loss: 0.0433, Accuracy: 34434/50176 (69%)
Epoch:146, Loss:0.1253 Val set: Average loss: 0.0436, Accuracy: 34896/50176 (70%)
Epoch:147, Loss:0.1445 Val set: Average loss: 0.0424, Accuracy: 34194/50176 (68%)
Epoch:148, Loss:0.1284 Val set: Average loss: 0.0424, Accuracy: 32815/50176 (65%)
Epoch:149, Loss:0.1334 Val set: Average loss: 0.0434, Accuracy: 33710/50176 (67%)
Epoch:150, Loss:0.1309 Val set: Average loss: 0.0435, Accuracy: 34678/50176 (69%)
Epoch:151, Loss:0.1126 Val set: Average loss: 0.0436, Accuracy: 34046/50176 (68%)
Epoch:152, Loss:0.1186 Val set: Average loss: 0.0447, Accuracy: 34294/50176 (68%)
Epoch:153, Loss:0.1154 Val set: Average loss: 0.0469, Accuracy: 34540/50176 (69%)
Epoch:154, Loss:0.1075 Val set: Average loss: 0.0483, Accuracy: 34552/50176 (69%)
Epoch:155, Loss:0.0991 Val set: Average loss: 0.0486, Accuracy: 34275/50176 (68%)
Epoch:156, Loss:0.1087 Val set: Average loss: 0.0458, Accuracy: 34027/50176 (68%)
Epoch:157, Loss:0.1140 Val set: Average loss: 0.0468, Accuracy: 34728/50176 (69%)
Epoch:158, Loss:0.1055 Val set: Average loss: 0.0483, Accuracy: 34262/50176 (68%)
Epoch:159, Loss:0.1089 Val set: Average loss: 0.0468, Accuracy: 32966/50176 (66%)
Epoch:160, Loss:0.1004 Val set: Average loss: 0.0478, Accuracy: 34106/50176 (68%)
Epoch:161, Loss:0.0946 Val set: Average loss: 0.0488, Accuracy: 34354/50176 (68%)
Epoch:162, Loss:0.0877 Val set: Average loss: 0.0504, Accuracy: 34375/50176 (69%)
Epoch:163, Loss:0.0931 Val set: Average loss: 0.0508, Accuracy: 35323/50176 (70%)
Epoch:164, Loss:0.0898 Val set: Average loss: 0.0491, Accuracy: 35163/50176 (70%)
Epoch:165, Loss:0.0812 Val set: Average loss: 0.0475, Accuracy: 35188/50176 (70%)
Epoch:166, Loss:0.0810 Val set: Average loss: 0.0525, Accuracy: 35737/50176 (71%)
Epoch:167, Loss:0.0713 Val set: Average loss: 0.0505, Accuracy: 35107/50176 (70%)
Epoch:168, Loss:0.0722 Val set: Average loss: 0.0495, Accuracy: 35235/50176 (70%)
Epoch:169, Loss:0.0748 Val set: Average loss: 0.0479, Accuracy: 34739/50176 (69%)
Epoch:170, Loss:0.0851 Val set: Average loss: 0.0453, Accuracy: 34009/50176 (68%)
Epoch:171, Loss:0.0838 Val set: Average loss: 0.0446, Accuracy: 33324/50176 (66%)
Epoch:172, Loss:0.0799 Val set: Average loss: 0.0474, Accuracy: 32799/50176 (65%)
Epoch:173, Loss:0.0859 Val set: Average loss: 0.0467, Accuracy: 33592/50176 (67%)
Epoch:174, Loss:0.1317 Val set: Average loss: 0.0492, Accuracy: 34330/50176 (68%)
Epoch:175, Loss:0.0981 Val set: Average loss: 0.0501, Accuracy: 35457/50176 (71%)
Epoch:176, Loss:0.1022 Val set: Average loss: 0.0514, Accuracy: 35828/50176 (71%)
Epoch:177, Loss:0.0888 Val set: Average loss: 0.0506, Accuracy: 35970/50176 (72%)
Epoch:178, Loss:0.1114 Val set: Average loss: 0.0480, Accuracy: 35202/50176 (70%)
Epoch:179, Loss:0.0999 Val set: Average loss: 0.0461, Accuracy: 35040/50176 (70%)
Epoch:180, Loss:0.0898 Val set: Average loss: 0.0446, Accuracy: 34966/50176 (70%)
Epoch:181, Loss:0.0869 Val set: Average loss: 0.0442, Accuracy: 33841/50176 (67%)
Epoch:182, Loss:0.0784 Val set: Average loss: 0.0460, Accuracy: 33140/50176 (66%)
Epoch:183, Loss:0.0779 Val set: Average loss: 0.0489, Accuracy: 34522/50176 (69%)
Epoch:184, Loss:0.0821 Val set: Average loss: 0.0529, Accuracy: 35564/50176 (71%)
Epoch:185, Loss:0.0754 Val set: Average loss: 0.0548, Accuracy: 35679/50176 (71%)
Epoch:186, Loss:0.0745 Val set: Average loss: 0.0517, Accuracy: 35246/50176 (70%)
Epoch:187, Loss:0.0691 Val set: Average loss: 0.0481, Accuracy: 34499/50176 (69%)
Epoch:188, Loss:0.0646 Val set: Average loss: 0.0483, Accuracy: 33269/50176 (66%)
Epoch:189, Loss:0.0618 Val set: Average loss: 0.0484, Accuracy: 34070/50176 (68%)
Epoch:190, Loss:0.0869 Val set: Average loss: 0.0569, Accuracy: 35589/50176 (71%)
Epoch:191, Loss:0.0718 Val set: Average loss: 0.0557, Accuracy: 35846/50176 (71%)
Epoch:192, Loss:0.0802 Val set: Average loss: 0.0489, Accuracy: 34816/50176 (69%)
Epoch:193, Loss:0.0791 Val set: Average loss: 0.0463, Accuracy: 34155/50176 (68%)
Epoch:194, Loss:0.0649 Val set: Average loss: 0.0479, Accuracy: 34281/50176 (68%)
Epoch:195, Loss:0.0615 Val set: Average loss: 0.0507, Accuracy: 34560/50176 (69%)
Epoch:196, Loss:0.0571 Val set: Average loss: 0.0570, Accuracy: 35150/50176 (70%)
Epoch:197, Loss:0.0564 Val set: Average loss: 0.0558, Accuracy: 35493/50176 (71%)
Epoch:198, Loss:0.0594 Val set: Average loss: 0.0518, Accuracy: 34511/50176 (69%)
Epoch:199, Loss:0.0587 Val set: Average loss: 0.0533, Accuracy: 33459/50176 (67%)
Epoch:200, Loss:0.0544 Val set: Average loss: 0.0536, Accuracy: 34247/50176 (68%)
Training time: 446251:30:18.36