Skip(
  (down1): Sequential(
    (0): Conv2d(3, 64, kernel_size=(3, 3), stride=(2, 2), padding=(1, 1))
    (1): LeakyReLU(negative_slope=0.01)
    (2): BatchNorm2d(64, eps=1e-05, momentum=0.1, affine=True, track_running_stats=True)
    (3): Dropout2d(p=0.5, inplace=False)
  )
  (down2): Sequential(
    (0): Conv2d(64, 128, kernel_size=(3, 3), stride=(2, 2), padding=(1, 1))
    (1): LeakyReLU(negative_slope=0.01)
    (2): BatchNorm2d(128, eps=1e-05, momentum=0.1, affine=True, track_running_stats=True)
    (3): Dropout2d(p=0.5, inplace=False)
  )
  (down3): Sequential(
    (0): Conv2d(128, 256, kernel_size=(3, 3), stride=(2, 2), padding=(1, 1))
    (1): LeakyReLU(negative_slope=0.01)
    (2): BatchNorm2d(256, eps=1e-05, momentum=0.1, affine=True, track_running_stats=True)
    (3): Dropout2d(p=0.5, inplace=False)
  )
  (down4): Sequential(
    (0): Conv2d(256, 512, kernel_size=(3, 3), stride=(2, 2), padding=(1, 1))
    (1): LeakyReLU(negative_slope=0.01)
    (2): BatchNorm2d(512, eps=1e-05, momentum=0.1, affine=True, track_running_stats=True)
    (3): Dropout2d(p=0.5, inplace=False)
  )
  (up4): Sequential(
    (0): ConvTranspose2d(512, 256, kernel_size=(3, 3), stride=(2, 2), padding=(1, 1), output_padding=(1, 1))
    (1): LeakyReLU(negative_slope=0.01)
    (2): Dropout2d(p=0.5, inplace=False)
  )
  (up3): Sequential(
    (0): ConvTranspose2d(256, 128, kernel_size=(3, 3), stride=(2, 2), padding=(1, 1), output_padding=(1, 1))
    (1): LeakyReLU(negative_slope=0.01)
    (2): Dropout2d(p=0.5, inplace=False)
  )
  (up2): Sequential(
    (0): ConvTranspose2d(128, 64, kernel_size=(3, 3), stride=(2, 2), padding=(1, 1), output_padding=(1, 1))
    (1): LeakyReLU(negative_slope=0.01)
    (2): Dropout2d(p=0.5, inplace=False)
  )
  (up1): Sequential(
    (0): ConvTranspose2d(64, 21, kernel_size=(3, 3), stride=(2, 2), padding=(1, 1), output_padding=(1, 1))
  )
)
Criterion: LovaszSoftmax()
Optimizer: Adam (
Parameter Group 0
    amsgrad: False
    betas: (0.9, 0.999)
    eps: 1e-08
    lr: 0.001
    weight_decay: 1e-05
)
Learning Rate: 0.001
Weight Decay: 1e-05
Batch Size: 10
Epochs: 100
-----------------------
Epoch:1, Loss:0.8685 Val set: Average loss: 0.0146, Accuracy: 24472/50176 (49%)
Epoch:2, Loss:0.8679 Val set: Average loss: 0.0146, Accuracy: 21522/50176 (43%)
Epoch:3, Loss:0.8495 Val set: Average loss: 0.0146, Accuracy: 20992/50176 (42%)
Epoch:4, Loss:0.8601 Val set: Average loss: 0.0145, Accuracy: 19416/50176 (39%)
Epoch:5, Loss:0.8453 Val set: Average loss: 0.0145, Accuracy: 22248/50176 (44%)
Epoch:6, Loss:0.8606 Val set: Average loss: 0.0145, Accuracy: 22251/50176 (44%)
Epoch:7, Loss:0.8481 Val set: Average loss: 0.0144, Accuracy: 21698/50176 (43%)
Epoch:8, Loss:0.8471 Val set: Average loss: 0.0143, Accuracy: 20322/50176 (41%)
Epoch:9, Loss:0.8431 Val set: Average loss: 0.0141, Accuracy: 20629/50176 (41%)
Epoch:10, Loss:0.8212 Val set: Average loss: 0.0141, Accuracy: 23412/50176 (47%)
Epoch:11, Loss:0.7968 Val set: Average loss: 0.0140, Accuracy: 22471/50176 (45%)
Epoch:12, Loss:0.8160 Val set: Average loss: 0.0140, Accuracy: 22386/50176 (45%)
Epoch:13, Loss:0.7950 Val set: Average loss: 0.0139, Accuracy: 23072/50176 (46%)
Epoch:14, Loss:0.8231 Val set: Average loss: 0.0139, Accuracy: 24283/50176 (48%)
Epoch:15, Loss:0.8084 Val set: Average loss: 0.0139, Accuracy: 23682/50176 (47%)
Epoch:16, Loss:0.7904 Val set: Average loss: 0.0139, Accuracy: 23828/50176 (47%)
Epoch:17, Loss:0.7634 Val set: Average loss: 0.0139, Accuracy: 22689/50176 (45%)
Epoch:18, Loss:0.7616 Val set: Average loss: 0.0138, Accuracy: 23536/50176 (47%)
Epoch:19, Loss:0.7793 Val set: Average loss: 0.0138, Accuracy: 23871/50176 (48%)
Epoch:20, Loss:0.7495 Val set: Average loss: 0.0138, Accuracy: 24517/50176 (49%)
Epoch:21, Loss:0.7759 Val set: Average loss: 0.0137, Accuracy: 24901/50176 (50%)
Epoch:22, Loss:0.7533 Val set: Average loss: 0.0137, Accuracy: 23655/50176 (47%)
Epoch:23, Loss:0.7587 Val set: Average loss: 0.0137, Accuracy: 23624/50176 (47%)
Epoch:24, Loss:0.7723 Val set: Average loss: 0.0137, Accuracy: 25588/50176 (51%)
Epoch:25, Loss:0.7211 Val set: Average loss: 0.0137, Accuracy: 26048/50176 (52%)
Epoch:26, Loss:0.7313 Val set: Average loss: 0.0136, Accuracy: 24791/50176 (49%)
Epoch:27, Loss:0.7142 Val set: Average loss: 0.0136, Accuracy: 27090/50176 (54%)
Epoch:28, Loss:0.6985 Val set: Average loss: 0.0137, Accuracy: 25866/50176 (52%)
Epoch:29, Loss:0.6919 Val set: Average loss: 0.0136, Accuracy: 26267/50176 (52%)
Epoch:30, Loss:0.6934 Val set: Average loss: 0.0137, Accuracy: 26899/50176 (54%)
Epoch:31, Loss:0.6684 Val set: Average loss: 0.0136, Accuracy: 26074/50176 (52%)
Epoch:32, Loss:0.6503 Val set: Average loss: 0.0136, Accuracy: 26881/50176 (54%)
Epoch:33, Loss:0.6250 Val set: Average loss: 0.0135, Accuracy: 24298/50176 (48%)
Epoch:34, Loss:0.6141 Val set: Average loss: 0.0136, Accuracy: 28090/50176 (56%)
Epoch:35, Loss:0.5667 Val set: Average loss: 0.0137, Accuracy: 27354/50176 (55%)
Epoch:36, Loss:0.5950 Val set: Average loss: 0.0138, Accuracy: 27177/50176 (54%)
Epoch:37, Loss:0.5423 Val set: Average loss: 0.0138, Accuracy: 27522/50176 (55%)
Epoch:38, Loss:0.5185 Val set: Average loss: 0.0137, Accuracy: 26042/50176 (52%)
Epoch:39, Loss:0.4907 Val set: Average loss: 0.0138, Accuracy: 27482/50176 (55%)
Epoch:40, Loss:0.5300 Val set: Average loss: 0.0137, Accuracy: 27172/50176 (54%)
Epoch:41, Loss:0.4926 Val set: Average loss: 0.0138, Accuracy: 26211/50176 (52%)
Epoch:42, Loss:0.5016 Val set: Average loss: 0.0138, Accuracy: 24073/50176 (48%)
Epoch:43, Loss:0.4833 Val set: Average loss: 0.0137, Accuracy: 25664/50176 (51%)
Epoch:44, Loss:0.4918 Val set: Average loss: 0.0136, Accuracy: 26381/50176 (53%)
Epoch:45, Loss:0.4550 Val set: Average loss: 0.0137, Accuracy: 26284/50176 (52%)
Epoch:46, Loss:0.4726 Val set: Average loss: 0.0137, Accuracy: 26811/50176 (53%)
Epoch:47, Loss:0.4576 Val set: Average loss: 0.0139, Accuracy: 29888/50176 (60%)
Epoch:48, Loss:0.4463 Val set: Average loss: 0.0139, Accuracy: 29796/50176 (59%)
Epoch:49, Loss:0.4030 Val set: Average loss: 0.0139, Accuracy: 31187/50176 (62%)
Epoch:50, Loss:0.4137 Val set: Average loss: 0.0140, Accuracy: 30816/50176 (61%)
Epoch:51, Loss:0.4807 Val set: Average loss: 0.0139, Accuracy: 29755/50176 (59%)
Epoch:52, Loss:0.4691 Val set: Average loss: 0.0140, Accuracy: 29841/50176 (59%)
Epoch:53, Loss:0.3972 Val set: Average loss: 0.0139, Accuracy: 29021/50176 (58%)
Epoch:54, Loss:0.3860 Val set: Average loss: 0.0140, Accuracy: 29393/50176 (59%)
Epoch:55, Loss:0.3958 Val set: Average loss: 0.0140, Accuracy: 30428/50176 (61%)
Epoch:56, Loss:0.3958 Val set: Average loss: 0.0140, Accuracy: 29157/50176 (58%)
Epoch:57, Loss:0.4161 Val set: Average loss: 0.0140, Accuracy: 30440/50176 (61%)
Epoch:58, Loss:0.4395 Val set: Average loss: 0.0141, Accuracy: 30235/50176 (60%)
Epoch:59, Loss:0.3838 Val set: Average loss: 0.0140, Accuracy: 30559/50176 (61%)
Epoch:60, Loss:0.3979 Val set: Average loss: 0.0141, Accuracy: 31086/50176 (62%)
Epoch:61, Loss:0.3579 Val set: Average loss: 0.0141, Accuracy: 31927/50176 (64%)
Epoch:62, Loss:0.3702 Val set: Average loss: 0.0141, Accuracy: 32502/50176 (65%)
Epoch:63, Loss:0.3626 Val set: Average loss: 0.0142, Accuracy: 32218/50176 (64%)
Epoch:64, Loss:0.3536 Val set: Average loss: 0.0142, Accuracy: 32854/50176 (65%)
Epoch:65, Loss:0.3383 Val set: Average loss: 0.0142, Accuracy: 33341/50176 (66%)
Epoch:66, Loss:0.3396 Val set: Average loss: 0.0142, Accuracy: 33376/50176 (67%)
Epoch:67, Loss:0.3664 Val set: Average loss: 0.0142, Accuracy: 32410/50176 (65%)
Epoch:68, Loss:0.3423 Val set: Average loss: 0.0141, Accuracy: 31817/50176 (63%)
Epoch:69, Loss:0.3393 Val set: Average loss: 0.0142, Accuracy: 32506/50176 (65%)
Epoch:70, Loss:0.3438 Val set: Average loss: 0.0141, Accuracy: 30795/50176 (61%)
Epoch:71, Loss:0.3362 Val set: Average loss: 0.0142, Accuracy: 32375/50176 (65%)
Epoch:72, Loss:0.3536 Val set: Average loss: 0.0142, Accuracy: 32056/50176 (64%)
Epoch:73, Loss:0.3876 Val set: Average loss: 0.0142, Accuracy: 31528/50176 (63%)
Epoch:74, Loss:0.3602 Val set: Average loss: 0.0141, Accuracy: 30484/50176 (61%)
Epoch:75, Loss:0.3350 Val set: Average loss: 0.0141, Accuracy: 30767/50176 (61%)
Epoch:76, Loss:0.3582 Val set: Average loss: 0.0141, Accuracy: 31114/50176 (62%)
Epoch:77, Loss:0.3577 Val set: Average loss: 0.0141, Accuracy: 31361/50176 (63%)
Epoch:78, Loss:0.3554 Val set: Average loss: 0.0141, Accuracy: 30457/50176 (61%)
Epoch:79, Loss:0.4157 Val set: Average loss: 0.0141, Accuracy: 29931/50176 (60%)
Epoch:80, Loss:0.3601 Val set: Average loss: 0.0141, Accuracy: 29890/50176 (60%)
Epoch:81, Loss:0.3340 Val set: Average loss: 0.0141, Accuracy: 30695/50176 (61%)
Epoch:82, Loss:0.3224 Val set: Average loss: 0.0142, Accuracy: 31727/50176 (63%)
Epoch:83, Loss:0.3428 Val set: Average loss: 0.0142, Accuracy: 32198/50176 (64%)
Epoch:84, Loss:0.3313 Val set: Average loss: 0.0142, Accuracy: 30516/50176 (61%)
Epoch:85, Loss:0.3283 Val set: Average loss: 0.0141, Accuracy: 31225/50176 (62%)
Epoch:86, Loss:0.3233 Val set: Average loss: 0.0141, Accuracy: 32273/50176 (64%)
Epoch:87, Loss:0.3222 Val set: Average loss: 0.0142, Accuracy: 32785/50176 (65%)
Epoch:88, Loss:0.3244 Val set: Average loss: 0.0141, Accuracy: 31655/50176 (63%)
Epoch:89, Loss:0.3171 Val set: Average loss: 0.0141, Accuracy: 31811/50176 (63%)
Epoch:90, Loss:0.3179 Val set: Average loss: 0.0141, Accuracy: 31665/50176 (63%)
Epoch:91, Loss:0.3341 Val set: Average loss: 0.0142, Accuracy: 32833/50176 (65%)
Epoch:92, Loss:0.3447 Val set: Average loss: 0.0142, Accuracy: 31532/50176 (63%)
Epoch:93, Loss:0.3183 Val set: Average loss: 0.0142, Accuracy: 31995/50176 (64%)
Epoch:94, Loss:0.3142 Val set: Average loss: 0.0141, Accuracy: 31943/50176 (64%)
Epoch:95, Loss:0.3237 Val set: Average loss: 0.0142, Accuracy: 31572/50176 (63%)
Epoch:96, Loss:0.3264 Val set: Average loss: 0.0142, Accuracy: 32066/50176 (64%)
Epoch:97, Loss:0.3483 Val set: Average loss: 0.0143, Accuracy: 32483/50176 (65%)
Epoch:98, Loss:0.3562 Val set: Average loss: 0.0142, Accuracy: 31663/50176 (63%)
Epoch:99, Loss:0.3291 Val set: Average loss: 0.0142, Accuracy: 31271/50176 (62%)
Epoch:100, Loss:0.3185 Val set: Average loss: 0.0143, Accuracy: 33103/50176 (66%)
Training time: 446335:09:21.27