Skip(
  (down1): Sequential(
    (0): Conv2d(3, 64, kernel_size=(3, 3), stride=(2, 2), padding=(1, 1))
    (1): LeakyReLU(negative_slope=0.01)
    (2): BatchNorm2d(64, eps=1e-05, momentum=0.1, affine=True, track_running_stats=True)
    (3): Dropout2d(p=0.5, inplace=False)
  )
  (down2): Sequential(
    (0): Conv2d(64, 128, kernel_size=(3, 3), stride=(2, 2), padding=(1, 1))
    (1): LeakyReLU(negative_slope=0.01)
    (2): BatchNorm2d(128, eps=1e-05, momentum=0.1, affine=True, track_running_stats=True)
    (3): Dropout2d(p=0.5, inplace=False)
  )
  (down3): Sequential(
    (0): Conv2d(128, 256, kernel_size=(3, 3), stride=(2, 2), padding=(1, 1))
    (1): LeakyReLU(negative_slope=0.01)
    (2): BatchNorm2d(256, eps=1e-05, momentum=0.1, affine=True, track_running_stats=True)
    (3): Dropout2d(p=0.5, inplace=False)
  )
  (down4): Sequential(
    (0): Conv2d(256, 512, kernel_size=(3, 3), stride=(2, 2), padding=(1, 1))
    (1): LeakyReLU(negative_slope=0.01)
    (2): BatchNorm2d(512, eps=1e-05, momentum=0.1, affine=True, track_running_stats=True)
    (3): Dropout2d(p=0.5, inplace=False)
  )
  (up4): Sequential(
    (0): ConvTranspose2d(512, 256, kernel_size=(3, 3), stride=(2, 2), padding=(1, 1), output_padding=(1, 1))
    (1): LeakyReLU(negative_slope=0.01)
    (2): Dropout2d(p=0.5, inplace=False)
  )
  (up3): Sequential(
    (0): ConvTranspose2d(256, 128, kernel_size=(3, 3), stride=(2, 2), padding=(1, 1), output_padding=(1, 1))
    (1): LeakyReLU(negative_slope=0.01)
    (2): Dropout2d(p=0.5, inplace=False)
  )
  (up2): Sequential(
    (0): ConvTranspose2d(128, 64, kernel_size=(3, 3), stride=(2, 2), padding=(1, 1), output_padding=(1, 1))
    (1): LeakyReLU(negative_slope=0.01)
    (2): Dropout2d(p=0.5, inplace=False)
  )
  (up1): Sequential(
    (0): ConvTranspose2d(64, 21, kernel_size=(3, 3), stride=(2, 2), padding=(1, 1), output_padding=(1, 1))
  )
)
Criterion: DiceLoss()
Optimizer: Adam (
Parameter Group 0
    amsgrad: False
    betas: (0.9, 0.999)
    eps: 1e-08
    lr: 0.01
    weight_decay: 1e-05
)
Learning Rate: 0.01
Weight Decay: 1e-05
Batch Size: 10
Epochs: 100
-----------------------
Epoch:1, Loss:0.9604 Val set: Average loss: 0.0149, Accuracy: 32330/50176 (64%)
Epoch:2, Loss:0.9745 Val set: Average loss: 0.0148, Accuracy: 28686/50176 (57%)
Epoch:3, Loss:0.9909 Val set: Average loss: 0.0152, Accuracy: 8491/50176 (17%)
Epoch:4, Loss:0.9694 Val set: Average loss: 0.0148, Accuracy: 29196/50176 (58%)
Epoch:5, Loss:0.9686 Val set: Average loss: 0.0148, Accuracy: 30051/50176 (60%)
Epoch:6, Loss:0.9684 Val set: Average loss: 0.0147, Accuracy: 30261/50176 (60%)
Epoch:7, Loss:0.9685 Val set: Average loss: 0.0147, Accuracy: 29889/50176 (60%)
Epoch:8, Loss:0.9678 Val set: Average loss: 0.0147, Accuracy: 28359/50176 (57%)
Epoch:9, Loss:0.9697 Val set: Average loss: 0.0147, Accuracy: 25502/50176 (51%)
Epoch:10, Loss:0.9686 Val set: Average loss: 0.0146, Accuracy: 26909/50176 (54%)
Epoch:11, Loss:0.9685 Val set: Average loss: 0.0146, Accuracy: 27425/50176 (55%)
Epoch:12, Loss:0.9676 Val set: Average loss: 0.0146, Accuracy: 27789/50176 (55%)
Epoch:13, Loss:0.9676 Val set: Average loss: 0.0146, Accuracy: 27966/50176 (56%)
Epoch:14, Loss:0.9690 Val set: Average loss: 0.0146, Accuracy: 26337/50176 (52%)
Epoch:15, Loss:0.9698 Val set: Average loss: 0.0146, Accuracy: 24466/50176 (49%)
Epoch:16, Loss:0.9689 Val set: Average loss: 0.0146, Accuracy: 27738/50176 (55%)
Epoch:17, Loss:0.9723 Val set: Average loss: 0.0146, Accuracy: 24305/50176 (48%)
Epoch:18, Loss:0.9723 Val set: Average loss: 0.0146, Accuracy: 25308/50176 (50%)
Epoch:19, Loss:0.9707 Val set: Average loss: 0.0146, Accuracy: 25579/50176 (51%)
Epoch:20, Loss:0.9686 Val set: Average loss: 0.0146, Accuracy: 26927/50176 (54%)
Epoch:21, Loss:0.9677 Val set: Average loss: 0.0146, Accuracy: 27447/50176 (55%)
Epoch:22, Loss:0.9678 Val set: Average loss: 0.0146, Accuracy: 26302/50176 (52%)
Epoch:23, Loss:0.9681 Val set: Average loss: 0.0145, Accuracy: 28004/50176 (56%)
Epoch:24, Loss:0.9687 Val set: Average loss: 0.0146, Accuracy: 25372/50176 (51%)
Epoch:25, Loss:0.9687 Val set: Average loss: 0.0146, Accuracy: 25215/50176 (50%)
Epoch:26, Loss:0.9706 Val set: Average loss: 0.0146, Accuracy: 24469/50176 (49%)
Epoch:27, Loss:0.9709 Val set: Average loss: 0.0146, Accuracy: 23907/50176 (48%)
Epoch:28, Loss:0.9696 Val set: Average loss: 0.0145, Accuracy: 26077/50176 (52%)
Epoch:29, Loss:0.9688 Val set: Average loss: 0.0145, Accuracy: 26491/50176 (53%)
Epoch:30, Loss:0.9694 Val set: Average loss: 0.0146, Accuracy: 25213/50176 (50%)
Epoch:31, Loss:0.9695 Val set: Average loss: 0.0145, Accuracy: 26194/50176 (52%)
Epoch:32, Loss:0.9697 Val set: Average loss: 0.0145, Accuracy: 26101/50176 (52%)
Epoch:33, Loss:0.9715 Val set: Average loss: 0.0146, Accuracy: 24104/50176 (48%)
Epoch:34, Loss:0.9694 Val set: Average loss: 0.0145, Accuracy: 25962/50176 (52%)
Epoch:35, Loss:0.9682 Val set: Average loss: 0.0145, Accuracy: 25201/50176 (50%)
Epoch:36, Loss:0.9680 Val set: Average loss: 0.0145, Accuracy: 26931/50176 (54%)
Epoch:37, Loss:0.9695 Val set: Average loss: 0.0145, Accuracy: 26203/50176 (52%)
Epoch:38, Loss:0.9708 Val set: Average loss: 0.0145, Accuracy: 25478/50176 (51%)
Epoch:39, Loss:0.9649 Val set: Average loss: 0.0145, Accuracy: 28498/50176 (57%)
Epoch:40, Loss:0.9705 Val set: Average loss: 0.0145, Accuracy: 25772/50176 (51%)
Epoch:41, Loss:0.9713 Val set: Average loss: 0.0145, Accuracy: 24707/50176 (49%)
Epoch:42, Loss:0.9707 Val set: Average loss: 0.0145, Accuracy: 24806/50176 (49%)
Epoch:43, Loss:0.9698 Val set: Average loss: 0.0145, Accuracy: 24858/50176 (50%)
Epoch:44, Loss:0.9708 Val set: Average loss: 0.0145, Accuracy: 23535/50176 (47%)
Epoch:45, Loss:0.9679 Val set: Average loss: 0.0145, Accuracy: 26446/50176 (53%)
Epoch:46, Loss:0.9695 Val set: Average loss: 0.0145, Accuracy: 23611/50176 (47%)
Epoch:47, Loss:0.9678 Val set: Average loss: 0.0145, Accuracy: 27148/50176 (54%)
Epoch:48, Loss:0.9677 Val set: Average loss: 0.0145, Accuracy: 26899/50176 (54%)
Epoch:49, Loss:0.9686 Val set: Average loss: 0.0145, Accuracy: 26628/50176 (53%)
Epoch:50, Loss:0.9631 Val set: Average loss: 0.0146, Accuracy: 31772/50176 (63%)
Epoch:51, Loss:0.9652 Val set: Average loss: 0.0145, Accuracy: 28458/50176 (57%)
Epoch:52, Loss:0.9666 Val set: Average loss: 0.0145, Accuracy: 28552/50176 (57%)
Epoch:53, Loss:0.9656 Val set: Average loss: 0.0145, Accuracy: 28576/50176 (57%)
Epoch:54, Loss:0.9708 Val set: Average loss: 0.0145, Accuracy: 23535/50176 (47%)
Epoch:55, Loss:0.9679 Val set: Average loss: 0.0145, Accuracy: 26446/50176 (53%)
Epoch:56, Loss:0.9695 Val set: Average loss: 0.0145, Accuracy: 23611/50176 (47%)
Epoch:57, Loss:0.9678 Val set: Average loss: 0.0145, Accuracy: 27148/50176 (54%)
Epoch:58, Loss:0.9677 Val set: Average loss: 0.0145, Accuracy: 26899/50176 (54%)
Epoch:59, Loss:0.9686 Val set: Average loss: 0.0145, Accuracy: 26628/50176 (53%)
Epoch:60, Loss:0.9631 Val set: Average loss: 0.0146, Accuracy: 31772/50176 (63%)
Epoch:61, Loss:0.9652 Val set: Average loss: 0.0145, Accuracy: 28458/50176 (57%)
Epoch:62, Loss:0.9666 Val set: Average loss: 0.0145, Accuracy: 28552/50176 (57%)
Epoch:63, Loss:0.9656 Val set: Average loss: 0.0145, Accuracy: 28576/50176 (57%)
Epoch:64, Loss:0.9708 Val set: Average loss: 0.0145, Accuracy: 23535/50176 (47%)
Epoch:65, Loss:0.9679 Val set: Average loss: 0.0145, Accuracy: 26446/50176 (53%)
Epoch:66, Loss:0.9695 Val set: Average loss: 0.0145, Accuracy: 23611/50176 (47%)
Epoch:67, Loss:0.9678 Val set: Average loss: 0.0145, Accuracy: 27148/50176 (54%)
Epoch:68, Loss:0.9677 Val set: Average loss: 0.0145, Accuracy: 26899/50176 (54%)
Epoch:69, Loss:0.9686 Val set: Average loss: 0.0145, Accuracy: 26628/50176 (53%)
Epoch:70, Loss:0.9631 Val set: Average loss: 0.0146, Accuracy: 31772/50176 (63%)
Epoch:71, Loss:0.9652 Val set: Average loss: 0.0145, Accuracy: 28458/50176 (57%)
Epoch:72, Loss:0.9666 Val set: Average loss: 0.0145, Accuracy: 28552/50176 (57%)
Epoch:73, Loss:0.9656 Val set: Average loss: 0.0145, Accuracy: 28576/50176 (57%)
Epoch:74, Loss:0.9708 Val set: Average loss: 0.0145, Accuracy: 23535/50176 (47%)
Epoch:75, Loss:0.9679 Val set: Average loss: 0.0145, Accuracy: 26446/50176 (53%)
Epoch:76, Loss:0.9695 Val set: Average loss: 0.0145, Accuracy: 23611/50176 (47%)
Epoch:77, Loss:0.9678 Val set: Average loss: 0.0145, Accuracy: 27148/50176 (54%)
Epoch:78, Loss:0.9677 Val set: Average loss: 0.0145, Accuracy: 26899/50176 (54%)
Epoch:79, Loss:0.9686 Val set: Average loss: 0.0145, Accuracy: 26628/50176 (53%)
Epoch:80, Loss:0.9631 Val set: Average loss: 0.0146, Accuracy: 31772/50176 (63%)
Epoch:81, Loss:0.9652 Val set: Average loss: 0.0145, Accuracy: 28458/50176 (57%)
Epoch:82, Loss:0.9666 Val set: Average loss: 0.0145, Accuracy: 28552/50176 (57%)
Epoch:83, Loss:0.9656 Val set: Average loss: 0.0145, Accuracy: 28576/50176 (57%)
Epoch:84, Loss:0.9708 Val set: Average loss: 0.0145, Accuracy: 23535/50176 (47%)
Epoch:85, Loss:0.9679 Val set: Average loss: 0.0145, Accuracy: 26446/50176 (53%)
Epoch:86, Loss:0.9695 Val set: Average loss: 0.0145, Accuracy: 23611/50176 (47%)
Epoch:87, Loss:0.9678 Val set: Average loss: 0.0145, Accuracy: 27148/50176 (54%)
Epoch:88, Loss:0.9677 Val set: Average loss: 0.0145, Accuracy: 26899/50176 (54%)
Epoch:89, Loss:0.9686 Val set: Average loss: 0.0145, Accuracy: 26628/50176 (53%)
Epoch:90, Loss:0.9631 Val set: Average loss: 0.0146, Accuracy: 31772/50176 (63%)
Epoch:91, Loss:0.9652 Val set: Average loss: 0.0145, Accuracy: 28458/50176 (57%)
Epoch:92, Loss:0.9666 Val set: Average loss: 0.0145, Accuracy: 28552/50176 (57%)
Epoch:93, Loss:0.9656 Val set: Average loss: 0.0145, Accuracy: 28576/50176 (57%)
Epoch:94, Loss:0.9708 Val set: Average loss: 0.0145, Accuracy: 23535/50176 (47%)
Epoch:95, Loss:0.9679 Val set: Average loss: 0.0145, Accuracy: 26446/50176 (53%)
Epoch:96, Loss:0.9695 Val set: Average loss: 0.0145, Accuracy: 23611/50176 (47%)
Epoch:97, Loss:0.9678 Val set: Average loss: 0.0145, Accuracy: 27148/50176 (54%)
Epoch:98, Loss:0.9677 Val set: Average loss: 0.0145, Accuracy: 26899/50176 (54%)
Epoch:99, Loss:0.9686 Val set: Average loss: 0.0145, Accuracy: 26628/50176 (53%)
Epoch:100, Loss:0.9631 Val set: Average loss: 0.0146, Accuracy: 31772/50176 (63%)
Training time: 446335:09:21.27
