Skip(
  (down1): Sequential(
    (0): Conv2d(3, 64, kernel_size=(3, 3), stride=(2, 2), padding=(1, 1))
    (1): LeakyReLU(negative_slope=0.01)
    (2): BatchNorm2d(64, eps=1e-05, momentum=0.1, affine=True, track_running_stats=True)
    (3): Dropout2d(p=0.5, inplace=False)
  )
  (down2): Sequential(
    (0): Conv2d(64, 128, kernel_size=(3, 3), stride=(2, 2), padding=(1, 1))
    (1): LeakyReLU(negative_slope=0.01)
    (2): BatchNorm2d(128, eps=1e-05, momentum=0.1, affine=True, track_running_stats=True)
    (3): Dropout2d(p=0.5, inplace=False)
  )
  (down3): Sequential(
    (0): Conv2d(128, 256, kernel_size=(3, 3), stride=(2, 2), padding=(1, 1))
    (1): LeakyReLU(negative_slope=0.01)
    (2): BatchNorm2d(256, eps=1e-05, momentum=0.1, affine=True, track_running_stats=True)
    (3): Dropout2d(p=0.5, inplace=False)
  )
  (down4): Sequential(
    (0): Conv2d(256, 512, kernel_size=(3, 3), stride=(2, 2), padding=(1, 1))
    (1): LeakyReLU(negative_slope=0.01)
    (2): BatchNorm2d(512, eps=1e-05, momentum=0.1, affine=True, track_running_stats=True)
    (3): Dropout2d(p=0.5, inplace=False)
  )
  (up4): Sequential(
    (0): ConvTranspose2d(512, 256, kernel_size=(3, 3), stride=(2, 2), padding=(1, 1), output_padding=(1, 1))
    (1): LeakyReLU(negative_slope=0.01)
    (2): Dropout2d(p=0.5, inplace=False)
  )
  (up3): Sequential(
    (0): ConvTranspose2d(256, 128, kernel_size=(3, 3), stride=(2, 2), padding=(1, 1), output_padding=(1, 1))
    (1): LeakyReLU(negative_slope=0.01)
    (2): Dropout2d(p=0.5, inplace=False)
  )
  (up2): Sequential(
    (0): ConvTranspose2d(128, 64, kernel_size=(3, 3), stride=(2, 2), padding=(1, 1), output_padding=(1, 1))
    (1): LeakyReLU(negative_slope=0.01)
    (2): Dropout2d(p=0.5, inplace=False)
  )
  (up1): Sequential(
    (0): ConvTranspose2d(64, 21, kernel_size=(3, 3), stride=(2, 2), padding=(1, 1), output_padding=(1, 1))
  )
)
Criterion: FocalLoss(
  (CE_loss): CrossEntropyLoss()
)
Optimizer: Adam (
Parameter Group 0
    amsgrad: False
    betas: (0.9, 0.999)
    eps: 1e-08
    lr: 0.001
    weight_decay: 1e-05
)
Learning Rate: 0.001
Weight Decay: 1e-05
Batch Size: 10
Epochs: 100
-----------------------
Epoch:1, Loss:0.9744 Val set: Average loss: 0.0154, Accuracy: 36725/50176 (73%)
Epoch:2, Loss:0.8601 Val set: Average loss: 0.0148, Accuracy: 36706/50176 (73%)
Epoch:3, Loss:0.8638 Val set: Average loss: 0.0141, Accuracy: 36761/50176 (73%)
Epoch:4, Loss:0.8076 Val set: Average loss: 0.0139, Accuracy: 36683/50176 (73%)
Epoch:5, Loss:0.7942 Val set: Average loss: 0.0141, Accuracy: 36508/50176 (73%)
Epoch:6, Loss:0.7803 Val set: Average loss: 0.0137, Accuracy: 36709/50176 (73%)
Epoch:7, Loss:0.7597 Val set: Average loss: 0.0138, Accuracy: 36396/50176 (73%)
Epoch:8, Loss:0.7785 Val set: Average loss: 0.0135, Accuracy: 36528/50176 (73%)
Epoch:9, Loss:0.7715 Val set: Average loss: 0.0136, Accuracy: 36433/50176 (73%)
Epoch:10, Loss:0.7170 Val set: Average loss: 0.0133, Accuracy: 36393/50176 (73%)
Epoch:11, Loss:0.6739 Val set: Average loss: 0.0133, Accuracy: 36534/50176 (73%)
Epoch:12, Loss:0.6899 Val set: Average loss: 0.0131, Accuracy: 36705/50176 (73%)
Epoch:13, Loss:0.6851 Val set: Average loss: 0.0127, Accuracy: 36777/50176 (73%)
Epoch:14, Loss:0.6340 Val set: Average loss: 0.0129, Accuracy: 36596/50176 (73%)
Epoch:15, Loss:0.6200 Val set: Average loss: 0.0129, Accuracy: 36597/50176 (73%)
Epoch:16, Loss:0.5923 Val set: Average loss: 0.0129, Accuracy: 36545/50176 (73%)
Epoch:17, Loss:0.5882 Val set: Average loss: 0.0131, Accuracy: 36103/50176 (72%)
Epoch:18, Loss:0.5374 Val set: Average loss: 0.0132, Accuracy: 35880/50176 (72%)
Epoch:19, Loss:0.5493 Val set: Average loss: 0.0131, Accuracy: 36370/50176 (72%)
Epoch:20, Loss:0.5639 Val set: Average loss: 0.0132, Accuracy: 36087/50176 (72%)
Epoch:21, Loss:0.5108 Val set: Average loss: 0.0132, Accuracy: 36035/50176 (72%)
Epoch:22, Loss:0.4955 Val set: Average loss: 0.0134, Accuracy: 35858/50176 (71%)
Epoch:23, Loss:0.4521 Val set: Average loss: 0.0134, Accuracy: 35767/50176 (71%)
Epoch:24, Loss:0.4462 Val set: Average loss: 0.0134, Accuracy: 36006/50176 (72%)
Epoch:25, Loss:0.4089 Val set: Average loss: 0.0142, Accuracy: 35645/50176 (71%)
Epoch:26, Loss:0.3618 Val set: Average loss: 0.0142, Accuracy: 36050/50176 (72%)
Epoch:27, Loss:0.3848 Val set: Average loss: 0.0148, Accuracy: 35727/50176 (71%)
Epoch:28, Loss:0.3474 Val set: Average loss: 0.0150, Accuracy: 35729/50176 (71%)
Epoch:29, Loss:0.3414 Val set: Average loss: 0.0150, Accuracy: 35740/50176 (71%)
Epoch:30, Loss:0.3766 Val set: Average loss: 0.0159, Accuracy: 35760/50176 (71%)
Epoch:31, Loss:0.3039 Val set: Average loss: 0.0162, Accuracy: 35382/50176 (71%)
Epoch:32, Loss:0.3381 Val set: Average loss: 0.0168, Accuracy: 35600/50176 (71%)
Epoch:33, Loss:0.2478 Val set: Average loss: 0.0178, Accuracy: 36096/50176 (72%)
Epoch:34, Loss:0.2522 Val set: Average loss: 0.0189, Accuracy: 35010/50176 (70%)
Epoch:35, Loss:0.2899 Val set: Average loss: 0.0172, Accuracy: 34601/50176 (69%)
Epoch:36, Loss:0.2630 Val set: Average loss: 0.0175, Accuracy: 34746/50176 (69%)
Epoch:37, Loss:0.2625 Val set: Average loss: 0.0199, Accuracy: 33936/50176 (68%)
Epoch:38, Loss:0.2081 Val set: Average loss: 0.0203, Accuracy: 35075/50176 (70%)
Epoch:39, Loss:0.2051 Val set: Average loss: 0.0201, Accuracy: 35694/50176 (71%)
Epoch:40, Loss:0.2254 Val set: Average loss: 0.0214, Accuracy: 35470/50176 (71%)
Epoch:41, Loss:0.1599 Val set: Average loss: 0.0208, Accuracy: 34854/50176 (69%)
Epoch:42, Loss:0.1621 Val set: Average loss: 0.0214, Accuracy: 35304/50176 (70%)
Epoch:43, Loss:0.1577 Val set: Average loss: 0.0224, Accuracy: 35171/50176 (70%)
Epoch:44, Loss:0.2039 Val set: Average loss: 0.0224, Accuracy: 34991/50176 (70%)
Epoch:45, Loss:0.1503 Val set: Average loss: 0.0224, Accuracy: 34692/50176 (69%)
Epoch:46, Loss:0.1710 Val set: Average loss: 0.0228, Accuracy: 34255/50176 (68%)
Epoch:47, Loss:0.1712 Val set: Average loss: 0.0221, Accuracy: 34853/50176 (69%)
Epoch:48, Loss:0.1627 Val set: Average loss: 0.0217, Accuracy: 34910/50176 (70%)
Epoch:49, Loss:0.0752 Val set: Average loss: 0.0236, Accuracy: 35491/50176 (71%)
Epoch:50, Loss:0.1083 Val set: Average loss: 0.0222, Accuracy: 35013/50176 (70%)
Epoch:51, Loss:0.1195 Val set: Average loss: 0.0224, Accuracy: 34488/50176 (69%)
Epoch:52, Loss:0.1132 Val set: Average loss: 0.0235, Accuracy: 34593/50176 (69%)
Epoch:53, Loss:0.0743 Val set: Average loss: 0.0243, Accuracy: 34919/50176 (70%)
Epoch:54, Loss:0.1094 Val set: Average loss: 0.0250, Accuracy: 34562/50176 (69%)
Epoch:55, Loss:0.0999 Val set: Average loss: 0.0248, Accuracy: 34623/50176 (69%)
Epoch:56, Loss:0.0752 Val set: Average loss: 0.0246, Accuracy: 34929/50176 (70%)
Epoch:57, Loss:0.0655 Val set: Average loss: 0.0243, Accuracy: 34556/50176 (69%)
Epoch:58, Loss:0.1108 Val set: Average loss: 0.0246, Accuracy: 34085/50176 (68%)
Epoch:59, Loss:0.1305 Val set: Average loss: 0.0232, Accuracy: 35036/50176 (70%)
Epoch:60, Loss:0.0841 Val set: Average loss: 0.0219, Accuracy: 35409/50176 (71%)
Epoch:61, Loss:0.0825 Val set: Average loss: 0.0240, Accuracy: 35417/50176 (71%)
Epoch:62, Loss:0.0700 Val set: Average loss: 0.0235, Accuracy: 34838/50176 (69%)
Epoch:63, Loss:0.0967 Val set: Average loss: 0.0239, Accuracy: 33579/50176 (67%)
Epoch:64, Loss:0.0439 Val set: Average loss: 0.0250, Accuracy: 33999/50176 (68%)
Epoch:65, Loss:0.0546 Val set: Average loss: 0.0253, Accuracy: 34663/50176 (69%)
Epoch:66, Loss:0.0582 Val set: Average loss: 0.0246, Accuracy: 35019/50176 (70%)
Epoch:67, Loss:0.0703 Val set: Average loss: 0.0256, Accuracy: 35513/50176 (71%)
Epoch:68, Loss:0.0340 Val set: Average loss: 0.0268, Accuracy: 35220/50176 (70%)
Epoch:69, Loss:0.0338 Val set: Average loss: 0.0266, Accuracy: 35233/50176 (70%)
Epoch:70, Loss:0.0423 Val set: Average loss: 0.0263, Accuracy: 33492/50176 (67%)
Epoch:71, Loss:0.0353 Val set: Average loss: 0.0256, Accuracy: 34680/50176 (69%)
Epoch:72, Loss:0.0601 Val set: Average loss: 0.0266, Accuracy: 34958/50176 (70%)
Epoch:73, Loss:0.0436 Val set: Average loss: 0.0274, Accuracy: 35260/50176 (70%)
Epoch:74, Loss:0.0394 Val set: Average loss: 0.0278, Accuracy: 35688/50176 (71%)
Epoch:75, Loss:0.0479 Val set: Average loss: 0.0274, Accuracy: 35028/50176 (70%)
Epoch:76, Loss:0.0435 Val set: Average loss: 0.0275, Accuracy: 34232/50176 (68%)
Epoch:77, Loss:0.0346 Val set: Average loss: 0.0294, Accuracy: 34624/50176 (69%)
Epoch:78, Loss:0.0409 Val set: Average loss: 0.0276, Accuracy: 35391/50176 (71%)
Epoch:79, Loss:0.0455 Val set: Average loss: 0.0275, Accuracy: 34933/50176 (70%)
Epoch:80, Loss:0.0377 Val set: Average loss: 0.0272, Accuracy: 33545/50176 (67%)
Epoch:81, Loss:0.0451 Val set: Average loss: 0.0292, Accuracy: 33560/50176 (67%)
Epoch:82, Loss:0.0407 Val set: Average loss: 0.0273, Accuracy: 34650/50176 (69%)
Epoch:83, Loss:0.1036 Val set: Average loss: 0.0276, Accuracy: 35698/50176 (71%)
Epoch:84, Loss:0.0460 Val set: Average loss: 0.0267, Accuracy: 35811/50176 (71%)
Epoch:85, Loss:0.0300 Val set: Average loss: 0.0264, Accuracy: 35591/50176 (71%)
Epoch:86, Loss:0.0353 Val set: Average loss: 0.0280, Accuracy: 34990/50176 (70%)
Epoch:87, Loss:0.0385 Val set: Average loss: 0.0271, Accuracy: 33493/50176 (67%)
Epoch:88, Loss:0.0490 Val set: Average loss: 0.0267, Accuracy: 33400/50176 (67%)
Epoch:89, Loss:0.0539 Val set: Average loss: 0.0264, Accuracy: 34658/50176 (69%)
Epoch:90, Loss:0.0459 Val set: Average loss: 0.0284, Accuracy: 35838/50176 (71%)
Epoch:91, Loss:0.0317 Val set: Average loss: 0.0264, Accuracy: 35268/50176 (70%)
Epoch:92, Loss:0.0284 Val set: Average loss: 0.0271, Accuracy: 35037/50176 (70%)
Epoch:93, Loss:0.0218 Val set: Average loss: 0.0294, Accuracy: 35438/50176 (71%)
Epoch:94, Loss:0.0299 Val set: Average loss: 0.0303, Accuracy: 35588/50176 (71%)
Epoch:95, Loss:0.0259 Val set: Average loss: 0.0297, Accuracy: 35335/50176 (70%)
Epoch:96, Loss:0.0342 Val set: Average loss: 0.0278, Accuracy: 34559/50176 (69%)
Epoch:97, Loss:0.0220 Val set: Average loss: 0.0281, Accuracy: 34565/50176 (69%)
Epoch:98, Loss:0.0208 Val set: Average loss: 0.0275, Accuracy: 34899/50176 (70%)
Epoch:99, Loss:0.0558 Val set: Average loss: 0.0266, Accuracy: 33944/50176 (68%)
Epoch:100, Loss:0.0473 Val set: Average loss: 0.0262, Accuracy: 33251/50176 (66%)
Training time: 446334:44:27.16